<testsuites>
  <testsuite name="Forms.Candy.Api.InnerTransformationTests.dll" tests="1223" skipped="0" failures="0" errors="0" time="1095.8237381000015" timestamp="2024-11-02T08:32:21" hostname="runner-xwgvg2526-project-17358-concurrent-9-fvrbtobs" id="0" package="Forms.Candy.Api.InnerTransformationTests.dll">
    <properties />
    <testcase classname="Kontur.Forms.Candy.Api.InnerTransformationTests.Bases.StringExtensionsTests" name="StringExtensionsTests.SplitByLast_ContainsSeveralSymbols_Ok" time="0.0404590" />
    <testcase classname="Kontur.Forms.Candy.Api.InnerTransformationTests.Bases.StringExtensionsTests" name="StringExtensionsTests.SplitByLast_ContainsSymbol_ReturnBothParts" time="0.0006400" />
    <testcase classname="Kontur.Forms.Candy.Api.InnerTransformationTests.Bases.StringExtensionsTests" name="StringExtensionsTests.SplitByLast_NoSymbol_FirstPartIsEmpty" time="0.0007270" />
    <testcase classname="Kontur.Forms.Candy.Api.InnerTransformationTests.FufToInnerScenarioTests" name="FufToInnerScenarioTests./builds/forms/forms/candy.test.data/TestCases/Group19/1900301/фуф повэд" time="11.2726160" />
    <testcase classname="Kontur.Forms.Candy.Api.InnerTransformationTests.FufToInnerScenarioTests" name="FufToInnerScenarioTests./builds/forms/forms/candy.test.data/TestCases/Group19/1900301/1900301" time="11.2726680" />
    <testcase classname="Kontur.Forms.Candy.Api.InnerTransformationTests.FufToInnerScenarioTests" name="FufToInnerScenarioTests./builds/forms/forms/candy.test.data/TestCases/Group19/1900110/0.93 полностью заполненный" time="11.2717340" />
    <testcase classname="Kontur.Forms.Candy.Api.InnerTransformationTests.FufToInnerScenarioTests" name="FufToInnerScenarioTests./builds/forms/forms/candy.test.data/TestCases/Group19/1900301/withoutengwords" time="11.2727020" />
    <testcase classname="Kontur.Forms.Candy.Api.InnerTransformationTests.FufToInnerScenarioTests" name="FufToInnerScenarioTests./builds/forms/forms/candy.test.data/TestCases/Group19/1900107/fuf1" time="0.4513160" />
    <testcase classname="Kontur.Forms.Candy.Api.InnerTransformationTests.FufToInnerScenarioTests" name="FufToInnerScenarioTests./builds/forms/forms/candy.test.data/TestCases/Group19/1900110/fuf" time="0.4944210" />
    <testcase classname="Kontur.Forms.Candy.Api.InnerTransformationTests.FufToInnerScenarioTests" name="FufToInnerScenarioTests./builds/forms/forms/candy.test.data/TestCases/Group19/1900110/10fuf" time="0.4997170" />
    <testcase classname="Kontur.Forms.Candy.Api.InnerTransformationTests.FufToInnerScenarioTests" name="FufToInnerScenarioTests./builds/forms/forms/candy.test.data/TestCases/Group19/1900106/fuf_with_namespaces" time="0.2695490" />
    <testcase classname="Kontur.Forms.Candy.Api.InnerTransformationTests.FufToInnerScenarioTests" name="FufToInnerScenarioTests./builds/forms/forms/candy.test.data/TestCases/Group19/1900106/fuf_without_namespaces" time="0.2754070" />
    <testcase classname="Kontur.Forms.Candy.Api.InnerTransformationTests.InnerToFufScenarioTests" name="InnerToFufScenarioTests./builds/forms/forms/candy.test.data/TestCases/Group19/1900110/fuf" time="12.1120319" />
    <testcase classname="Kontur.Forms.Candy.Api.InnerTransformationTests.InnerToFufScenarioTests" name="InnerToFufScenarioTests./builds/forms/forms/candy.test.data/TestCases/Group19/1900301/1900301" time="12.1120750" />
    <testcase classname="Kontur.Forms.Candy.Api.InnerTransformationTests.InnerToFufScenarioTests" name="InnerToFufScenarioTests./builds/forms/forms/candy.test.data/TestCases/Group19/1900110/10fuf" time="12.1111870" />
    <testcase classname="Kontur.Forms.Candy.Api.InnerTransformationTests.InnerToFufScenarioTests" name="InnerToFufScenarioTests./builds/forms/forms/candy.test.data/TestCases/Group19/1900301/фуф повэд" time="12.1121150" />
    <testcase classname="Kontur.Forms.Candy.Api.InnerTransformationTests.InnerToFufScenarioTests" name="InnerToFufScenarioTests./builds/forms/forms/candy.test.data/TestCases/Group19/1900301/withoutengwords" time="12.1121250" />
    <testcase classname="Kontur.Forms.Candy.Api.InnerTransformationTests.InnerToFufScenarioTests" name="InnerToFufScenarioTests./builds/forms/forms/candy.test.data/TestCases/Group19/1900110/0.93 полностью заполненный" time="12.1136110" />
    <testcase classname="Kontur.Forms.Candy.Api.InnerTransformationTests.InnerToFufScenarioTests" name="InnerToFufScenarioTests./builds/forms/forms/candy.test.data/TestCases/Group19/1900107/fuf1" time="0.8410370" />
    <testcase classname="Kontur.Forms.Candy.Api.InnerTransformationTests.InnerToFufScenarioTests" name="InnerToFufScenarioTests./builds/forms/forms/candy.test.data/TestCases/Group19/1900106/fuf_with_namespaces" time="0.5273550" />
    <testcase classname="Kontur.Forms.Candy.Api.InnerTransformationTests.FufToInnerScenarioTests" name="FufToInnerScenarioTests./builds/forms/forms/candy.test.data/TestCases/Group19/1900105/fuf_without_namespaces" time="0.2603820" />
    <testcase classname="Kontur.Forms.Candy.Api.InnerTransformationTests.FufToInnerScenarioTests" name="FufToInnerScenarioTests./builds/forms/forms/candy.test.data/TestCases/Group19/1900105/fuf_with_namespaces" time="0.2719350" />
    <testcase classname="Kontur.Forms.Candy.Api.InnerTransformationTests.FufToInnerScenarioTests" name="FufToInnerScenarioTests./builds/forms/forms/candy.test.data/TestCases/Group19/1900109/0a5e7aaa-332c-487f-8dcb-cb05bb5047ed" time="0.3515490" />
    <testcase classname="Kontur.Forms.Candy.Api.InnerTransformationTests.FufToInnerScenarioTests" name="FufToInnerScenarioTests./builds/forms/forms/candy.test.data/TestCases/Group19/1900109/000b11c4-bc51-4967-9eb1-e76c28d17d65" time="0.3563870" />
    <testcase classname="Kontur.Forms.Candy.Api.InnerTransformationTests.InnerToFufScenarioTests" name="InnerToFufScenarioTests./builds/forms/forms/candy.test.data/TestCases/Group19/1900106/fuf_without_namespaces" time="0.5145030" />
    <testcase classname="Kontur.Forms.Candy.Api.InnerTransformationTests.FufToInnerScenarioTests" name="FufToInnerScenarioTests./builds/forms/forms/candy.test.data/TestCases/Group19/1900109/00b78033-cb8e-4195-a037-39bf7537a933" time="0.2792390" />
    <testcase classname="Kontur.Forms.Candy.Api.InnerTransformationTests.InnerToFufScenarioTests" name="InnerToFufScenarioTests./builds/forms/forms/candy.test.data/TestCases/Group19/1900105/fuf_without_namespaces" time="0.5510600" />
    <testcase classname="Kontur.Forms.Candy.Api.InnerTransformationTests.FufToInnerScenarioTests" name="FufToInnerScenarioTests./builds/forms/forms/candy.test.data/TestCases/Group19/1900109/1483de84-7895-4838-9da4-0da2bf2f6866" time="0.3280159" />
    <testcase classname="Kontur.Forms.Candy.Api.InnerTransformationTests.InnerToFufScenarioTests" name="InnerToFufScenarioTests./builds/forms/forms/candy.test.data/TestCases/Group19/1900109/000b11c4-bc51-4967-9eb1-e76c28d17d65" time="0.6524330" />
    <testcase classname="Kontur.Forms.Candy.Api.InnerTransformationTests.FufToInnerScenarioTests" name="FufToInnerScenarioTests./builds/forms/forms/candy.test.data/TestCases/Group19/1900109/c2004102-bc0f-4606-8c6a-ecc5da5bf822" time="0.3339970" />
    <testcase classname="Kontur.Forms.Candy.Api.InnerTransformationTests.InnerToFufScenarioTests" name="InnerToFufScenarioTests./builds/forms/forms/candy.test.data/TestCases/Group19/1900105/fuf_with_namespaces" time="0.8187850" />
    <testcase classname="Kontur.Forms.Candy.Api.InnerTransformationTests.InnerToFufScenarioTests" name="InnerToFufScenarioTests./builds/forms/forms/candy.test.data/TestCases/Group19/1900109/0a5e7aaa-332c-487f-8dcb-cb05bb5047ed" time="0.8269710" />
    <testcase classname="Kontur.Forms.Candy.Api.InnerTransformationTests.FufToInnerScenarioTests" name="FufToInnerScenarioTests./builds/forms/forms/candy.test.data/TestCases/Group19/1900109/8bf3ba5e-5811-452d-9d44-93f38e8c4fe7" time="0.5430830" />
    <testcase classname="Kontur.Forms.Candy.Api.InnerTransformationTests.InnerToFufScenarioTests" name="InnerToFufScenarioTests./builds/forms/forms/candy.test.data/TestCases/Group19/1900109/00b78033-cb8e-4195-a037-39bf7537a933" time="0.9320590" />
    <testcase classname="Kontur.Forms.Candy.Api.InnerTransformationTests.InnerToFufScenarioTests" name="InnerToFufScenarioTests./builds/forms/forms/candy.test.data/TestCases/Group19/1900109/c2004102-bc0f-4606-8c6a-ecc5da5bf822" time="0.8090000" />
    <testcase classname="Kontur.Forms.Candy.Api.InnerTransformationTests.InnerToFufScenarioTests" name="InnerToFufScenarioTests./builds/forms/forms/candy.test.data/TestCases/Group19/1900109/1483de84-7895-4838-9da4-0da2bf2f6866" time="0.9162220" />
    <testcase classname="Kontur.Forms.Candy.Api.InnerTransformationTests.FufToInnerScenarioTests" name="FufToInnerScenarioTests./builds/forms/forms/candy.test.data/TestCases/Group4/404602/404602_2019" time="0.5758910" />
    <testcase classname="Kontur.Forms.Candy.Api.InnerTransformationTests.FufToInnerScenarioTests" name="FufToInnerScenarioTests./builds/forms/forms/candy.test.data/TestCases/Group4/405102/405102fuf_curr" time="0.4727440" />
    <testcase classname="Kontur.Forms.Candy.Api.InnerTransformationTests.InnerToFufScenarioTests" name="InnerToFufScenarioTests./builds/forms/forms/candy.test.data/TestCases/Group19/1900109/8bf3ba5e-5811-452d-9d44-93f38e8c4fe7" time="0.7567790" />
    <testcase classname="Kontur.Forms.Candy.Api.InnerTransformationTests.FufToInnerScenarioTests" name="FufToInnerScenarioTests./builds/forms/forms/candy.test.data/TestCases/Group4/404602/aftermerge-fuf-check" time="0.7663630" />
    <testcase classname="Kontur.Forms.Candy.Api.InnerTransformationTests.FufToInnerScenarioTests" name="FufToInnerScenarioTests./builds/forms/forms/candy.test.data/TestCases/Group4/410105/410105 СОНКО" time="0.3477050" />
    <testcase classname="Kontur.Forms.Candy.Api.InnerTransformationTests.InnerToFufScenarioTests" name="InnerToFufScenarioTests./builds/forms/forms/candy.test.data/TestCases/Group4/404602/aftermerge-fuf-check" time="0.9270000" />
    <testcase classname="Kontur.Forms.Candy.Api.InnerTransformationTests.InnerToFufScenarioTests" name="InnerToFufScenarioTests./builds/forms/forms/candy.test.data/TestCases/Group4/404602/404602_2019" time="0.8740130" />
    <testcase classname="Kontur.Forms.Candy.Api.InnerTransformationTests.FufToInnerScenarioTests" name="FufToInnerScenarioTests./builds/forms/forms/candy.test.data/TestCases/Group4/420308/420308" time="0.3664360" />
    <testcase classname="Kontur.Forms.Candy.Api.InnerTransformationTests.FufToInnerScenarioTests" name="FufToInnerScenarioTests./builds/forms/forms/candy.test.data/TestCases/Group4/434002/434002_correctFuf_entity" time="0.3855150" />
    <testcase classname="Kontur.Forms.Candy.Api.InnerTransformationTests.FufToInnerScenarioTests" name="FufToInnerScenarioTests./builds/forms/forms/candy.test.data/TestCases/Group4/400408/400408fuf_curr" time="0.4451060" />
    <testcase classname="Kontur.Forms.Candy.Api.InnerTransformationTests.InnerToFufScenarioTests" name="InnerToFufScenarioTests./builds/forms/forms/candy.test.data/TestCases/Group4/405102/405102fuf_curr" time="0.6456140" />
    <testcase classname="Kontur.Forms.Candy.Api.InnerTransformationTests.InnerToFufScenarioTests" name="InnerToFufScenarioTests./builds/forms/forms/candy.test.data/TestCases/Group4/410105/410105 СОНКО" time="0.7660140" />
    <testcase classname="Kontur.Forms.Candy.Api.InnerTransformationTests.FufToInnerScenarioTests" name="FufToInnerScenarioTests./builds/forms/forms/candy.test.data/TestCases/Group4/409101/409101" time="0.5187900" />
    <testcase classname="Kontur.Forms.Candy.Api.InnerTransformationTests.FufToInnerScenarioTests" name="FufToInnerScenarioTests./builds/forms/forms/candy.test.data/TestCases/Group4/409101/409101fuf_curr" time="0.3910520" />
    <testcase classname="Kontur.Forms.Candy.Api.InnerTransformationTests.InnerToFufScenarioTests" name="InnerToFufScenarioTests./builds/forms/forms/candy.test.data/TestCases/Group4/420308/420308" time="0.7198830" />
    <testcase classname="Kontur.Forms.Candy.Api.InnerTransformationTests.FufToInnerScenarioTests" name="FufToInnerScenarioTests./builds/forms/forms/candy.test.data/TestCases/Group4/409101/aftermerge-fuf-check" time="0.3882580" />
    <testcase classname="Kontur.Forms.Candy.Api.InnerTransformationTests.InnerToFufScenarioTests" name="InnerToFufScenarioTests./builds/forms/forms/candy.test.data/TestCases/Group4/434002/434002_correctFuf_entity" time="0.7396800" />
    <testcase classname="Kontur.Forms.Candy.Api.InnerTransformationTests.FufToInnerScenarioTests" name="FufToInnerScenarioTests./builds/forms/forms/candy.test.data/TestCases/Group4/406606/406606" time="0.3673610" />
    <testcase classname="Kontur.Forms.Candy.Api.InnerTransformationTests.InnerToFufScenarioTests" name="InnerToFufScenarioTests./builds/forms/forms/candy.test.data/TestCases/Group4/409101/409101fuf_curr" time="0.7215480" />
    <testcase classname="Kontur.Forms.Candy.Api.InnerTransformationTests.InnerToFufScenarioTests" name="InnerToFufScenarioTests./builds/forms/forms/candy.test.data/TestCases/Group4/409101/409101" time="0.7905210" />
    <testcase classname="Kontur.Forms.Candy.Api.InnerTransformationTests.InnerToFufScenarioTests" name="InnerToFufScenarioTests./builds/forms/forms/candy.test.data/TestCases/Group4/400408/400408fuf_curr" time="1.1254970" />
    <testcase classname="Kontur.Forms.Candy.Api.InnerTransformationTests.InnerToFufScenarioTests" name="InnerToFufScenarioTests./builds/forms/forms/candy.test.data/TestCases/Group4/409101/aftermerge-fuf-check" time="0.7053730" />
    <testcase classname="Kontur.Forms.Candy.Api.InnerTransformationTests.FufToInnerScenarioTests" name="FufToInnerScenarioTests./builds/forms/forms/candy.test.data/TestCases/Group4/400708/400708" time="0.4662190" />
    <testcase classname="Kontur.Forms.Candy.Api.InnerTransformationTests.FufToInnerScenarioTests" name="FufToInnerScenarioTests./builds/forms/forms/candy.test.data/TestCases/Group4/426902/426902" time="0.3700110" />
    <testcase classname="Kontur.Forms.Candy.Api.InnerTransformationTests.InnerToFufScenarioTests" name="InnerToFufScenarioTests./builds/forms/forms/candy.test.data/TestCases/Group4/406606/406606" time="0.6177460" />
    <testcase classname="Kontur.Forms.Candy.Api.InnerTransformationTests.FufToInnerScenarioTests" name="FufToInnerScenarioTests./builds/forms/forms/candy.test.data/TestCases/Group4/406404/406404" time="0.3474810" />
    <testcase classname="Kontur.Forms.Candy.Api.InnerTransformationTests.InnerToFufScenarioTests" name="InnerToFufScenarioTests./builds/forms/forms/candy.test.data/TestCases/Group4/400708/400708" time="0.7239050" />
    <testcase classname="Kontur.Forms.Candy.Api.InnerTransformationTests.InnerToFufScenarioTests" name="InnerToFufScenarioTests./builds/forms/forms/candy.test.data/TestCases/Group4/426902/426902" time="0.6428120" />
    <testcase classname="Kontur.Forms.Candy.Api.InnerTransformationTests.FufToInnerScenarioTests" name="FufToInnerScenarioTests./builds/forms/forms/candy.test.data/TestCases/Group4/423203/NO_BUHOTCH_1001_1001_7224030406722401001_20180228_fc7c0657-aff4-45b8-ab47-f276dd22c7b5" time="0.6022620" />
    <testcase classname="Kontur.Forms.Candy.Api.InnerTransformationTests.InnerToFufScenarioTests" name="InnerToFufScenarioTests./builds/forms/forms/candy.test.data/TestCases/Group4/406404/406404" time="0.6148610" />
    <testcase classname="Kontur.Forms.Candy.Api.InnerTransformationTests.FufToInnerScenarioTests" name="FufToInnerScenarioTests./builds/forms/forms/candy.test.data/TestCases/Group4/423203/NO_BUHOTCH_1001_1001_7224030406722401001_20180228_fc7c0657-aff4-45b8-ab47-f276dd22c7b4" time="0.6270520" />
    <testcase classname="Kontur.Forms.Candy.Api.InnerTransformationTests.FufToInnerScenarioTests" name="FufToInnerScenarioTests./builds/forms/forms/candy.test.data/TestCases/Group4/423203/NO_BUHOTCH_1001_1001_7224030406722401001_20180228_fc7c0657-aff4-45b8-ab47-f276dd22c7b6" time="0.3785110" />
    <testcase classname="Kontur.Forms.Candy.Api.InnerTransformationTests.InnerToFufScenarioTests" name="InnerToFufScenarioTests./builds/forms/forms/candy.test.data/TestCases/Group4/423203/NO_BUHOTCH_1001_1001_7224030406722401001_20180228_fc7c0657-aff4-45b8-ab47-f276dd22c7b5" time="0.7440540" />
    <testcase classname="Kontur.Forms.Candy.Api.InnerTransformationTests.InnerToFufScenarioTests" name="InnerToFufScenarioTests./builds/forms/forms/candy.test.data/TestCases/Group4/423203/NO_BUHOTCH_1001_1001_7224030406722401001_20180228_fc7c0657-aff4-45b8-ab47-f276dd22c7b4" time="0.7228019" />
    <testcase classname="Kontur.Forms.Candy.Api.InnerTransformationTests.InnerToFufScenarioTests" name="InnerToFufScenarioTests./builds/forms/forms/candy.test.data/TestCases/Group4/423203/NO_BUHOTCH_1001_1001_7224030406722401001_20180228_fc7c0657-aff4-45b8-ab47-f276dd22c7b6" time="0.6989310" />
    <testcase classname="Kontur.Forms.Candy.Api.InnerTransformationTests.FufToInnerScenarioTests" name="FufToInnerScenarioTests./builds/forms/forms/candy.test.data/TestCases/Group4/410304/410304" time="0.2637100" />
    <testcase classname="Kontur.Forms.Candy.Api.InnerTransformationTests.InnerToFufScenarioTests" name="InnerToFufScenarioTests./builds/forms/forms/candy.test.data/TestCases/Group4/422701/aftermerge-fuf-check" time="0.7089780" />
    <testcase classname="Kontur.Forms.Candy.Api.InnerTransformationTests.FufToInnerScenarioTests" name="FufToInnerScenarioTests./builds/forms/forms/candy.test.data/TestCases/Group4/422701/aftermerge-fuf-check" time="0.4138220" />
    <testcase classname="Kontur.Forms.Candy.Api.InnerTransformationTests.InnerToFufScenarioTests" name="InnerToFufScenarioTests./builds/forms/forms/candy.test.data/TestCases/Group4/410304/410304" time="0.8175530" />
    <testcase classname="Kontur.Forms.Candy.Api.InnerTransformationTests.FufToInnerScenarioTests" name="FufToInnerScenarioTests./builds/forms/forms/candy.test.data/TestCases/Group4/410703/410703" time="0.5651510" />
    <testcase classname="Kontur.Forms.Candy.Api.InnerTransformationTests.FufToInnerScenarioTests" name="FufToInnerScenarioTests./builds/forms/forms/candy.test.data/TestCases/Group4/415604/file_me" time="0.5961570" />
    <testcase classname="Kontur.Forms.Candy.Api.InnerTransformationTests.FufToInnerScenarioTests" name="FufToInnerScenarioTests./builds/forms/forms/candy.test.data/TestCases/Group4/408803/408803" time="1.0523960" />
    <testcase classname="Kontur.Forms.Candy.Api.InnerTransformationTests.FufToInnerScenarioTests" name="FufToInnerScenarioTests./builds/forms/forms/candy.test.data/TestCases/Group4/415604/415604" time="0.9203550" />
    <testcase classname="Kontur.Forms.Candy.Api.InnerTransformationTests.FufToInnerScenarioTests" name="FufToInnerScenarioTests./builds/forms/forms/candy.test.data/TestCases/Group4/410203/410203" time="0.5305970" />
    <testcase classname="Kontur.Forms.Candy.Api.InnerTransformationTests.InnerToFufScenarioTests" name="InnerToFufScenarioTests./builds/forms/forms/candy.test.data/TestCases/Group4/410703/410703" time="1.0847760" />
    <testcase classname="Kontur.Forms.Candy.Api.InnerTransformationTests.FufToInnerScenarioTests" name="FufToInnerScenarioTests./builds/forms/forms/candy.test.data/TestCases/Group4/414305/414305" time="0.3716100" />
    <testcase classname="Kontur.Forms.Candy.Api.InnerTransformationTests.InnerToFufScenarioTests" name="InnerToFufScenarioTests./builds/forms/forms/candy.test.data/TestCases/Group4/415604/415604" time="1.0985420" />
    <testcase classname="Kontur.Forms.Candy.Api.InnerTransformationTests.InnerToFufScenarioTests" name="InnerToFufScenarioTests./builds/forms/forms/candy.test.data/TestCases/Group4/408803/408803" time="1.2536110" />
    <testcase classname="Kontur.Forms.Candy.Api.InnerTransformationTests.InnerToFufScenarioTests" name="InnerToFufScenarioTests./builds/forms/forms/candy.test.data/TestCases/Group4/415604/file_me" time="0.9715590" />
    <testcase classname="Kontur.Forms.Candy.Api.InnerTransformationTests.FufToInnerScenarioTests" name="FufToInnerScenarioTests./builds/forms/forms/candy.test.data/TestCases/Group4/410403/410403" time="0.3273780" />
    <testcase classname="Kontur.Forms.Candy.Api.InnerTransformationTests.FufToInnerScenarioTests" name="FufToInnerScenarioTests./builds/forms/forms/candy.test.data/TestCases/Group4/420306/420306" time="0.5319080" />
    <testcase classname="Kontur.Forms.Candy.Api.InnerTransformationTests.InnerToFufScenarioTests" name="InnerToFufScenarioTests./builds/forms/forms/candy.test.data/TestCases/Group4/414305/414305" time="1.1171070" />
    <testcase classname="Kontur.Forms.Candy.Api.InnerTransformationTests.InnerToFufScenarioTests" name="InnerToFufScenarioTests./builds/forms/forms/candy.test.data/TestCases/Group4/420306/420306" time="0.7011150" />
    <testcase classname="Kontur.Forms.Candy.Api.InnerTransformationTests.FufToInnerScenarioTests" name="FufToInnerScenarioTests./builds/forms/forms/candy.test.data/TestCases/Group4/429402/429402" time="0.4786180" />
    <testcase classname="Kontur.Forms.Candy.Api.InnerTransformationTests.InnerToFufScenarioTests" name="InnerToFufScenarioTests./builds/forms/forms/candy.test.data/TestCases/Group4/426602/426602_current" time="0.6487260" />
    <testcase classname="Kontur.Forms.Candy.Api.InnerTransformationTests.FufToInnerScenarioTests" name="FufToInnerScenarioTests./builds/forms/forms/candy.test.data/TestCases/Group4/426602/426602_current" time="0.6091270" />
    <testcase classname="Kontur.Forms.Candy.Api.InnerTransformationTests.InnerToFufScenarioTests" name="InnerToFufScenarioTests./builds/forms/forms/candy.test.data/TestCases/Group4/410203/410203" time="1.5344190" />
    <testcase classname="Kontur.Forms.Candy.Api.InnerTransformationTests.FufToInnerScenarioTests" name="FufToInnerScenarioTests./builds/forms/forms/candy.test.data/TestCases/Group4/427403/file (6)" time="0.3346870" />
    <testcase classname="Kontur.Forms.Candy.Api.InnerTransformationTests.InnerToFufScenarioTests" name="InnerToFufScenarioTests./builds/forms/forms/candy.test.data/TestCases/Group4/410403/410403" time="0.8039620" />
    <testcase classname="Kontur.Forms.Candy.Api.InnerTransformationTests.InnerToFufScenarioTests" name="InnerToFufScenarioTests./builds/forms/forms/candy.test.data/TestCases/Group4/429402/429402" time="0.9385170" />
    <testcase classname="Kontur.Forms.Candy.Api.InnerTransformationTests.FufToInnerScenarioTests" name="FufToInnerScenarioTests./builds/forms/forms/candy.test.data/TestCases/Group4/434102/434102фуф_ип" time="0.2591170" />
    <testcase classname="Kontur.Forms.Candy.Api.InnerTransformationTests.FufToInnerScenarioTests" name="FufToInnerScenarioTests./builds/forms/forms/candy.test.data/TestCases/Group4/434102/434102фуф_ип_с_ошибками" time="0.4291950" />
    <testcase classname="Kontur.Forms.Candy.Api.InnerTransformationTests.FufToInnerScenarioTests" name="FufToInnerScenarioTests./builds/forms/forms/candy.test.data/TestCases/Group4/434102/434102фуф" time="0.3909270" />
    <testcase classname="Kontur.Forms.Candy.Api.InnerTransformationTests.InnerToFufScenarioTests" name="InnerToFufScenarioTests./builds/forms/forms/candy.test.data/TestCases/Group4/434102/434102фуф_ип" time="0.5729310" />
    <testcase classname="Kontur.Forms.Candy.Api.InnerTransformationTests.InnerToFufScenarioTests" name="InnerToFufScenarioTests./builds/forms/forms/candy.test.data/TestCases/Group4/434102/434102фуф" time="0.6475430" />
    <testcase classname="Kontur.Forms.Candy.Api.InnerTransformationTests.InnerToFufScenarioTests" name="InnerToFufScenarioTests./builds/forms/forms/candy.test.data/TestCases/Group4/425103/425103" time="0.7487510" />
    <testcase classname="Kontur.Forms.Candy.Api.InnerTransformationTests.FufToInnerScenarioTests" name="FufToInnerScenarioTests./builds/forms/forms/candy.test.data/TestCases/Group4/432101/fuf" time="0.3002270" />
    <testcase classname="Kontur.Forms.Candy.Api.InnerTransformationTests.FufToInnerScenarioTests" name="FufToInnerScenarioTests./builds/forms/forms/candy.test.data/TestCases/Group4/424101/424101" time="0.4383670" />
    <testcase classname="Kontur.Forms.Candy.Api.InnerTransformationTests.FufToInnerScenarioTests" name="FufToInnerScenarioTests./builds/forms/forms/candy.test.data/TestCases/Group4/435301/435301" time="0.5264780" />
    <testcase classname="Kontur.Forms.Candy.Api.InnerTransformationTests.FufToInnerScenarioTests" name="FufToInnerScenarioTests./builds/forms/forms/candy.test.data/TestCases/Group4/425103/425103" time="1.0741440" />
    <testcase classname="Kontur.Forms.Candy.Api.InnerTransformationTests.FufToInnerScenarioTests" name="FufToInnerScenarioTests./builds/forms/forms/candy.test.data/TestCases/Group4/400109/400109" time="0.3569530" />
    <testcase classname="Kontur.Forms.Candy.Api.InnerTransformationTests.FufToInnerScenarioTests" name="FufToInnerScenarioTests./builds/forms/forms/candy.test.data/TestCases/Group4/422607/422607" time="0.3017440" />
    <testcase classname="Kontur.Forms.Candy.Api.InnerTransformationTests.FufToInnerScenarioTests" name="FufToInnerScenarioTests./builds/forms/forms/candy.test.data/TestCases/Group4/409704/409704" time="0.3373250" />
    <testcase classname="Kontur.Forms.Candy.Api.InnerTransformationTests.InnerToFufScenarioTests" name="InnerToFufScenarioTests./builds/forms/forms/candy.test.data/TestCases/Group4/427403/file (6)" time="2.0080750" />
    <testcase classname="Kontur.Forms.Candy.Api.InnerTransformationTests.InnerToFufScenarioTests" name="InnerToFufScenarioTests./builds/forms/forms/candy.test.data/TestCases/Group4/434102/434102фуф_ип_с_ошибками" time="1.8198650" />
    <testcase classname="Kontur.Forms.Candy.Api.InnerTransformationTests.InnerToFufScenarioTests" name="InnerToFufScenarioTests./builds/forms/forms/candy.test.data/TestCases/Group4/409704/409704" time="0.5646850" />
    <testcase classname="Kontur.Forms.Candy.Api.InnerTransformationTests.InnerToFufScenarioTests" name="InnerToFufScenarioTests./builds/forms/forms/candy.test.data/TestCases/Group4/422607/422607" time="2.0274410" />
    <testcase classname="Kontur.Forms.Candy.Api.InnerTransformationTests.InnerToFufScenarioTests" name="InnerToFufScenarioTests./builds/forms/forms/candy.test.data/TestCases/Group4/435301/435301" time="2.6251870" />
    <testcase classname="Kontur.Forms.Candy.Api.InnerTransformationTests.FufToInnerScenarioTests" name="FufToInnerScenarioTests./builds/forms/forms/candy.test.data/TestCases/Group4/404804/404804" time="1.7681210" />
    <testcase classname="Kontur.Forms.Candy.Api.InnerTransformationTests.FufToInnerScenarioTests" name="FufToInnerScenarioTests./builds/forms/forms/candy.test.data/TestCases/Group4/410603/410603" time="1.3675820" />
    <testcase classname="Kontur.Forms.Candy.Api.InnerTransformationTests.InnerToFufScenarioTests" name="InnerToFufScenarioTests./builds/forms/forms/candy.test.data/TestCases/Group4/432101/fuf" time="2.7161340" />
    <testcase classname="Kontur.Forms.Candy.Api.InnerTransformationTests.FufToInnerScenarioTests" name="FufToInnerScenarioTests./builds/forms/forms/candy.test.data/TestCases/Group4/407806/407806" time="0.3394650" />
    <testcase classname="Kontur.Forms.Candy.Api.InnerTransformationTests.InnerToFufScenarioTests" name="InnerToFufScenarioTests./builds/forms/forms/candy.test.data/TestCases/Group4/400109/400109" time="2.7472490" />
    <testcase classname="Kontur.Forms.Candy.Api.InnerTransformationTests.InnerToFufScenarioTests" name="InnerToFufScenarioTests./builds/forms/forms/candy.test.data/TestCases/Group4/424101/424101" time="2.9487580" />
    <testcase classname="Kontur.Forms.Candy.Api.InnerTransformationTests.FufToInnerScenarioTests" name="FufToInnerScenarioTests./builds/forms/forms/candy.test.data/TestCases/Group4/433301/433301" time="0.3559430" />
    <testcase classname="Kontur.Forms.Candy.Api.InnerTransformationTests.InnerToFufScenarioTests" name="InnerToFufScenarioTests./builds/forms/forms/candy.test.data/TestCases/Group4/410603/410603" time="1.7658180" />
    <testcase classname="Kontur.Forms.Candy.Api.InnerTransformationTests.FufToInnerScenarioTests" name="FufToInnerScenarioTests./builds/forms/forms/candy.test.data/TestCases/Group4/422402/422402" time="0.4199590" />
    <testcase classname="Kontur.Forms.Candy.Api.InnerTransformationTests.InnerToFufScenarioTests" name="InnerToFufScenarioTests./builds/forms/forms/candy.test.data/TestCases/Group4/433301/433301" time="0.6081320" />
    <testcase classname="Kontur.Forms.Candy.Api.InnerTransformationTests.FufToInnerScenarioTests" name="FufToInnerScenarioTests./builds/forms/forms/candy.test.data/TestCases/Group4/432604/432604_" time="0.3627570" />
    <testcase classname="Kontur.Forms.Candy.Api.InnerTransformationTests.InnerToFufScenarioTests" name="InnerToFufScenarioTests./builds/forms/forms/candy.test.data/TestCases/Group4/407806/407806" time="1.9933220" />
    <testcase classname="Kontur.Forms.Candy.Api.InnerTransformationTests.FufToInnerScenarioTests" name="FufToInnerScenarioTests./builds/forms/forms/candy.test.data/TestCases/Group4/432603/432603" time="0.3387040" />
    <testcase classname="Kontur.Forms.Candy.Api.InnerTransformationTests.FufToInnerScenarioTests" name="FufToInnerScenarioTests./builds/forms/forms/candy.test.data/TestCases/Group4/426703/426703" time="0.2369310" />
    <testcase classname="Kontur.Forms.Candy.Api.InnerTransformationTests.InnerToFufScenarioTests" name="InnerToFufScenarioTests./builds/forms/forms/candy.test.data/TestCases/Group4/422402/422402" time="0.6095170" />
    <testcase classname="Kontur.Forms.Candy.Api.InnerTransformationTests.InnerToFufScenarioTests" name="InnerToFufScenarioTests./builds/forms/forms/candy.test.data/TestCases/Group4/432604/432604_" time="0.5358240" />
    <testcase classname="Kontur.Forms.Candy.Api.InnerTransformationTests.InnerToFufScenarioTests" name="InnerToFufScenarioTests./builds/forms/forms/candy.test.data/TestCases/Group4/404804/404804" time="2.7982340" />
    <testcase classname="Kontur.Forms.Candy.Api.InnerTransformationTests.FufToInnerScenarioTests" name="FufToInnerScenarioTests./builds/forms/forms/candy.test.data/TestCases/Group4/429601/aftermerge-fuf-check" time="0.2924130" />
    <testcase classname="Kontur.Forms.Candy.Api.InnerTransformationTests.InnerToFufScenarioTests" name="InnerToFufScenarioTests./builds/forms/forms/candy.test.data/TestCases/Group4/426703/426703" time="0.7932080" />
    <testcase classname="Kontur.Forms.Candy.Api.InnerTransformationTests.FufToInnerScenarioTests" name="FufToInnerScenarioTests./builds/forms/forms/candy.test.data/TestCases/Group4/424202/424202" time="0.3736450" />
    <testcase classname="Kontur.Forms.Candy.Api.InnerTransformationTests.FufToInnerScenarioTests" name="FufToInnerScenarioTests./builds/forms/forms/candy.test.data/TestCases/Group4/401803/401803" time="0.4350260" />
    <testcase classname="Kontur.Forms.Candy.Api.InnerTransformationTests.InnerToFufScenarioTests" name="InnerToFufScenarioTests./builds/forms/forms/candy.test.data/TestCases/Group4/432603/432603" time="0.9737920" />
    <testcase classname="Kontur.Forms.Candy.Api.InnerTransformationTests.InnerToFufScenarioTests" name="InnerToFufScenarioTests./builds/forms/forms/candy.test.data/TestCases/Group4/424202/424202" time="0.6056629" />
    <testcase classname="Kontur.Forms.Candy.Api.InnerTransformationTests.InnerToFufScenarioTests" name="InnerToFufScenarioTests./builds/forms/forms/candy.test.data/TestCases/Group4/401803/401803" time="0.8014200" />
    <testcase classname="Kontur.Forms.Candy.Api.InnerTransformationTests.InnerToFufScenarioTests" name="InnerToFufScenarioTests./builds/forms/forms/candy.test.data/TestCases/Group4/429601/aftermerge-fuf-check" time="0.9242320" />
    <testcase classname="Kontur.Forms.Candy.Api.InnerTransformationTests.FufToInnerScenarioTests" name="FufToInnerScenarioTests./builds/forms/forms/candy.test.data/TestCases/Group4/400110/400110" time="0.5524010" />
    <testcase classname="Kontur.Forms.Candy.Api.InnerTransformationTests.FufToInnerScenarioTests" name="FufToInnerScenarioTests./builds/forms/forms/candy.test.data/TestCases/Group4/427302/427302" time="0.5265640" />
    <testcase classname="Kontur.Forms.Candy.Api.InnerTransformationTests.InnerToFufScenarioTests" name="InnerToFufScenarioTests./builds/forms/forms/candy.test.data/TestCases/Group4/427302/427302" time="0.7813250" />
    <testcase classname="Kontur.Forms.Candy.Api.InnerTransformationTests.FufToInnerScenarioTests" name="FufToInnerScenarioTests./builds/forms/forms/candy.test.data/TestCases/Group4/429401/aftermerge-fuf-check" time="0.5098570" />
    <testcase classname="Kontur.Forms.Candy.Api.InnerTransformationTests.InnerToFufScenarioTests" name="InnerToFufScenarioTests./builds/forms/forms/candy.test.data/TestCases/Group4/400110/400110" time="1.2259389" />
    <testcase classname="Kontur.Forms.Candy.Api.InnerTransformationTests.InnerToFufScenarioTests" name="InnerToFufScenarioTests./builds/forms/forms/candy.test.data/TestCases/Group4/429602/429602" time="0.6745280" />
    <testcase classname="Kontur.Forms.Candy.Api.InnerTransformationTests.FufToInnerScenarioTests" name="FufToInnerScenarioTests./builds/forms/forms/candy.test.data/TestCases/Group4/429602/429602" time="0.4753490" />
    <testcase classname="Kontur.Forms.Candy.Api.InnerTransformationTests.FufToInnerScenarioTests" name="FufToInnerScenarioTests./builds/forms/forms/candy.test.data/TestCases/Group4/407004/407004" time="0.6858280" />
    <testcase classname="Kontur.Forms.Candy.Api.InnerTransformationTests.InnerToFufScenarioTests" name="InnerToFufScenarioTests./builds/forms/forms/candy.test.data/TestCases/Group4/407004/407004" time="0.8945770" />
    <testcase classname="Kontur.Forms.Candy.Api.InnerTransformationTests.InnerToFufScenarioTests" name="InnerToFufScenarioTests./builds/forms/forms/candy.test.data/TestCases/Group4/429401/aftermerge-fuf-check" time="0.9884890" />
    <testcase classname="Kontur.Forms.Candy.Api.InnerTransformationTests.FufToInnerScenarioTests" name="FufToInnerScenarioTests./builds/forms/forms/candy.test.data/TestCases/Group4/433801/433801" time="0.3760560" />
    <testcase classname="Kontur.Forms.Candy.Api.InnerTransformationTests.InnerToFufScenarioTests" name="InnerToFufScenarioTests./builds/forms/forms/candy.test.data/TestCases/Group4/423301/aftermerge-fuf-check" time="0.6655510" />
    <testcase classname="Kontur.Forms.Candy.Api.InnerTransformationTests.InnerToFufScenarioTests" name="InnerToFufScenarioTests./builds/forms/forms/candy.test.data/TestCases/Group4/433801/433801" time="1.0757440" />
    <testcase classname="Kontur.Forms.Candy.Api.InnerTransformationTests.FufToInnerScenarioTests" name="FufToInnerScenarioTests./builds/forms/forms/candy.test.data/TestCases/Group4/423301/aftermerge-fuf-check" time="0.4854290" />
    <testcase classname="Kontur.Forms.Candy.Api.InnerTransformationTests.FufToInnerScenarioTests" name="FufToInnerScenarioTests./builds/forms/forms/candy.test.data/TestCases/Group4/432605/432605" time="0.4936230" />
    <testcase classname="Kontur.Forms.Candy.Api.InnerTransformationTests.FufToInnerScenarioTests" name="FufToInnerScenarioTests./builds/forms/forms/candy.test.data/TestCases/Group4/422605/422605fuf_curr" time="0.5242140" />
    <testcase classname="Kontur.Forms.Candy.Api.InnerTransformationTests.FufToInnerScenarioTests" name="FufToInnerScenarioTests./builds/forms/forms/candy.test.data/TestCases/Group4/401304/401304_" time="0.5815390" />
    <testcase classname="Kontur.Forms.Candy.Api.InnerTransformationTests.FufToInnerScenarioTests" name="FufToInnerScenarioTests./builds/forms/forms/candy.test.data/TestCases/Group4/409004/409004_" time="0.2501620" />
    <testcase classname="Kontur.Forms.Candy.Api.InnerTransformationTests.InnerToFufScenarioTests" name="InnerToFufScenarioTests./builds/forms/forms/candy.test.data/TestCases/Group4/432605/432605" time="1.0851249" />
    <testcase classname="Kontur.Forms.Candy.Api.InnerTransformationTests.FufToInnerScenarioTests" name="FufToInnerScenarioTests./builds/forms/forms/candy.test.data/TestCases/Group4/434401/434401fuf" time="0.2871700" />
    <testcase classname="Kontur.Forms.Candy.Api.InnerTransformationTests.InnerToFufScenarioTests" name="InnerToFufScenarioTests./builds/forms/forms/candy.test.data/TestCases/Group4/401304/401304_" time="0.8729910" />
    <testcase classname="Kontur.Forms.Candy.Api.InnerTransformationTests.InnerToFufScenarioTests" name="InnerToFufScenarioTests./builds/forms/forms/candy.test.data/TestCases/Group4/422605/422605fuf_curr" time="1.0111760" />
    <testcase classname="Kontur.Forms.Candy.Api.InnerTransformationTests.InnerToFufScenarioTests" name="InnerToFufScenarioTests./builds/forms/forms/candy.test.data/TestCases/Group4/409004/409004_" time="0.9427730" />
    <testcase classname="Kontur.Forms.Candy.Api.InnerTransformationTests.FufToInnerScenarioTests" name="FufToInnerScenarioTests./builds/forms/forms/candy.test.data/TestCases/Group4/434401/434401" time="0.5969179" />
    <testcase classname="Kontur.Forms.Candy.Api.InnerTransformationTests.InnerToFufScenarioTests" name="InnerToFufScenarioTests./builds/forms/forms/candy.test.data/TestCases/Group4/434401/434401fuf" time="0.6214499" />
    <testcase classname="Kontur.Forms.Candy.Api.InnerTransformationTests.InnerToFufScenarioTests" name="InnerToFufScenarioTests./builds/forms/forms/candy.test.data/TestCases/Group4/434401/434401" time="0.7535500" />
    <testcase classname="Kontur.Forms.Candy.Api.InnerTransformationTests.FufToInnerScenarioTests" name="FufToInnerScenarioTests./builds/forms/forms/candy.test.data/TestCases/Group4/410303/410303" time="0.3237540" />
    <testcase classname="Kontur.Forms.Candy.Api.InnerTransformationTests.InnerToFufScenarioTests" name="InnerToFufScenarioTests./builds/forms/forms/candy.test.data/TestCases/Group4/433701/433701" time="0.6342700" />
    <testcase classname="Kontur.Forms.Candy.Api.InnerTransformationTests.FufToInnerScenarioTests" name="FufToInnerScenarioTests./builds/forms/forms/candy.test.data/TestCases/Group4/434901/434901_" time="0.2780280" />
    <testcase classname="Kontur.Forms.Candy.Api.InnerTransformationTests.InnerToFufScenarioTests" name="InnerToFufScenarioTests./builds/forms/forms/candy.test.data/TestCases/Group4/410303/410303" time="1.0252500" />
    <testcase classname="Kontur.Forms.Candy.Api.InnerTransformationTests.FufToInnerScenarioTests" name="FufToInnerScenarioTests./builds/forms/forms/candy.test.data/TestCases/Group4/418104/fuf" time="0.5155160" />
    <testcase classname="Kontur.Forms.Candy.Api.InnerTransformationTests.FufToInnerScenarioTests" name="FufToInnerScenarioTests./builds/forms/forms/candy.test.data/TestCases/Group4/433701/433701" time="0.5913400" />
    <testcase classname="Kontur.Forms.Candy.Api.InnerTransformationTests.InnerToFufScenarioTests" name="InnerToFufScenarioTests./builds/forms/forms/candy.test.data/TestCases/Group4/434302/file (9)" time="0.5710520" />
    <testcase classname="Kontur.Forms.Candy.Api.InnerTransformationTests.FufToInnerScenarioTests" name="FufToInnerScenarioTests./builds/forms/forms/candy.test.data/TestCases/Group4/434302/file (9)" time="0.2748140" />
    <testcase classname="Kontur.Forms.Candy.Api.InnerTransformationTests.InnerToFufScenarioTests" name="InnerToFufScenarioTests./builds/forms/forms/candy.test.data/TestCases/Group4/410501/aftermerge-fuf-check" time="0.7431940" />
    <testcase classname="Kontur.Forms.Candy.Api.InnerTransformationTests.FufToInnerScenarioTests" name="FufToInnerScenarioTests./builds/forms/forms/candy.test.data/TestCases/Group4/410501/aftermerge-fuf-check" time="0.4546960" />
    <testcase classname="Kontur.Forms.Candy.Api.InnerTransformationTests.FufToInnerScenarioTests" name="FufToInnerScenarioTests./builds/forms/forms/candy.test.data/TestCases/Group4/401003/401003" time="0.3852200" />
    <testcase classname="Kontur.Forms.Candy.Api.InnerTransformationTests.FufToInnerScenarioTests" name="FufToInnerScenarioTests./builds/forms/forms/candy.test.data/TestCases/Group4/401003/401003fuf_curr" time="0.3476170" />
    <testcase classname="Kontur.Forms.Candy.Api.InnerTransformationTests.FufToInnerScenarioTests" name="FufToInnerScenarioTests./builds/forms/forms/candy.test.data/TestCases/Group4/425402/425402fuf" time="0.2664700" />
    <testcase classname="Kontur.Forms.Candy.Api.InnerTransformationTests.InnerToFufScenarioTests" name="InnerToFufScenarioTests./builds/forms/forms/candy.test.data/TestCases/Group4/417001/aftermerge-fuf-check" time="1.2518390" />
    <testcase classname="Kontur.Forms.Candy.Api.InnerTransformationTests.InnerToFufScenarioTests" name="InnerToFufScenarioTests./builds/forms/forms/candy.test.data/TestCases/Group4/401003/401003" time="0.9723680" />
    <testcase classname="Kontur.Forms.Candy.Api.InnerTransformationTests.InnerToFufScenarioTests" name="InnerToFufScenarioTests./builds/forms/forms/candy.test.data/TestCases/Group4/434901/434901_" time="1.3368690" />
    <testcase classname="Kontur.Forms.Candy.Api.InnerTransformationTests.FufToInnerScenarioTests" name="FufToInnerScenarioTests./builds/forms/forms/candy.test.data/TestCases/Group4/417001/aftermerge-fuf-check" time="1.1067010" />
    <testcase classname="Kontur.Forms.Candy.Api.InnerTransformationTests.InnerToFufScenarioTests" name="InnerToFufScenarioTests./builds/forms/forms/candy.test.data/TestCases/Group4/418104/fuf" time="1.4824570" />
    <testcase classname="Kontur.Forms.Candy.Api.InnerTransformationTests.InnerToFufScenarioTests" name="InnerToFufScenarioTests./builds/forms/forms/candy.test.data/TestCases/Group4/401003/401003fuf_curr" time="0.8936900" />
    <testcase classname="Kontur.Forms.Candy.Api.InnerTransformationTests.FufToInnerScenarioTests" name="FufToInnerScenarioTests./builds/forms/forms/candy.test.data/TestCases/Group4/423601/423601" time="0.2991680" />
    <testcase classname="Kontur.Forms.Candy.Api.InnerTransformationTests.FufToInnerScenarioTests" name="FufToInnerScenarioTests./builds/forms/forms/candy.test.data/TestCases/Group4/411502/411502_" time="0.2671230" />
    <testcase classname="Kontur.Forms.Candy.Api.InnerTransformationTests.FufToInnerScenarioTests" name="FufToInnerScenarioTests./builds/forms/forms/candy.test.data/TestCases/Group4/423601/423601.11-07-2017" time="0.3852330" />
    <testcase classname="Kontur.Forms.Candy.Api.InnerTransformationTests.FufToInnerScenarioTests" name="FufToInnerScenarioTests./builds/forms/forms/candy.test.data/TestCases/Group4/427502/427502fuf" time="0.2595800" />
    <testcase classname="Kontur.Forms.Candy.Api.InnerTransformationTests.InnerToFufScenarioTests" name="InnerToFufScenarioTests./builds/forms/forms/candy.test.data/TestCases/Group4/423601/423601" time="0.7877400" />
    <testcase classname="Kontur.Forms.Candy.Api.InnerTransformationTests.FufToInnerScenarioTests" name="FufToInnerScenarioTests./builds/forms/forms/candy.test.data/TestCases/Group4/407804/aftermerge-fuf-check" time="0.4175960" />
    <testcase classname="Kontur.Forms.Candy.Api.InnerTransformationTests.InnerToFufScenarioTests" name="InnerToFufScenarioTests./builds/forms/forms/candy.test.data/TestCases/Group4/423601/423601.11-07-2017" time="0.7108710" />
    <testcase classname="Kontur.Forms.Candy.Api.InnerTransformationTests.InnerToFufScenarioTests" name="InnerToFufScenarioTests./builds/forms/forms/candy.test.data/TestCases/Group4/425402/425402fuf" time="1.3280090" />
    <testcase classname="Kontur.Forms.Candy.Api.InnerTransformationTests.InnerToFufScenarioTests" name="InnerToFufScenarioTests./builds/forms/forms/candy.test.data/TestCases/Group4/411502/411502_" time="0.6702650" />
    <testcase classname="Kontur.Forms.Candy.Api.InnerTransformationTests.InnerToFufScenarioTests" name="InnerToFufScenarioTests./builds/forms/forms/candy.test.data/TestCases/Group4/433101/433101" time="0.6872660" />
    <testcase classname="Kontur.Forms.Candy.Api.InnerTransformationTests.InnerToFufScenarioTests" name="InnerToFufScenarioTests./builds/forms/forms/candy.test.data/TestCases/Group4/427502/427502fuf" time="0.7872310" />
    <testcase classname="Kontur.Forms.Candy.Api.InnerTransformationTests.FufToInnerScenarioTests" name="FufToInnerScenarioTests./builds/forms/forms/candy.test.data/TestCases/Group4/433101/433101" time="0.2568420" />
    <testcase classname="Kontur.Forms.Candy.Api.InnerTransformationTests.FufToInnerScenarioTests" name="FufToInnerScenarioTests./builds/forms/forms/candy.test.data/TestCases/Group4/432901/432901FUF" time="0.3223900" />
    <testcase classname="Kontur.Forms.Candy.Api.InnerTransformationTests.InnerToFufScenarioTests" name="InnerToFufScenarioTests./builds/forms/forms/candy.test.data/TestCases/Group4/407804/aftermerge-fuf-check" time="0.9742630" />
    <testcase classname="Kontur.Forms.Candy.Api.InnerTransformationTests.FufToInnerScenarioTests" name="FufToInnerScenarioTests./builds/forms/forms/candy.test.data/TestCases/Group4/421101/aftermerge-fuf-check" time="0.2881140" />
    <testcase classname="Kontur.Forms.Candy.Api.InnerTransformationTests.InnerToFufScenarioTests" name="InnerToFufScenarioTests./builds/forms/forms/candy.test.data/TestCases/Group4/432901/432901FUF" time="0.9685760" />
    <testcase classname="Kontur.Forms.Candy.Api.InnerTransformationTests.FufToInnerScenarioTests" name="FufToInnerScenarioTests./builds/forms/forms/candy.test.data/TestCases/Group4/403002/file (3)" time="0.5848040" />
    <testcase classname="Kontur.Forms.Candy.Api.InnerTransformationTests.InnerToFufScenarioTests" name="InnerToFufScenarioTests./builds/forms/forms/candy.test.data/TestCases/Group4/403002/file (3)" time="0.9362750" />
    <testcase classname="Kontur.Forms.Candy.Api.InnerTransformationTests.InnerToFufScenarioTests" name="InnerToFufScenarioTests./builds/forms/forms/candy.test.data/TestCases/Group4/403002/403002" time="0.9323760" />
    <testcase classname="Kontur.Forms.Candy.Api.InnerTransformationTests.InnerToFufScenarioTests" name="InnerToFufScenarioTests./builds/forms/forms/candy.test.data/TestCases/Group4/421101/aftermerge-fuf-check" time="1.0742100" />
    <testcase classname="Kontur.Forms.Candy.Api.InnerTransformationTests.FufToInnerScenarioTests" name="FufToInnerScenarioTests./builds/forms/forms/candy.test.data/TestCases/Group4/403002/403002" time="0.7552470" />
    <testcase classname="Kontur.Forms.Candy.Api.InnerTransformationTests.InnerToFufScenarioTests" name="InnerToFufScenarioTests./builds/forms/forms/candy.test.data/TestCases/Group4/432702/432702" time="1.0863680" />
    <testcase classname="Kontur.Forms.Candy.Api.InnerTransformationTests.FufToInnerScenarioTests" name="FufToInnerScenarioTests./builds/forms/forms/candy.test.data/TestCases/Group4/432702/432702" time="0.5052790" />
    <testcase classname="Kontur.Forms.Candy.Api.InnerTransformationTests.FufToInnerScenarioTests" name="FufToInnerScenarioTests./builds/forms/forms/candy.test.data/TestCases/Group4/431602/fuf" time="0.2646180" />
    <testcase classname="Kontur.Forms.Candy.Api.InnerTransformationTests.InnerToFufScenarioTests" name="InnerToFufScenarioTests./builds/forms/forms/candy.test.data/TestCases/Group4/411501/aftermerge-fuf-check" time="1.0153370" />
    <testcase classname="Kontur.Forms.Candy.Api.InnerTransformationTests.FufToInnerScenarioTests" name="FufToInnerScenarioTests./builds/forms/forms/candy.test.data/TestCases/Group4/411501/aftermerge-fuf-check" time="0.3903010" />
    <testcase classname="Kontur.Forms.Candy.Api.InnerTransformationTests.InnerToFufScenarioTests" name="InnerToFufScenarioTests./builds/forms/forms/candy.test.data/TestCases/Group4/431602/fuf" time="1.1496200" />
    <testcase classname="Kontur.Forms.Candy.Api.InnerTransformationTests.FufToInnerScenarioTests" name="FufToInnerScenarioTests./builds/forms/forms/candy.test.data/TestCases/Group4/422502/aftermerge-fuf-check" time="0.2813910" />
    <testcase classname="Kontur.Forms.Candy.Api.InnerTransformationTests.InnerToFufScenarioTests" name="InnerToFufScenarioTests./builds/forms/forms/candy.test.data/TestCases/Group4/424501/424501" time="1.0957349" />
    <testcase classname="Kontur.Forms.Candy.Api.InnerTransformationTests.FufToInnerScenarioTests" name="FufToInnerScenarioTests./builds/forms/forms/candy.test.data/TestCases/Group4/414001/aftermerge-fuf-check" time="0.4275660" />
    <testcase classname="Kontur.Forms.Candy.Api.InnerTransformationTests.InnerToFufScenarioTests" name="InnerToFufScenarioTests./builds/forms/forms/candy.test.data/TestCases/Group4/414001/aftermerge-fuf-check" time="0.7924860" />
    <testcase classname="Kontur.Forms.Candy.Api.InnerTransformationTests.FufToInnerScenarioTests" name="FufToInnerScenarioTests./builds/forms/forms/candy.test.data/TestCases/Group4/424501/424501" time="0.6242330" />
    <testcase classname="Kontur.Forms.Candy.Api.InnerTransformationTests.FufToInnerScenarioTests" name="FufToInnerScenarioTests./builds/forms/forms/candy.test.data/TestCases/Group4/417103/417103" time="0.2687300" />
    <testcase classname="Kontur.Forms.Candy.Api.InnerTransformationTests.InnerToFufScenarioTests" name="InnerToFufScenarioTests./builds/forms/forms/candy.test.data/TestCases/Group4/422502/aftermerge-fuf-check" time="0.7062160" />
    <testcase classname="Kontur.Forms.Candy.Api.InnerTransformationTests.FufToInnerScenarioTests" name="FufToInnerScenarioTests./builds/forms/forms/candy.test.data/TestCases/Group4/408804/file (2)" time="0.3069860" />
    <testcase classname="Kontur.Forms.Candy.Api.InnerTransformationTests.InnerToFufScenarioTests" name="InnerToFufScenarioTests./builds/forms/forms/candy.test.data/TestCases/Group4/408804/file (2)" time="0.8166040" />
    <testcase classname="Kontur.Forms.Candy.Api.InnerTransformationTests.InnerToFufScenarioTests" name="InnerToFufScenarioTests./builds/forms/forms/candy.test.data/TestCases/Group4/410601/aftermerge-fuf-check" time="0.7106190" />
    <testcase classname="Kontur.Forms.Candy.Api.InnerTransformationTests.InnerToFufScenarioTests" name="InnerToFufScenarioTests./builds/forms/forms/candy.test.data/TestCases/Group4/417103/417103" time="0.9251470" />
    <testcase classname="Kontur.Forms.Candy.Api.InnerTransformationTests.InnerToFufScenarioTests" name="InnerToFufScenarioTests./builds/forms/forms/candy.test.data/TestCases/Group4/410601/fuf" time="0.5859960" />
    <testcase classname="Kontur.Forms.Candy.Api.InnerTransformationTests.FufToInnerScenarioTests" name="FufToInnerScenarioTests./builds/forms/forms/candy.test.data/TestCases/Group4/410601/aftermerge-fuf-check" time="0.4048550" />
    <testcase classname="Kontur.Forms.Candy.Api.InnerTransformationTests.InnerToFufScenarioTests" name="InnerToFufScenarioTests./builds/forms/forms/candy.test.data/TestCases/Group4/407903/aftermerge-fuf-check" time="0.7624010" />
    <testcase classname="Kontur.Forms.Candy.Api.InnerTransformationTests.FufToInnerScenarioTests" name="FufToInnerScenarioTests./builds/forms/forms/candy.test.data/TestCases/Group4/410601/fuf" time="0.3973180" />
    <testcase classname="Kontur.Forms.Candy.Api.InnerTransformationTests.FufToInnerScenarioTests" name="FufToInnerScenarioTests./builds/forms/forms/candy.test.data/TestCases/Group4/407903/aftermerge-fuf-check" time="0.3842419" />
    <testcase classname="Kontur.Forms.Candy.Api.InnerTransformationTests.InnerToFufScenarioTests" name="InnerToFufScenarioTests./builds/forms/forms/candy.test.data/TestCases/Group4/435201/435201" time="0.7200029" />
    <testcase classname="Kontur.Forms.Candy.Api.InnerTransformationTests.InnerToFufScenarioTests" name="InnerToFufScenarioTests./builds/forms/forms/candy.test.data/TestCases/Group4/424301/aftermerge-fuf-check" time="0.8000780" />
    <testcase classname="Kontur.Forms.Candy.Api.InnerTransformationTests.InnerToFufScenarioTests" name="InnerToFufScenarioTests./builds/forms/forms/candy.test.data/TestCases/Group4/414304/414304" time="0.9906190" />
    <testcase classname="Kontur.Forms.Candy.Api.InnerTransformationTests.InnerToFufScenarioTests" name="InnerToFufScenarioTests./builds/forms/forms/candy.test.data/TestCases/Group4/430802/430802.28-02-2018" time="0.6372540" />
    <testcase classname="Kontur.Forms.Candy.Api.InnerTransformationTests.FufToInnerScenarioTests" name="FufToInnerScenarioTests./builds/forms/forms/candy.test.data/TestCases/Group4/435201/435201" time="0.2845720" />
    <testcase classname="Kontur.Forms.Candy.Api.InnerTransformationTests.FufToInnerScenarioTests" name="FufToInnerScenarioTests./builds/forms/forms/candy.test.data/TestCases/Group4/424301/aftermerge-fuf-check" time="0.3882060" />
    <testcase classname="Kontur.Forms.Candy.Api.InnerTransformationTests.InnerToFufScenarioTests" name="InnerToFufScenarioTests./builds/forms/forms/candy.test.data/TestCases/Group4/430802/430802" time="0.9028700" />
    <testcase classname="Kontur.Forms.Candy.Api.InnerTransformationTests.FufToInnerScenarioTests" name="FufToInnerScenarioTests./builds/forms/forms/candy.test.data/TestCases/Group4/430802/430802" time="0.2867150" />
    <testcase classname="Kontur.Forms.Candy.Api.InnerTransformationTests.FufToInnerScenarioTests" name="FufToInnerScenarioTests./builds/forms/forms/candy.test.data/TestCases/Group4/414304/414304" time="0.7596039" />
    <testcase classname="Kontur.Forms.Candy.Api.InnerTransformationTests.InnerToFufScenarioTests" name="InnerToFufScenarioTests./builds/forms/forms/candy.test.data/TestCases/Group4/404007/404007" time="0.7233110" />
    <testcase classname="Kontur.Forms.Candy.Api.InnerTransformationTests.FufToInnerScenarioTests" name="FufToInnerScenarioTests./builds/forms/forms/candy.test.data/TestCases/Group4/430802/430802.28-02-2018" time="0.2947540" />
    <testcase classname="Kontur.Forms.Candy.Api.InnerTransformationTests.InnerToFufScenarioTests" name="InnerToFufScenarioTests./builds/forms/forms/candy.test.data/TestCases/Group4/404007/404007fuf" time="0.6425470" />
    <testcase classname="Kontur.Forms.Candy.Api.InnerTransformationTests.FufToInnerScenarioTests" name="FufToInnerScenarioTests./builds/forms/forms/candy.test.data/TestCases/Group4/425104/425104fuf" time="0.3117970" />
    <testcase classname="Kontur.Forms.Candy.Api.InnerTransformationTests.InnerToFufScenarioTests" name="InnerToFufScenarioTests./builds/forms/forms/candy.test.data/TestCases/Group4/425104/425104fuf" time="1.1120840" />
    <testcase classname="Kontur.Forms.Candy.Api.InnerTransformationTests.FufToInnerScenarioTests" name="FufToInnerScenarioTests./builds/forms/forms/candy.test.data/TestCases/Group4/404007/404007fuf" time="0.2687390" />
    <testcase classname="Kontur.Forms.Candy.Api.InnerTransformationTests.InnerToFufScenarioTests" name="InnerToFufScenarioTests./builds/forms/forms/candy.test.data/TestCases/Group4/409904/409904fuf" time="0.8108550" />
    <testcase classname="Kontur.Forms.Candy.Api.InnerTransformationTests.InnerToFufScenarioTests" name="InnerToFufScenarioTests./builds/forms/forms/candy.test.data/TestCases/Group4/404305/404305" time="0.6670270" />
    <testcase classname="Kontur.Forms.Candy.Api.InnerTransformationTests.FufToInnerScenarioTests" name="FufToInnerScenarioTests./builds/forms/forms/candy.test.data/TestCases/Group4/404007/404007" time="0.4498480" />
    <testcase classname="Kontur.Forms.Candy.Api.InnerTransformationTests.InnerToFufScenarioTests" name="InnerToFufScenarioTests./builds/forms/forms/candy.test.data/TestCases/Group4/404104/404104fuf" time="0.6133729" />
    <testcase classname="Kontur.Forms.Candy.Api.InnerTransformationTests.FufToInnerScenarioTests" name="FufToInnerScenarioTests./builds/forms/forms/candy.test.data/TestCases/Group4/409904/409904fuf" time="0.3334370" />
    <testcase classname="Kontur.Forms.Candy.Api.InnerTransformationTests.InnerToFufScenarioTests" name="InnerToFufScenarioTests./builds/forms/forms/candy.test.data/TestCases/Group4/411202/411202" time="0.6760290" />
    <testcase classname="Kontur.Forms.Candy.Api.InnerTransformationTests.FufToInnerScenarioTests" name="FufToInnerScenarioTests./builds/forms/forms/candy.test.data/TestCases/Group4/404305/404305" time="0.2512380" />
    <testcase classname="Kontur.Forms.Candy.Api.InnerTransformationTests.InnerToFufScenarioTests" name="InnerToFufScenarioTests./builds/forms/forms/candy.test.data/TestCases/Group4/403703/403703" time="0.6040620" />
    <testcase classname="Kontur.Forms.Candy.Api.InnerTransformationTests.InnerToFufScenarioTests" name="InnerToFufScenarioTests./builds/forms/forms/candy.test.data/TestCases/Group4/403703/403703_" time="0.4906510" />
    <testcase classname="Kontur.Forms.Candy.Api.InnerTransformationTests.FufToInnerScenarioTests" name="FufToInnerScenarioTests./builds/forms/forms/candy.test.data/TestCases/Group4/411202/411202" time="0.3556370" />
    <testcase classname="Kontur.Forms.Candy.Api.InnerTransformationTests.FufToInnerScenarioTests" name="FufToInnerScenarioTests./builds/forms/forms/candy.test.data/TestCases/Group4/402404/file (43)" time="0.2432730" />
    <testcase classname="Kontur.Forms.Candy.Api.InnerTransformationTests.InnerToFufScenarioTests" name="InnerToFufScenarioTests./builds/forms/forms/candy.test.data/TestCases/Group4/402404/file (43)" time="0.7942510" />
    <testcase classname="Kontur.Forms.Candy.Api.InnerTransformationTests.FufToInnerScenarioTests" name="FufToInnerScenarioTests./builds/forms/forms/candy.test.data/TestCases/Group4/404104/404104fuf" time="0.4816320" />
    <testcase classname="Kontur.Forms.Candy.Api.InnerTransformationTests.FufToInnerScenarioTests" name="FufToInnerScenarioTests./builds/forms/forms/candy.test.data/TestCases/Group4/403703/403703" time="0.3359080" />
    <testcase classname="Kontur.Forms.Candy.Api.InnerTransformationTests.FufToInnerScenarioTests" name="FufToInnerScenarioTests./builds/forms/forms/candy.test.data/TestCases/Group4/403703/403703_" time="0.3335770" />
    <testcase classname="Kontur.Forms.Candy.Api.InnerTransformationTests.InnerToFufScenarioTests" name="InnerToFufScenarioTests./builds/forms/forms/candy.test.data/TestCases/Group4/414801/414801" time="0.7504340" />
    <testcase classname="Kontur.Forms.Candy.Api.InnerTransformationTests.FufToInnerScenarioTests" name="FufToInnerScenarioTests./builds/forms/forms/candy.test.data/TestCases/Group4/406106/85k_fillFuf" time="0.3987740" />
    <testcase classname="Kontur.Forms.Candy.Api.InnerTransformationTests.InnerToFufScenarioTests" name="InnerToFufScenarioTests./builds/forms/forms/candy.test.data/TestCases/Group4/414801/aftermerge-fuf-check" time="0.7524090" />
    <testcase classname="Kontur.Forms.Candy.Api.InnerTransformationTests.InnerToFufScenarioTests" name="InnerToFufScenarioTests./builds/forms/forms/candy.test.data/TestCases/Group4/406106/85k_fillFuf" time="0.9525120" />
    <testcase classname="Kontur.Forms.Candy.Api.InnerTransformationTests.FufToInnerScenarioTests" name="FufToInnerScenarioTests./builds/forms/forms/candy.test.data/TestCases/Group4/414801/414801" time="0.3113060" />
    <testcase classname="Kontur.Forms.Candy.Api.InnerTransformationTests.InnerToFufScenarioTests" name="InnerToFufScenarioTests./builds/forms/forms/candy.test.data/TestCases/Group4/400207/400207" time="0.7645820" />
    <testcase classname="Kontur.Forms.Candy.Api.InnerTransformationTests.InnerToFufScenarioTests" name="InnerToFufScenarioTests./builds/forms/forms/candy.test.data/TestCases/Group4/416902/416902" time="0.7873800" />
    <testcase classname="Kontur.Forms.Candy.Api.InnerTransformationTests.InnerToFufScenarioTests" name="InnerToFufScenarioTests./builds/forms/forms/candy.test.data/TestCases/Group4/408407/file (13)" time="0.6922300" />
    <testcase classname="Kontur.Forms.Candy.Api.InnerTransformationTests.FufToInnerScenarioTests" name="FufToInnerScenarioTests./builds/forms/forms/candy.test.data/TestCases/Group4/414801/aftermerge-fuf-check" time="0.3679010" />
    <testcase classname="Kontur.Forms.Candy.Api.InnerTransformationTests.FufToInnerScenarioTests" name="FufToInnerScenarioTests./builds/forms/forms/candy.test.data/TestCases/Group4/400207/400207" time="0.2825930" />
    <testcase classname="Kontur.Forms.Candy.Api.InnerTransformationTests.FufToInnerScenarioTests" name="FufToInnerScenarioTests./builds/forms/forms/candy.test.data/TestCases/Group4/416902/416902" time="0.2391150" />
    <testcase classname="Kontur.Forms.Candy.Api.InnerTransformationTests.InnerToFufScenarioTests" name="InnerToFufScenarioTests./builds/forms/forms/candy.test.data/TestCases/Group4/434402/434402" time="0.8252620" />
    <testcase classname="Kontur.Forms.Candy.Api.InnerTransformationTests.FufToInnerScenarioTests" name="FufToInnerScenarioTests./builds/forms/forms/candy.test.data/TestCases/Group4/408407/file (13)" time="0.3680730" />
    <testcase classname="Kontur.Forms.Candy.Api.InnerTransformationTests.InnerToFufScenarioTests" name="InnerToFufScenarioTests./builds/forms/forms/candy.test.data/TestCases/Group4/408302/aftermerge-fuf-check" time="0.7592730" />
    <testcase classname="Kontur.Forms.Candy.Api.InnerTransformationTests.FufToInnerScenarioTests" name="FufToInnerScenarioTests./builds/forms/forms/candy.test.data/TestCases/Group4/434402/434402" time="0.4352970" />
    <testcase classname="Kontur.Forms.Candy.Api.InnerTransformationTests.FufToInnerScenarioTests" name="FufToInnerScenarioTests./builds/forms/forms/candy.test.data/TestCases/Group4/408302/aftermerge-fuf-check" time="0.3140819" />
    <testcase classname="Kontur.Forms.Candy.Api.InnerTransformationTests.InnerToFufScenarioTests" name="InnerToFufScenarioTests./builds/forms/forms/candy.test.data/TestCases/Group4/418103/fuf" time="0.7480340" />
    <testcase classname="Kontur.Forms.Candy.Api.InnerTransformationTests.InnerToFufScenarioTests" name="InnerToFufScenarioTests./builds/forms/forms/candy.test.data/TestCases/Group4/410702/file (48)" time="0.7341400" />
    <testcase classname="Kontur.Forms.Candy.Api.InnerTransformationTests.InnerToFufScenarioTests" name="InnerToFufScenarioTests./builds/forms/forms/candy.test.data/TestCases/Group4/410306/410306fuf" time="0.7009850" />
    <testcase classname="Kontur.Forms.Candy.Api.InnerTransformationTests.InnerToFufScenarioTests" name="InnerToFufScenarioTests./builds/forms/forms/candy.test.data/TestCases/Group4/410306/410306fuf.31-03-2020" time="0.6096390" />
    <testcase classname="Kontur.Forms.Candy.Api.InnerTransformationTests.FufToInnerScenarioTests" name="FufToInnerScenarioTests./builds/forms/forms/candy.test.data/TestCases/Group4/418103/fuf" time="0.3462020" />
    <testcase classname="Kontur.Forms.Candy.Api.InnerTransformationTests.InnerToFufScenarioTests" name="InnerToFufScenarioTests./builds/forms/forms/candy.test.data/TestCases/Group4/408004/aftermerge-fuf-check" time="0.7067470" />
    <testcase classname="Kontur.Forms.Candy.Api.InnerTransformationTests.FufToInnerScenarioTests" name="FufToInnerScenarioTests./builds/forms/forms/candy.test.data/TestCases/Group4/410702/file (48)" time="0.3448830" />
    <testcase classname="Kontur.Forms.Candy.Api.InnerTransformationTests.FufToInnerScenarioTests" name="FufToInnerScenarioTests./builds/forms/forms/candy.test.data/TestCases/Group4/410306/410306fuf" time="0.3045890" />
    <testcase classname="Kontur.Forms.Candy.Api.InnerTransformationTests.InnerToFufScenarioTests" name="InnerToFufScenarioTests./builds/forms/forms/candy.test.data/TestCases/Group4/406107/406107" time="0.8246310" />
    <testcase classname="Kontur.Forms.Candy.Api.InnerTransformationTests.FufToInnerScenarioTests" name="FufToInnerScenarioTests./builds/forms/forms/candy.test.data/TestCases/Group4/410306/410306fuf.31-03-2020" time="0.3037510" />
    <testcase classname="Kontur.Forms.Candy.Api.InnerTransformationTests.FufToInnerScenarioTests" name="FufToInnerScenarioTests./builds/forms/forms/candy.test.data/TestCases/Group4/408004/aftermerge-fuf-check" time="0.2661180" />
    <testcase classname="Kontur.Forms.Candy.Api.InnerTransformationTests.InnerToFufScenarioTests" name="InnerToFufScenarioTests./builds/forms/forms/candy.test.data/TestCases/Group4/422401/aftermerge-fuf-check" time="0.7929020" />
    <testcase classname="Kontur.Forms.Candy.Api.InnerTransformationTests.InnerToFufScenarioTests" name="InnerToFufScenarioTests./builds/forms/forms/candy.test.data/TestCases/Group4/406005/406005" time="0.7115890" />
    <testcase classname="Kontur.Forms.Candy.Api.InnerTransformationTests.InnerToFufScenarioTests" name="InnerToFufScenarioTests./builds/forms/forms/candy.test.data/TestCases/Group4/409603/file (14)" time="0.7060780" />
    <testcase classname="Kontur.Forms.Candy.Api.InnerTransformationTests.FufToInnerScenarioTests" name="FufToInnerScenarioTests./builds/forms/forms/candy.test.data/TestCases/Group4/422401/aftermerge-fuf-check" time="0.3092829" />
    <testcase classname="Kontur.Forms.Candy.Api.InnerTransformationTests.FufToInnerScenarioTests" name="FufToInnerScenarioTests./builds/forms/forms/candy.test.data/TestCases/Group4/406005/406005" time="0.2705340" />
    <testcase classname="Kontur.Forms.Candy.Api.InnerTransformationTests.InnerToFufScenarioTests" name="InnerToFufScenarioTests./builds/forms/forms/candy.test.data/TestCases/Group4/420304/fuf" time="0.6865369" />
    <testcase classname="Kontur.Forms.Candy.Api.InnerTransformationTests.InnerToFufScenarioTests" name="InnerToFufScenarioTests./builds/forms/forms/candy.test.data/TestCases/Group4/435001/435001_" time="0.9763390" />
    <testcase classname="Kontur.Forms.Candy.Api.InnerTransformationTests.InnerToFufScenarioTests" name="InnerToFufScenarioTests./builds/forms/forms/candy.test.data/TestCases/Group4/416601/aftermerge-fuf-check" time="0.7328170" />
    <testcase classname="Kontur.Forms.Candy.Api.InnerTransformationTests.InnerToFufScenarioTests" name="InnerToFufScenarioTests./builds/forms/forms/candy.test.data/TestCases/Group4/411901/aftermerge-fuf-check" time="0.8371610" />
    <testcase classname="Kontur.Forms.Candy.Api.InnerTransformationTests.FufToInnerScenarioTests" name="FufToInnerScenarioTests./builds/forms/forms/candy.test.data/TestCases/Group4/409603/file (14)" time="0.3948830" />
    <testcase classname="Kontur.Forms.Candy.Api.InnerTransformationTests.InnerToFufScenarioTests" name="InnerToFufScenarioTests./builds/forms/forms/candy.test.data/TestCases/Group4/428409/428409" time="0.8616270" />
    <testcase classname="Kontur.Forms.Candy.Api.InnerTransformationTests.InnerToFufScenarioTests" name="InnerToFufScenarioTests./builds/forms/forms/candy.test.data/TestCases/Group4/428409/428409.22-11-2019" time="0.9139570" />
    <testcase classname="Kontur.Forms.Candy.Api.InnerTransformationTests.InnerToFufScenarioTests" name="InnerToFufScenarioTests./builds/forms/forms/candy.test.data/TestCases/Group4/407905/407905" time="1.0011630" />
    <testcase classname="Kontur.Forms.Candy.Api.InnerTransformationTests.FufToInnerScenarioTests" name="FufToInnerScenarioTests./builds/forms/forms/candy.test.data/TestCases/Group4/411901/aftermerge-fuf-check" time="0.5766920" />
    <testcase classname="Kontur.Forms.Candy.Api.InnerTransformationTests.FufToInnerScenarioTests" name="FufToInnerScenarioTests./builds/forms/forms/candy.test.data/TestCases/Group4/406107/406107" time="1.3892350" />
    <testcase classname="Kontur.Forms.Candy.Api.InnerTransformationTests.FufToInnerScenarioTests" name="FufToInnerScenarioTests./builds/forms/forms/candy.test.data/TestCases/Group4/435001/435001_" time="0.7653120" />
    <testcase classname="Kontur.Forms.Candy.Api.InnerTransformationTests.FufToInnerScenarioTests" name="FufToInnerScenarioTests./builds/forms/forms/candy.test.data/TestCases/Group4/416601/aftermerge-fuf-check" time="0.3080240" />
    <testcase classname="Kontur.Forms.Candy.Api.InnerTransformationTests.FufToInnerScenarioTests" name="FufToInnerScenarioTests./builds/forms/forms/candy.test.data/TestCases/Group4/407905/407905" time="0.3280800" />
    <testcase classname="Kontur.Forms.Candy.Api.InnerTransformationTests.InnerToFufScenarioTests" name="InnerToFufScenarioTests./builds/forms/forms/candy.test.data/TestCases/Group4/408304/408304" time="1.0000849" />
    <testcase classname="Kontur.Forms.Candy.Api.InnerTransformationTests.InnerToFufScenarioTests" name="InnerToFufScenarioTests./builds/forms/forms/candy.test.data/TestCases/Group4/410404/410404" time="1.0143150" />
    <testcase classname="Kontur.Forms.Candy.Api.InnerTransformationTests.FufToInnerScenarioTests" name="FufToInnerScenarioTests./builds/forms/forms/candy.test.data/TestCases/Group4/420304/fuf" time="0.5058080" />
    <testcase classname="Kontur.Forms.Candy.Api.InnerTransformationTests.InnerToFufScenarioTests" name="InnerToFufScenarioTests./builds/forms/forms/candy.test.data/TestCases/Group4/435202/435202" time="1.0270470" />
    <testcase classname="Kontur.Forms.Candy.Api.InnerTransformationTests.FufToInnerScenarioTests" name="FufToInnerScenarioTests./builds/forms/forms/candy.test.data/TestCases/Group4/428409/428409.22-11-2019" time="0.2701410" />
    <testcase classname="Kontur.Forms.Candy.Api.InnerTransformationTests.InnerToFufScenarioTests" name="InnerToFufScenarioTests./builds/forms/forms/candy.test.data/TestCases/Group4/402104/402104" time="1.1220020" />
    <testcase classname="Kontur.Forms.Candy.Api.InnerTransformationTests.InnerToFufScenarioTests" name="InnerToFufScenarioTests./builds/forms/forms/candy.test.data/TestCases/Group4/432401/432401" time="0.6684730" />
    <testcase classname="Kontur.Forms.Candy.Api.InnerTransformationTests.InnerToFufScenarioTests" name="InnerToFufScenarioTests./builds/forms/forms/candy.test.data/TestCases/Group4/426601/426601" time="0.8169350" />
    <testcase classname="Kontur.Forms.Candy.Api.InnerTransformationTests.InnerToFufScenarioTests" name="InnerToFufScenarioTests./builds/forms/forms/candy.test.data/TestCases/Group4/426601/aftermerge-fuf-check" time="0.7398110" />
    <testcase classname="Kontur.Forms.Candy.Api.InnerTransformationTests.FufToInnerScenarioTests" name="FufToInnerScenarioTests./builds/forms/forms/candy.test.data/TestCases/Group4/428409/428409" time="0.4527730" />
    <testcase classname="Kontur.Forms.Candy.Api.InnerTransformationTests.FufToInnerScenarioTests" name="FufToInnerScenarioTests./builds/forms/forms/candy.test.data/TestCases/Group4/410404/410404" time="0.4310080" />
    <testcase classname="Kontur.Forms.Candy.Api.InnerTransformationTests.InnerToFufScenarioTests" name="InnerToFufScenarioTests./builds/forms/forms/candy.test.data/TestCases/Group4/426601/426601fuf_currect" time="0.6419310" />
    <testcase classname="Kontur.Forms.Candy.Api.InnerTransformationTests.FufToInnerScenarioTests" name="FufToInnerScenarioTests./builds/forms/forms/candy.test.data/TestCases/Group4/408304/408304" time="0.5082940" />
    <testcase classname="Kontur.Forms.Candy.Api.InnerTransformationTests.FufToInnerScenarioTests" name="FufToInnerScenarioTests./builds/forms/forms/candy.test.data/TestCases/Group4/402104/402104" time="0.4478610" />
    <testcase classname="Kontur.Forms.Candy.Api.InnerTransformationTests.FufToInnerScenarioTests" name="FufToInnerScenarioTests./builds/forms/forms/candy.test.data/TestCases/Group4/435202/435202" time="0.2983330" />
    <testcase classname="Kontur.Forms.Candy.Api.InnerTransformationTests.InnerToFufScenarioTests" name="InnerToFufScenarioTests./builds/forms/forms/candy.test.data/TestCases/Group4/402607/402607.13-02-2019" time="0.7252370" />
    <testcase classname="Kontur.Forms.Candy.Api.InnerTransformationTests.InnerToFufScenarioTests" name="InnerToFufScenarioTests./builds/forms/forms/candy.test.data/TestCases/Group4/402607/402607" time="0.6557790" />
    <testcase classname="Kontur.Forms.Candy.Api.InnerTransformationTests.FufToInnerScenarioTests" name="FufToInnerScenarioTests./builds/forms/forms/candy.test.data/TestCases/Group4/432401/432401" time="0.3054220" />
    <testcase classname="Kontur.Forms.Candy.Api.InnerTransformationTests.FufToInnerScenarioTests" name="FufToInnerScenarioTests./builds/forms/forms/candy.test.data/TestCases/Group4/426601/426601" time="0.2640550" />
    <testcase classname="Kontur.Forms.Candy.Api.InnerTransformationTests.InnerToFufScenarioTests" name="InnerToFufScenarioTests./builds/forms/forms/candy.test.data/TestCases/Group4/412403/412403" time="0.7297150" />
    <testcase classname="Kontur.Forms.Candy.Api.InnerTransformationTests.FufToInnerScenarioTests" name="FufToInnerScenarioTests./builds/forms/forms/candy.test.data/TestCases/Group4/426601/aftermerge-fuf-check" time="0.2675100" />
    <testcase classname="Kontur.Forms.Candy.Api.InnerTransformationTests.FufToInnerScenarioTests" name="FufToInnerScenarioTests./builds/forms/forms/candy.test.data/TestCases/Group4/426601/426601fuf_currect" time="0.2795849" />
    <testcase classname="Kontur.Forms.Candy.Api.InnerTransformationTests.FufToInnerScenarioTests" name="FufToInnerScenarioTests./builds/forms/forms/candy.test.data/TestCases/Group4/402607/402607.13-02-2019" time="0.3237300" />
    <testcase classname="Kontur.Forms.Candy.Api.InnerTransformationTests.FufToInnerScenarioTests" name="FufToInnerScenarioTests./builds/forms/forms/candy.test.data/TestCases/Group4/402607/402607" time="0.3056450" />
    <testcase classname="Kontur.Forms.Candy.Api.InnerTransformationTests.InnerToFufScenarioTests" name="InnerToFufScenarioTests./builds/forms/forms/candy.test.data/TestCases/Group4/431701/431701" time="0.8965130" />
    <testcase classname="Kontur.Forms.Candy.Api.InnerTransformationTests.FufToInnerScenarioTests" name="FufToInnerScenarioTests./builds/forms/forms/candy.test.data/TestCases/Group4/412403/412403" time="0.3930960" />
    <testcase classname="Kontur.Forms.Candy.Api.InnerTransformationTests.InnerToFufScenarioTests" name="InnerToFufScenarioTests./builds/forms/forms/candy.test.data/TestCases/Group4/401904/aftermerge-fuf-check" time="1.1220110" />
    <testcase classname="Kontur.Forms.Candy.Api.InnerTransformationTests.InnerToFufScenarioTests" name="InnerToFufScenarioTests./builds/forms/forms/candy.test.data/TestCases/Group4/429801/429801" time="0.8119100" />
    <testcase classname="Kontur.Forms.Candy.Api.InnerTransformationTests.InnerToFufScenarioTests" name="InnerToFufScenarioTests./builds/forms/forms/candy.test.data/TestCases/Group4/414903/414903" time="1.0962690" />
    <testcase classname="Kontur.Forms.Candy.Api.InnerTransformationTests.InnerToFufScenarioTests" name="InnerToFufScenarioTests./builds/forms/forms/candy.test.data/TestCases/Group4/417403/417403" time="0.9382590" />
    <testcase classname="Kontur.Forms.Candy.Api.InnerTransformationTests.InnerToFufScenarioTests" name="InnerToFufScenarioTests./builds/forms/forms/candy.test.data/TestCases/Group4/402501/1-конъюнктура 1 квартал 2010" time="0.9682490" />
    <testcase classname="Kontur.Forms.Candy.Api.InnerTransformationTests.FufToInnerScenarioTests" name="FufToInnerScenarioTests./builds/forms/forms/candy.test.data/TestCases/Group4/414903/414903" time="0.2907390" />
    <testcase classname="Kontur.Forms.Candy.Api.InnerTransformationTests.FufToInnerScenarioTests" name="FufToInnerScenarioTests./builds/forms/forms/candy.test.data/TestCases/Group4/401904/aftermerge-fuf-check" time="0.3378390" />
    <testcase classname="Kontur.Forms.Candy.Api.InnerTransformationTests.InnerToFufScenarioTests" name="InnerToFufScenarioTests./builds/forms/forms/candy.test.data/TestCases/Group4/402501/aftermerge-fuf-check" time="0.8567020" />
    <testcase classname="Kontur.Forms.Candy.Api.InnerTransformationTests.FufToInnerScenarioTests" name="FufToInnerScenarioTests./builds/forms/forms/candy.test.data/TestCases/Group4/431701/431701" time="0.3616210" />
    <testcase classname="Kontur.Forms.Candy.Api.InnerTransformationTests.InnerToFufScenarioTests" name="InnerToFufScenarioTests./builds/forms/forms/candy.test.data/TestCases/Group4/408802/aftermerge-fuf-check" time="1.1306190" />
    <testcase classname="Kontur.Forms.Candy.Api.InnerTransformationTests.InnerToFufScenarioTests" name="InnerToFufScenarioTests./builds/forms/forms/candy.test.data/TestCases/Group4/405403/405403fuf" time="0.7263250" />
    <testcase classname="Kontur.Forms.Candy.Api.InnerTransformationTests.FufToInnerScenarioTests" name="FufToInnerScenarioTests./builds/forms/forms/candy.test.data/TestCases/Group4/429801/429801" time="0.3109810" />
    <testcase classname="Kontur.Forms.Candy.Api.InnerTransformationTests.FufToInnerScenarioTests" name="FufToInnerScenarioTests./builds/forms/forms/candy.test.data/TestCases/Group4/417403/417403" time="0.4505110" />
    <testcase classname="Kontur.Forms.Candy.Api.InnerTransformationTests.InnerToFufScenarioTests" name="InnerToFufScenarioTests./builds/forms/forms/candy.test.data/TestCases/Group4/426303/426303" time="0.7500490" />
    <testcase classname="Kontur.Forms.Candy.Api.InnerTransformationTests.FufToInnerScenarioTests" name="FufToInnerScenarioTests./builds/forms/forms/candy.test.data/TestCases/Group4/408802/aftermerge-fuf-check" time="0.3173370" />
    <testcase classname="Kontur.Forms.Candy.Api.InnerTransformationTests.InnerToFufScenarioTests" name="InnerToFufScenarioTests./builds/forms/forms/candy.test.data/TestCases/Group4/420503/aftermerge-fuf-check" time="0.7682940" />
    <testcase classname="Kontur.Forms.Candy.Api.InnerTransformationTests.InnerToFufScenarioTests" name="InnerToFufScenarioTests./builds/forms/forms/candy.test.data/TestCases/Group4/411504/411504" time="0.9371200" />
    <testcase classname="Kontur.Forms.Candy.Api.InnerTransformationTests.FufToInnerScenarioTests" name="FufToInnerScenarioTests./builds/forms/forms/candy.test.data/TestCases/Group4/402501/aftermerge-fuf-check" time="0.2759410" />
    <testcase classname="Kontur.Forms.Candy.Api.InnerTransformationTests.FufToInnerScenarioTests" name="FufToInnerScenarioTests./builds/forms/forms/candy.test.data/TestCases/Group4/405403/405403fuf" time="0.2700750" />
    <testcase classname="Kontur.Forms.Candy.Api.InnerTransformationTests.FufToInnerScenarioTests" name="FufToInnerScenarioTests./builds/forms/forms/candy.test.data/TestCases/Group4/402501/1-конъюнктура 1 квартал 2010" time="0.4083339" />
    <testcase classname="Kontur.Forms.Candy.Api.InnerTransformationTests.InnerToFufScenarioTests" name="InnerToFufScenarioTests./builds/forms/forms/candy.test.data/TestCases/Group4/426302/426302" time="0.7579010" />
    <testcase classname="Kontur.Forms.Candy.Api.InnerTransformationTests.InnerToFufScenarioTests" name="InnerToFufScenarioTests./builds/forms/forms/candy.test.data/TestCases/Group4/403304/403304" time="0.8435320" />
    <testcase classname="Kontur.Forms.Candy.Api.InnerTransformationTests.InnerToFufScenarioTests" name="InnerToFufScenarioTests./builds/forms/forms/candy.test.data/TestCases/Group4/406307/file (60)" time="0.7790930" />
    <testcase classname="Kontur.Forms.Candy.Api.InnerTransformationTests.InnerToFufScenarioTests" name="InnerToFufScenarioTests./builds/forms/forms/candy.test.data/TestCases/Group4/401905/401905fuf" time="0.7710360" />
    <testcase classname="Kontur.Forms.Candy.Api.InnerTransformationTests.InnerToFufScenarioTests" name="InnerToFufScenarioTests./builds/forms/forms/candy.test.data/TestCases/Group4/401905/401905" time="0.5093410" />
    <testcase classname="Kontur.Forms.Candy.Api.InnerTransformationTests.FufToInnerScenarioTests" name="FufToInnerScenarioTests./builds/forms/forms/candy.test.data/TestCases/Group4/411504/411504" time="0.3205239" />
    <testcase classname="Kontur.Forms.Candy.Api.InnerTransformationTests.FufToInnerScenarioTests" name="FufToInnerScenarioTests./builds/forms/forms/candy.test.data/TestCases/Group4/426303/426303" time="0.3422180" />
    <testcase classname="Kontur.Forms.Candy.Api.InnerTransformationTests.FufToInnerScenarioTests" name="FufToInnerScenarioTests./builds/forms/forms/candy.test.data/TestCases/Group4/420503/aftermerge-fuf-check" time="0.3529130" />
    <testcase classname="Kontur.Forms.Candy.Api.InnerTransformationTests.InnerToFufScenarioTests" name="InnerToFufScenarioTests./builds/forms/forms/candy.test.data/TestCases/Group4/409001/aftermerge-fuf-check" time="0.6650020" />
    <testcase classname="Kontur.Forms.Candy.Api.InnerTransformationTests.FufToInnerScenarioTests" name="FufToInnerScenarioTests./builds/forms/forms/candy.test.data/TestCases/Group4/426302/426302" time="0.4421850" />
[...]

Warning - e07bb1c2-2653-47d5-a876-d14f46a07e89/8394103f-d267-4a4f-b920-e66a3bcd2fad

Warning - e07bb1c2-2653-47d5-a876-d14f46a07e89/cc2212dc-8e2a-4699-998b-7dbca5e3040b

Warning - e07bb1c2-2653-47d5-a876-d14f46a07e89/bf8af7e1-64ec-4700-a4d1-a5984a0e0984

Warning - e07bb1c2-2653-47d5-a876-d14f46a07e89/86f1feb8-d104-4586-a7b4-94bcb6974edf

Warning - e07bb1c2-2653-47d5-a876-d14f46a07e89/7779d6e2-65e2-44e6-803d-3c533c3bbc24

Warning - e07bb1c2-2653-47d5-a876-d14f46a07e89/cb902ddd-fad9-46a3-92a7-f523c37e8415

Warning - e07bb1c2-2653-47d5-a876-d14f46a07e89/7cb2abc7-fad9-413b-b67b-195c34612168

Warning - e07bb1c2-2653-47d5-a876-d14f46a07e89/498172e3-953a-4a0f-ac5e-be6af7d60cca

Warning - e07bb1c2-2653-47d5-a876-d14f46a07e89/6f8ce1df-6f25-442c-a824-fab2d05ebeea

Warning - e07bb1c2-2653-47d5-a876-d14f46a07e89/84eeb606-2c8a-4b21-8234-189cccbd3741

Warning - e07bb1c2-2653-47d5-a876-d14f46a07e89/8201c890-47f8-41c2-88fe-7f86cd3ab070

Warning - e07bb1c2-2653-47d5-a876-d14f46a07e89/5278c20c-bab9-4fc8-8a0a-d2dc4d9965d2

Warning - e07bb1c2-2653-47d5-a876-d14f46a07e89/192addbd-4a74-4091-b689-90e0243fbe7b

Warning - e07bb1c2-2653-47d5-a876-d14f46a07e89/f061c5f0-8959-47af-9184-1833c1ba806a

Warning - e07bb1c2-2653-47d5-a876-d14f46a07e89/0c4194ec-14dc-4a59-8328-1be6d9417704

Warning - e07bb1c2-2653-47d5-a876-d14f46a07e89/27be4e33-745a-4860-95a5-42197ed2c1fd

Warning - e07bb1c2-2653-47d5-a876-d14f46a07e89/f487aea9-88be-4a8c-9eac-359d042b8a86

Warning - e07bb1c2-2653-47d5-a876-d14f46a07e89/94281bda-b176-4e07-9b2f-07da4dabfa3c

Warning - e07bb1c2-2653-47d5-a876-d14f46a07e89/46b2e696-2236-4dd4-a6c8-5e2412758478

Warning - e07bb1c2-2653-47d5-a876-d14f46a07e89/1dce09b8-877e-4492-9fe5-6bbd4f03298c

Warning - e07bb1c2-2653-47d5-a876-d14f46a07e89/8bf0fe57-bb41-44f1-b720-72a5a3685948

Warning - e07bb1c2-2653-47d5-a876-d14f46a07e89/d8d81ad9-cbe2-4f23-82c0-97c903806454

Warning - e07bb1c2-2653-47d5-a876-d14f46a07e89/5b6fdd9f-e95d-43b8-9b0b-4d40c9947820

Warning - e07bb1c2-2653-47d5-a876-d14f46a07e89/dc5a954f-bfbe-4a83-a432-d6a60bd16709

Warning - e07bb1c2-2653-47d5-a876-d14f46a07e89/654970cc-ca20-4e14-86d8-389625cb5a2a

Warning - e07bb1c2-2653-47d5-a876-d14f46a07e89/37966d1d-b8d7-4354-98cf-7723569c71b7

Warning - e07bb1c2-2653-47d5-a876-d14f46a07e89/386897b7-cee8-44df-8baf-afbb0b0a3be8

Warning - e07bb1c2-2653-47d5-a876-d14f46a07e89/f7d581c1-4c0e-4405-a5d7-c201e20ae212

Warning - e07bb1c2-2653-47d5-a876-d14f46a07e89/55dd2b8d-4b70-48f9-8053-840e084c630b

Warning - e07bb1c2-2653-47d5-a876-d14f46a07e89/4088d165-fdf1-4b5b-8bb1-302f7fac5943

Warning - e07bb1c2-2653-47d5-a876-d14f46a07e89/2ae1c7b2-296b-4453-829f-e9ad55ea8f4c

Warning - e07bb1c2-2653-47d5-a876-d14f46a07e89/c741028f-dc3c-40dd-9b49-d2c30c2a347b

Warning - e07bb1c2-2653-47d5-a876-d14f46a07e89/9d505790-15a5-48f8-b485-5ca997142637

Warning - e07bb1c2-2653-47d5-a876-d14f46a07e89/94d45464-e2ce-479f-9508-bfa5390a1118

Warning - e07bb1c2-2653-47d5-a876-d14f46a07e89/191acffc-4634-41b3-b53f-f0d52f282835

Warning - e07bb1c2-2653-47d5-a876-d14f46a07e89/291d4dc9-4a0d-494d-b8c9-cfb2f695bca0

Warning - e07bb1c2-2653-47d5-a876-d14f46a07e89/c9bfb5ac-ecb0-4039-8a72-402993866d4e

Warning - e07bb1c2-2653-47d5-a876-d14f46a07e89/436c343a-9e48-41cb-b70b-51c1daaec688

Warning - e07bb1c2-2653-47d5-a876-d14f46a07e89/a649d651-901d-4bf5-b946-b65e0deea4a1

Warning - e07bb1c2-2653-47d5-a876-d14f46a07e89/9759ae0c-c08f-44e4-a20f-97d5284e4a2f

Warning - e07bb1c2-2653-47d5-a876-d14f46a07e89/1e685a95-a6a0-478f-b7d0-fc323dad84b7

Warning - e07bb1c2-2653-47d5-a876-d14f46a07e89/90bcd573-bed9-45f0-bcdf-1f5d2ecaf9bc

Warning - e07bb1c2-2653-47d5-a876-d14f46a07e89/e8493375-c22e-4094-9ed7-eb6fcbcbe299

Warning - e07bb1c2-2653-47d5-a876-d14f46a07e89/7c4f18ed-8d1c-46fa-b971-c200bb21bf82

Warning - e07bb1c2-2653-47d5-a876-d14f46a07e89/81c45747-be7b-4049-9879-eb234414691c

Warning - e07bb1c2-2653-47d5-a876-d14f46a07e89/d5c3b4b8-b9a2-4292-9516-2e7ba846769d

Warning - e07bb1c2-2653-47d5-a876-d14f46a07e89/69ffe993-24ec-43b1-ad5b-b6fc244a3822

Warning - e07bb1c2-2653-47d5-a876-d14f46a07e89/558760f8-0ba9-4da3-80bf-026a005546f3

Warning - e07bb1c2-2653-47d5-a876-d14f46a07e89/799002c3-dbe0-48d5-88d4-d4888394f8e9

Warning - e07bb1c2-2653-47d5-a876-d14f46a07e89/b425137e-0bd7-49cb-9493-ea3d580ec9fd

Warning - e07bb1c2-2653-47d5-a876-d14f46a07e89/df532749-f14c-400f-bb7c-997534b3193b

Warning - e07bb1c2-2653-47d5-a876-d14f46a07e89/196c4aa1-d8ae-453d-a01d-f2244774636f

Warning - e07bb1c2-2653-47d5-a876-d14f46a07e89/97823d23-93b1-449b-85b8-436c0bac0304

Warning - e07bb1c2-2653-47d5-a876-d14f46a07e89/860f5b47-e7a4-4e4e-8666-4ea90bb61a8a

Warning - e07bb1c2-2653-47d5-a876-d14f46a07e89/7f334604-e68a-41ab-9a0c-6967077c77cb

Warning - e07bb1c2-2653-47d5-a876-d14f46a07e89/e00728c9-b0ed-4ccb-b07c-8ca862e35654

Warning - e07bb1c2-2653-47d5-a876-d14f46a07e89/62285444-e774-4a33-8b51-1d04f748b1dd

Warning - e07bb1c2-2653-47d5-a876-d14f46a07e89/21c00a58-bb78-49c5-b9ec-5021e9bad7e0

Warning - e07bb1c2-2653-47d5-a876-d14f46a07e89/8918c11a-3890-4bae-b4a1-48eef8dd9c35

Warning - e07bb1c2-2653-47d5-a876-d14f46a07e89/370a5453-1249-46ca-9d2f-165633808f22

Warning - e07bb1c2-2653-47d5-a876-d14f46a07e89/767755c7-7923-4cab-928a-905c4fec13e2

Warning - e07bb1c2-2653-47d5-a876-d14f46a07e89/ba5d0d41-5f3c-44e6-960d-8cef50f8bf73

Warning - e07bb1c2-2653-47d5-a876-d14f46a07e89/cfe7b621-bc43-46bf-aaee-6b8419194f2a

Warning - e07bb1c2-2653-47d5-a876-d14f46a07e89/f6d30eaa-d22d-4134-b93e-c5d7b058ac05

Warning - e07bb1c2-2653-47d5-a876-d14f46a07e89/6e13a81b-c91d-4238-ad17-691032f3225e

Warning - e07bb1c2-2653-47d5-a876-d14f46a07e89/eec5f098-324d-4282-9911-95f50f66915d

Warning - e07bb1c2-2653-47d5-a876-d14f46a07e89/ed612612-2e32-46a9-be02-def99247b932

Warning - e07bb1c2-2653-47d5-a876-d14f46a07e89/82b10807-6dff-47be-9501-968f1201c84b

Warning - e07bb1c2-2653-47d5-a876-d14f46a07e89/f69123a0-a6ac-4e02-8f78-27a35788f4a7

Warning - e07bb1c2-2653-47d5-a876-d14f46a07e89/6d1303ce-7a03-4fa4-a7f8-2b32a83caf81

Warning - e07bb1c2-2653-47d5-a876-d14f46a07e89/c3fcbe44-92d0-42b3-89d3-38ab128a0410

Warning - e07bb1c2-2653-47d5-a876-d14f46a07e89/a5b3b51f-cde4-4cb5-9273-05e82caf70b3

Warning - e07bb1c2-2653-47d5-a876-d14f46a07e89/59c498aa-e7d9-4307-86d8-7c0a94dbcf3b

Warning - e07bb1c2-2653-47d5-a876-d14f46a07e89/0d105490-c0fc-475a-af7b-2fe97adf9267

Warning - e07bb1c2-2653-47d5-a876-d14f46a07e89/fae8e65b-6f2b-4485-89ea-5d1019a4c328

Warning - e07bb1c2-2653-47d5-a876-d14f46a07e89/718d68be-c572-4f99-aaea-f6c08fad45ef

Warning - e07bb1c2-2653-47d5-a876-d14f46a07e89/3b1e43d0-1f14-459d-9bd3-b5d2fdbdaf28

Warning - e07bb1c2-2653-47d5-a876-d14f46a07e89/1ffa768c-19c0-4efc-a5dc-d15107bffc0a

Warning - e07bb1c2-2653-47d5-a876-d14f46a07e89/3cc35ee1-560a-4232-a904-89786e3ced0f

Warning - e07bb1c2-2653-47d5-a876-d14f46a07e89/e5b86719-4d97-48ab-9e3c-e48f255d9b0d

Warning - e07bb1c2-2653-47d5-a876-d14f46a07e89/53f37488-a42a-41c0-ae57-f141fa617440

Warning - e07bb1c2-2653-47d5-a876-d14f46a07e89/27cf493a-92f2-43f6-b99a-30e412bf939a

Warning - e07bb1c2-2653-47d5-a876-d14f46a07e89/0d46ea74-25c0-473a-a2d7-7fc7497c88ad

Warning - e07bb1c2-2653-47d5-a876-d14f46a07e89/7fc12fef-e855-47f3-aba0-c32f23170e0b

Warning - e07bb1c2-2653-47d5-a876-d14f46a07e89/d1f83165-d32d-4ba5-9fa4-213f1c4a795c

Warning - e07bb1c2-2653-47d5-a876-d14f46a07e89/8aaea3cc-b1ae-4f89-8ba5-b668f5fee26c

Warning - e07bb1c2-2653-47d5-a876-d14f46a07e89/372430f7-797a-4f45-be46-6c7e47818dfe

Warning - e07bb1c2-2653-47d5-a876-d14f46a07e89/de65de90-b8f2-4a8c-bba4-c3b08850e53f

Warning - e07bb1c2-2653-47d5-a876-d14f46a07e89/f723561b-e854-4803-b3d3-4339f95a10d2

Warning - e07bb1c2-2653-47d5-a876-d14f46a07e89/b0a56c9a-5345-4210-8267-ab622b30bc25

Warning - e07bb1c2-2653-47d5-a876-d14f46a07e89/d0da3d9d-ce4f-4161-8670-2b69c80d438e

Warning - e07bb1c2-2653-47d5-a876-d14f46a07e89/dd981992-b9fb-401c-a7b9-25a23d83e2e8

Warning - e07bb1c2-2653-47d5-a876-d14f46a07e89/c0560763-aa5e-4648-8774-ba5104f1ce25

Warning - e07bb1c2-2653-47d5-a876-d14f46a07e89/44a88dc3-6de1-450e-9289-809d5331f530

Warning - e07bb1c2-2653-47d5-a876-d14f46a07e89/273d9bf5-82f6-42b3-84f2-933fac2ec35e

Warning - e07bb1c2-2653-47d5-a876-d14f46a07e89/34c1597f-de89-42ee-a929-fc77303b64c2

Warning - e07bb1c2-2653-47d5-a876-d14f46a07e89/18ce17e7-ef2b-4d86-ae24-055e51fd7ee1

Warning - e07bb1c2-2653-47d5-a876-d14f46a07e89/08d44d59-e7c4-44d5-a95c-60941dc28c6c

Warning - e07bb1c2-2653-47d5-a876-d14f46a07e89/49934768-7c8a-498c-b848-9a8bff63216a

Warning - e07bb1c2-2653-47d5-a876-d14f46a07e89/41421ea9-9dba-4933-ac18-8400e361270d

Warning - e07bb1c2-2653-47d5-a876-d14f46a07e89/1112eb49-a699-4f33-9214-b78c365a62d0

Warning - e07bb1c2-2653-47d5-a876-d14f46a07e89/5c83e919-8678-428f-a3b3-5006e8caf366

Warning - e07bb1c2-2653-47d5-a876-d14f46a07e89/45fcecea-310a-4d84-98a7-681eb634fa38

Warning - e07bb1c2-2653-47d5-a876-d14f46a07e89/31008ff7-8a08-4793-8fb5-b963cad9edd4

Warning - e07bb1c2-2653-47d5-a876-d14f46a07e89/91f2d71b-af58-4867-96f1-d09eda1121db

Warning - e07bb1c2-2653-47d5-a876-d14f46a07e89/a664118d-870c-4619-898f-92569daa18a1

Warning - e07bb1c2-2653-47d5-a876-d14f46a07e89/0589a810-2ea2-48d3-99b2-bdc68c604cf0

Warning - e07bb1c2-2653-47d5-a876-d14f46a07e89/5fed7483-dd04-48cb-bcd2-4f5ae0dc973f

Warning - e07bb1c2-2653-47d5-a876-d14f46a07e89/04067e67-2a94-45fb-9eb9-cdc237700a9e

Warning - e07bb1c2-2653-47d5-a876-d14f46a07e89/461552d2-9f68-4688-b982-d8ac2a09f924

Warning - e07bb1c2-2653-47d5-a876-d14f46a07e89/f446ab06-1392-450f-b74c-446708974dde

Warning - e07bb1c2-2653-47d5-a876-d14f46a07e89/875175ad-955f-446b-b9ed-a16972947cdc

Warning - e07bb1c2-2653-47d5-a876-d14f46a07e89/48780559-d537-4cb4-b6db-22f7850af4bd

Warning - e07bb1c2-2653-47d5-a876-d14f46a07e89/c6a87918-b341-4826-b20b-6c0646fbc02a

Warning - e07bb1c2-2653-47d5-a876-d14f46a07e89/0916a2ac-47c2-472c-a7cc-b2d9842174eb

Warning - e07bb1c2-2653-47d5-a876-d14f46a07e89/2b6ad776-acad-423d-9e6d-b04e4278126a

Warning - e07bb1c2-2653-47d5-a876-d14f46a07e89/e8d6ad25-560d-40a5-b52a-291a72fc8089

Warning - e07bb1c2-2653-47d5-a876-d14f46a07e89/4b724673-6352-4342-8bc4-696d6c14708b

Warning - e07bb1c2-2653-47d5-a876-d14f46a07e89/27a32bd1-b604-4d5b-8a79-98121c64ef7c

Warning - e07bb1c2-2653-47d5-a876-d14f46a07e89/c50b94fb-af6d-485f-b4d2-56fb2566685d

Warning - e07bb1c2-2653-47d5-a876-d14f46a07e89/fde0e1da-2402-4cf5-a235-56862812bcdb

Warning - e07bb1c2-2653-47d5-a876-d14f46a07e89/f15470a0-b85f-4c97-bf23-e4469157d20d

Warning - e07bb1c2-2653-47d5-a876-d14f46a07e89/6dc65423-79b0-4ff1-9302-7382755a508a

Warning - e07bb1c2-2653-47d5-a876-d14f46a07e89/27e3033b-00b5-4154-97ea-e3cfb50c99f3

Warning - e07bb1c2-2653-47d5-a876-d14f46a07e89/9d6be1da-c8c5-4adf-a33f-bb61318cbaa2

Warning - e07bb1c2-2653-47d5-a876-d14f46a07e89/2f9464f0-e63a-442c-8aa5-58f82e4cb23e

Warning - e07bb1c2-2653-47d5-a876-d14f46a07e89/073658c8-5316-4cc4-bc2c-fb38c0eb31a3

Warning - e07bb1c2-2653-47d5-a876-d14f46a07e89/efb14d94-8dad-4621-b38a-377dd77ad2ad

Warning - e07bb1c2-2653-47d5-a876-d14f46a07e89/887279d9-6aba-4dc0-bdfc-0ba311264f54

Warning - e07bb1c2-2653-47d5-a876-d14f46a07e89/02858e90-b007-4a57-8ba3-35988dee682f

Warning - e07bb1c2-2653-47d5-a876-d14f46a07e89/c704c7cf-be27-4d56-8369-4d55f153d282

Warning - e07bb1c2-2653-47d5-a876-d14f46a07e89/ff492311-1470-4a87-9caa-47bb0c490090

Warning - e07bb1c2-2653-47d5-a876-d14f46a07e89/e44ddc81-ecf2-4238-a3d1-a31ec69f7f8a

Warning - e07bb1c2-2653-47d5-a876-d14f46a07e89/4db30aa6-b4a1-43e2-a344-b54d4c9a2edb

Warning - e07bb1c2-2653-47d5-a876-d14f46a07e89/cf4f05a4-7aef-4f00-b240-8cd884236e13

Warning - e07bb1c2-2653-47d5-a876-d14f46a07e89/b1b40845-bd5d-4479-9004-a1c6e0e66f5f

Warning - e07bb1c2-2653-47d5-a876-d14f46a07e89/fc459a21-3342-4060-8819-65f49becb500

Warning - e07bb1c2-2653-47d5-a876-d14f46a07e89/02fd8b50-68f3-48cc-b9c1-db5d3970654e

Warning - e07bb1c2-2653-47d5-a876-d14f46a07e89/ea82b814-d9df-47b1-8ae3-5a9b6ce48380

Warning - e07bb1c2-2653-47d5-a876-d14f46a07e89/d01d022a-9e1f-4aa2-a5f5-db179f22a757

Warning - e07bb1c2-2653-47d5-a876-d14f46a07e89/6a728226-ac11-4141-bb63-413f86a2844c

Warning - e07bb1c2-2653-47d5-a876-d14f46a07e89/d46e997c-9991-431a-bdf4-a71d8d0fcc92

Warning - e07bb1c2-2653-47d5-a876-d14f46a07e89/21eb8eee-9a75-414a-9296-147f6527ae2c

Warning - e07bb1c2-2653-47d5-a876-d14f46a07e89/32926286-a70e-4982-8917-3ef1b1ccb62a

Warning - e07bb1c2-2653-47d5-a876-d14f46a07e89/8d965d8b-dcff-4bd4-ae95-5fc2e94a8f5b

Warning - e07bb1c2-2653-47d5-a876-d14f46a07e89/5a959495-edea-438b-9eeb-be6a6c733f68

Warning - e07bb1c2-2653-47d5-a876-d14f46a07e89/fa36b351-3991-4f52-8910-7dc2a0bcd5ab

Warning - e07bb1c2-2653-47d5-a876-d14f46a07e89/d065dda4-c61c-49dd-9887-ffb465eb66ed

Warning - e07bb1c2-2653-47d5-a876-d14f46a07e89/701feb16-d7af-4021-b888-d18aa46a9a75

Warning - e07bb1c2-2653-47d5-a876-d14f46a07e89/dffdffa6-485e-4b2c-82a5-7db67037cc5f

Warning - e07bb1c2-2653-47d5-a876-d14f46a07e89/bde8c73e-37a5-4cff-b505-333dec7e3034

Warning - e07bb1c2-2653-47d5-a876-d14f46a07e89/d85985a9-9e42-4dc3-abe8-0b25c885d684

Warning - e07bb1c2-2653-47d5-a876-d14f46a07e89/467794df-f1d5-485d-a27e-52c239e8c0a9

Warning - e07bb1c2-2653-47d5-a876-d14f46a07e89/bcf3a649-f9ae-4e83-af2b-3eb863ce0e0b

Warning - e07bb1c2-2653-47d5-a876-d14f46a07e89/29af3875-a26b-4c6b-a2ee-55ad06b81395

Warning - e07bb1c2-2653-47d5-a876-d14f46a07e89/1fc5ab05-b14b-42be-8274-a6dff8321498

Warning - e07bb1c2-2653-47d5-a876-d14f46a07e89/d9615712-a423-48f2-afa2-e496c9081f18

Warning - e07bb1c2-2653-47d5-a876-d14f46a07e89/81a2a8a6-139e-4b14-b29d-04acfbfcec51

Warning - e07bb1c2-2653-47d5-a876-d14f46a07e89/8642ed27-0ca9-44db-bc6d-730d4aa74c03

Warning - e07bb1c2-2653-47d5-a876-d14f46a07e89/a63525a4-157e-4a19-b9e0-67e6c15df7b1

Warning - e07bb1c2-2653-47d5-a876-d14f46a07e89/ea9ce5ac-23c4-4ddb-9b2c-13ec84018fc2

Warning - e07bb1c2-2653-47d5-a876-d14f46a07e89/91e4ef13-3945-46fc-ab66-27698922592d

Warning - e07bb1c2-2653-47d5-a876-d14f46a07e89/8a1cf644-a671-4911-b48f-9289d1489276

Warning - e07bb1c2-2653-47d5-a876-d14f46a07e89/e5a959c4-8e9f-42be-894c-99eb841a661a

Warning - e07bb1c2-2653-47d5-a876-d14f46a07e89/c64ec0ce-a518-43d0-8f0d-b590d04964be

Warning - e07bb1c2-2653-47d5-a876-d14f46a07e89/c65d7883-5c3a-4e90-949b-eb7cae04036e

Warning - e07bb1c2-2653-47d5-a876-d14f46a07e89/4e308049-2dc6-4869-b475-dc946d31383c

Warning - e07bb1c2-2653-47d5-a876-d14f46a07e89/9c6bd90a-0e9a-406b-a77f-4d06104a1d7f

Warning - e07bb1c2-2653-47d5-a876-d14f46a07e89/ad3183da-d708-4a8e-a920-8a2692de27ec

Warning - e07bb1c2-2653-47d5-a876-d14f46a07e89/027ec709-e3ba-42a8-af78-851e05c98049

Warning - e07bb1c2-2653-47d5-a876-d14f46a07e89/c97e841b-c99c-48f1-a120-088c94ce5f0a

Warning - e07bb1c2-2653-47d5-a876-d14f46a07e89/fd11bfcc-f1fd-4c44-bdf8-b23e5f4b128d

Warning - e07bb1c2-2653-47d5-a876-d14f46a07e89/a3172621-0b91-4b10-b8c0-0536a8bbc158

Warning - e07bb1c2-2653-47d5-a876-d14f46a07e89/4daacd09-ede2-4fd4-9a21-33b4ba11fdd5

Warning - e07bb1c2-2653-47d5-a876-d14f46a07e89/292782ef-0931-4a78-baac-ba862ccb1c73

Warning - e07bb1c2-2653-47d5-a876-d14f46a07e89/a9fb59d2-5740-48bc-bee8-014597075745

Warning - e07bb1c2-2653-47d5-a876-d14f46a07e89/9d4d2b1f-3c3d-4719-98fe-d2faa7d7ca3c

Warning - e07bb1c2-2653-47d5-a876-d14f46a07e89/138684a2-6efd-40fc-954b-f93ebc5613c7

Warning - e07bb1c2-2653-47d5-a876-d14f46a07e89/17242cd1-28ad-42f5-a8c1-ed86d5733393

Warning - e07bb1c2-2653-47d5-a876-d14f46a07e89/a8c9cf87-0a48-4862-8fb8-0d745c623f80

Warning - e07bb1c2-2653-47d5-a876-d14f46a07e89/049e9f31-e243-42ce-9023-232d1b00fdba

Warning - e07bb1c2-2653-47d5-a876-d14f46a07e89/1921bc4e-1a08-4c38-9d91-4cd25b69a4a9

Warning - e07bb1c2-2653-47d5-a876-d14f46a07e89/a61c8391-4eab-4583-8134-22031e992154

Warning - e07bb1c2-2653-47d5-a876-d14f46a07e89/018138c1-ced2-40b9-aa2b-ce531553e47b

Warning - e07bb1c2-2653-47d5-a876-d14f46a07e89/e8e9894b-1d52-4682-a4fd-f9110a3c1c4f

Warning - e07bb1c2-2653-47d5-a876-d14f46a07e89/f364fb64-9bff-49f8-baab-9223f2cb5d60

Warning - e07bb1c2-2653-47d5-a876-d14f46a07e89/6c66e727-3f02-49df-ad07-f580ce42af78

Warning - e07bb1c2-2653-47d5-a876-d14f46a07e89/56d9d033-1b22-4ac4-bad4-d7de3f6729c0

Warning - e07bb1c2-2653-47d5-a876-d14f46a07e89/4c3c2071-bb5e-48db-8089-dcdadb1c312d

Warning - e07bb1c2-2653-47d5-a876-d14f46a07e89/8327b4ab-47ad-4ce0-b30b-e6eb0b85a29b

Warning - e07bb1c2-2653-47d5-a876-d14f46a07e89/aed4d2bd-3f39-4a9c-833f-31dab488e5a8

Warning - e07bb1c2-2653-47d5-a876-d14f46a07e89/43993f23-71a9-4570-ac03-23bf95ca52c6

Warning - e07bb1c2-2653-47d5-a876-d14f46a07e89/c6be70c7-02c3-4058-9ae4-f8d15b3c58f3

Warning - e07bb1c2-2653-47d5-a876-d14f46a07e89/90ccc73d-799f-4d23-a10e-6586114e7168

Warning - e07bb1c2-2653-47d5-a876-d14f46a07e89/858a8f5b-e993-43dd-91fd-23ed64c15932

Warning - e07bb1c2-2653-47d5-a876-d14f46a07e89/796c43ca-8b42-4a80-8406-2621887f78b2

Warning - e07bb1c2-2653-47d5-a876-d14f46a07e89/cbe8fbb0-9836-49b1-a006-26907af2868b

Warning - e07bb1c2-2653-47d5-a876-d14f46a07e89/7b3c4243-46a5-4afb-821f-2dcc2436732e

Warning - e07bb1c2-2653-47d5-a876-d14f46a07e89/87f54fa3-fe19-45a6-a54e-c2e99f43bfa5

Warning - e07bb1c2-2653-47d5-a876-d14f46a07e89/6ba87561-6c94-4d6d-b95e-4297b7c7f3ab

Warning - e07bb1c2-2653-47d5-a876-d14f46a07e89/1af51a95-ffd4-4986-920b-66d58fbec03d

Warning - e07bb1c2-2653-47d5-a876-d14f46a07e89/c8845bbd-a375-4b35-96df-4cabbe6b81c4

Warning - e07bb1c2-2653-47d5-a876-d14f46a07e89/d0f1d229-bc4b-4556-b56e-dd534f03528b

Warning - e07bb1c2-2653-47d5-a876-d14f46a07e89/684d55d1-7894-4064-898e-f8a2133fdb0b

Warning - e07bb1c2-2653-47d5-a876-d14f46a07e89/7da77fe3-0163-4014-aaa2-bf587ff7f484

Warning - e07bb1c2-2653-47d5-a876-d14f46a07e89/3d9e4fc5-63d3-48dd-8697-dc171c8ed883

Warning - e07bb1c2-2653-47d5-a876-d14f46a07e89/7eb85b40-2cea-4f62-93fc-11449767061e

Warning - e07bb1c2-2653-47d5-a876-d14f46a07e89/49504598-1583-494a-8f51-baf9363c878f

Warning - e07bb1c2-2653-47d5-a876-d14f46a07e89/6f7b85e9-6aa2-486c-895c-9f3d966c90c8

Warning - e07bb1c2-2653-47d5-a876-d14f46a07e89/49d845f7-6c1d-4cbd-b516-4d7eef125a38

Warning - e07bb1c2-2653-47d5-a876-d14f46a07e89/33be66bf-bad0-477f-bdc2-844f42df038e

Warning - e07bb1c2-2653-47d5-a876-d14f46a07e89/9988080c-8429-495d-a2fc-aaa966c19a59

Warning - e07bb1c2-2653-47d5-a876-d14f46a07e89/069bfae0-fb6f-48bc-a771-74b227d1bcc9

Warning - e07bb1c2-2653-47d5-a876-d14f46a07e89/a0fe94d9-3db4-47c6-bd8c-62f10d668dbd

Warning - e07bb1c2-2653-47d5-a876-d14f46a07e89/fa98a0e3-f29c-4974-a4c2-014898908c32

Warning - e07bb1c2-2653-47d5-a876-d14f46a07e89/4609cc58-38b1-47ff-8ab0-a845b93fd0ba

Warning - e07bb1c2-2653-47d5-a876-d14f46a07e89/7e96e181-69e2-4fa7-a5ad-731838574bb6

Warning - e07bb1c2-2653-47d5-a876-d14f46a07e89/87732e14-29be-4ec9-b8b1-8e5cb4c01f55

Warning - e07bb1c2-2653-47d5-a876-d14f46a07e89/34af801d-f659-4c08-83cf-26e18a1778dd

Warning - e07bb1c2-2653-47d5-a876-d14f46a07e89/d79c035f-27fd-431d-b3be-540f1ad5909f

Warning - e07bb1c2-2653-47d5-a876-d14f46a07e89/834de209-2727-4fa4-8f56-aa470a72ca08

Warning - e07bb1c2-2653-47d5-a876-d14f46a07e89/0042ed95-9c13-4f11-a866-b9a2af210235

Warning - e07bb1c2-2653-47d5-a876-d14f46a07e89/d8200323-1d9e-42b3-aa2d-fd3c6b40f0cf

Warning - e07bb1c2-2653-47d5-a876-d14f46a07e89/eeef3396-021a-412e-aa7b-7b24f274248a

Warning - e07bb1c2-2653-47d5-a876-d14f46a07e89/e50ef337-c307-46b3-a5da-e5c4f5713020

Warning - e07bb1c2-2653-47d5-a876-d14f46a07e89/b8d5f48a-7c90-42f3-b3ae-982fe92254a9

Warning - e07bb1c2-2653-47d5-a876-d14f46a07e89/08814e9c-63b5-4372-ab69-3bf81c79be06

Warning - e07bb1c2-2653-47d5-a876-d14f46a07e89/91bb4b4b-90ef-4f2a-978b-5db2feb15c21

Warning - e07bb1c2-2653-47d5-a876-d14f46a07e89/76f988e0-8d05-4129-9567-fdc6155866c6

Warning - e07bb1c2-2653-47d5-a876-d14f46a07e89/b5b8e0e6-ec59-42ab-8c2e-87bf87bca6f1

Warning - e07bb1c2-2653-47d5-a876-d14f46a07e89/8647e04e-085a-460b-beea-e16c3531d676

Warning - e07bb1c2-2653-47d5-a876-d14f46a07e89/2a707fe5-61ff-44bb-aca1-4b36982bae00

Warning - e07bb1c2-2653-47d5-a876-d14f46a07e89/698c74f6-4a97-4fa4-9505-f960a15b2f75

Warning - e07bb1c2-2653-47d5-a876-d14f46a07e89/7d9a8c1d-2455-401b-ad2c-f8da6ce49204

</system-err>
  </testsuite>
</testsuites>