<testsuites>
  <testsuite name="Forms.CrossChecks.IntegrationTests.dll" tests="1342" skipped="48" failures="0" errors="0" time="723.6892406000004" timestamp="2024-11-02T09:13:31" hostname="runner-xwgvg2526-project-17358-concurrent-9-fvrbtobs" id="0" package="Forms.CrossChecks.IntegrationTests.dll">
    <properties />
    <testcase classname="Kontur.Forms.CrossChecks.IntegrationTests.Client.CrossCheckRequestBuilderExtensionsTests" name="CrossCheckRequestBuilderExtensionsTests.AddFuf_FufWithHighlanderPropertiesExtraction_ExtractedPropertiesInResult" time="6.6436909" />
    <testcase classname="Kontur.Forms.CrossChecks.IntegrationTests.Client.IntegrationsTests.ApprovalsCrossChecksTests.2Ndfl" name="2Ndfl.SomeChecksDontPass" time="7.0106620" />
    <testcase classname="Kontur.Forms.CrossChecks.IntegrationTests.Client.IntegrationsTests.ApprovalsCrossChecksTests.2Ndfl" name="2Ndfl.ASignOfAuthority" time="5.3660310" />
    <testcase classname="Kontur.Forms.CrossChecks.IntegrationTests.Client.IntegrationsTests.ApprovalsCrossChecksTests.2Ndfl" name="2Ndfl.InnKppSenderMustEqualIdFileInnKppReport" time="5.2141350" />
    <testcase classname="Kontur.Forms.CrossChecks.IntegrationTests.Client.IntegrationsTests.ApprovalsCrossChecksTests.2Ndfl" name="2Ndfl.FioUpPredWarrantMustEqualFioCert" time="5.3888970" />
    <testcase classname="Kontur.Forms.CrossChecks.IntegrationTests.Client.IntegrationsTests.ApprovalsCrossChecksTests.2Ndfl" name="2Ndfl.IdFileInnKppReportMustEqualIdFileInnKppWarrant" time="5.2360590" />
    <testcase classname="Kontur.Forms.CrossChecks.IntegrationTests.Client.IntegrationsTests.ApprovalsCrossChecksTests.2Ndfl" name="2Ndfl.AllChecksPass" time="5.1423400" />
    <testcase classname="Kontur.Forms.CrossChecks.IntegrationTests.Client.IntegrationsTests.ApprovalsCrossChecksTests.2Ndfl" name="2Ndfl.InnSenderMustEqualInnCert_Error" time="5.1440040" />
    <testcase classname="Kontur.Forms.CrossChecks.IntegrationTests.Client.IntegrationsTests.ApprovalsCrossChecksTests.2Ndfl" name="2Ndfl.InnSenderMustEqualInnCert_Success" time="5.1520510" />
    <testcase classname="Kontur.Forms.CrossChecks.IntegrationTests.Client.IntegrationsTests.ApprovalsCrossChecksTests_Initial" name="ApprovalsCrossChecksTests_Initial.AvansiNaImushestvo_245_EmptyKpp_Error" time="0.0007060">
      <skipped />
    </testcase>
    <testcase classname="Kontur.Forms.CrossChecks.IntegrationTests.Client.IntegrationsTests.ApprovalsCrossChecksTests_Initial" name="ApprovalsCrossChecksTests_Initial.AvansiNaImushestvo_245_EmptyKpp_Pass" time="0.0436580" />
    <testcase classname="Kontur.Forms.CrossChecks.IntegrationTests.Client.IntegrationsTests.ApprovalsCrossChecksTests_Initial" name="ApprovalsCrossChecksTests_Initial.AvansiNaImushestvo_245_RegisteredKpp_Pass" time="0.0188219" />
    <testcase classname="Kontur.Forms.CrossChecks.IntegrationTests.Client.IntegrationsTests.ApprovalsCrossChecksTests_Initial" name="ApprovalsCrossChecksTests_Initial.AvansiNaImushestvo_281_RegisteredKpp_Pass" time="0.0187440" />
    <testcase classname="Kontur.Forms.CrossChecks.IntegrationTests.Client.IntegrationsTests.ApprovalsCrossChecksTests_Initial" name="ApprovalsCrossChecksTests_Initial.AvansiNaImushestvo_PoMestu213_RegisteredKpp_Pass" time="0.0178730" />
    <testcase classname="Kontur.Forms.CrossChecks.IntegrationTests.Client.IntegrationsTests.ApprovalsCrossChecksTests_Initial" name="ApprovalsCrossChecksTests_Initial.AvansiNaImushestvo_PoMestu214_EmptyKpp_Error" time="0.0000110">
      <skipped />
    </testcase>
    <testcase classname="Kontur.Forms.CrossChecks.IntegrationTests.Client.IntegrationsTests.ApprovalsCrossChecksTests_Initial" name="ApprovalsCrossChecksTests_Initial.AvansiNaImushestvo_PoMestu214_EmptyKpp_Pass" time="0.0248500" />
    <testcase classname="Kontur.Forms.CrossChecks.IntegrationTests.Client.IntegrationsTests.ApprovalsCrossChecksTests_Initial" name="ApprovalsCrossChecksTests_Initial.AvansiNaImushestvo_PoMestu214_RegisteredKpp_Pass" time="0.0222080" />
    <testcase classname="Kontur.Forms.CrossChecks.IntegrationTests.Client.IntegrationsTests.ApprovalsCrossChecksTests_Initial" name="ApprovalsCrossChecksTests_Initial.AvansiNaImushestvo_PoMestu214_UnregisteredKPP_Error" time="0.0000100">
      <skipped />
    </testcase>
    <testcase classname="Kontur.Forms.CrossChecks.IntegrationTests.Client.IntegrationsTests.ApprovalsCrossChecksTests_Initial" name="ApprovalsCrossChecksTests_Initial.AvansiNaImushestvo_PoMestu214_UnregisteredKPP_Pass" time="0.0184970" />
    <testcase classname="Kontur.Forms.CrossChecks.IntegrationTests.Client.IntegrationsTests.ApprovalsCrossChecksTests_Initial" name="ApprovalsCrossChecksTests_Initial.AvansiNaImushestvo_PoMestu215_EmptyKpp_Error" time="0.0000100">
      <skipped />
    </testcase>
    <testcase classname="Kontur.Forms.CrossChecks.IntegrationTests.Client.IntegrationsTests.ApprovalsCrossChecksTests_Initial" name="ApprovalsCrossChecksTests_Initial.AvansiNaImushestvo_PoMestu215_EmptyKpp_Pass" time="0.0165860" />
    <testcase classname="Kontur.Forms.CrossChecks.IntegrationTests.Client.IntegrationsTests.ApprovalsCrossChecksTests_Initial" name="ApprovalsCrossChecksTests_Initial.AvansiNaImushestvo_PoMestu215_RegisteredKpp_Pass" time="0.0157899" />
    <testcase classname="Kontur.Forms.CrossChecks.IntegrationTests.Client.IntegrationsTests.ApprovalsCrossChecksTests_Initial" name="ApprovalsCrossChecksTests_Initial.AvansiNaImushestvo_PoMestu215_UnregisteredKPP_Error" time="0.0000110">
      <skipped />
    </testcase>
    <testcase classname="Kontur.Forms.CrossChecks.IntegrationTests.Client.IntegrationsTests.ApprovalsCrossChecksTests_Initial" name="ApprovalsCrossChecksTests_Initial.AvansiNaImushestvo_PoMestu215_UnregisteredKPP_Pass" time="0.0425020" />
    <testcase classname="Kontur.Forms.CrossChecks.IntegrationTests.Client.IntegrationsTests.ApprovalsCrossChecksTests_Initial" name="ApprovalsCrossChecksTests_Initial.AvansiNaImushestvo_PoMestu216_RegisteredKpp_Pass" time="0.0204050" />
    <testcase classname="Kontur.Forms.CrossChecks.IntegrationTests.Client.IntegrationsTests.ApprovalsCrossChecksTests_Initial" name="ApprovalsCrossChecksTests_Initial.AvansiNaImushestvo_PoMestu221_EmptyKpp_Error" time="0.0000100">
      <skipped />
    </testcase>
    <testcase classname="Kontur.Forms.CrossChecks.IntegrationTests.Client.IntegrationsTests.ApprovalsCrossChecksTests_Initial" name="ApprovalsCrossChecksTests_Initial.AvansiNaImushestvo_PoMestu221_EmptyKpp_Pass" time="0.0206189" />
    <testcase classname="Kontur.Forms.CrossChecks.IntegrationTests.Client.IntegrationsTests.ApprovalsCrossChecksTests_Initial" name="ApprovalsCrossChecksTests_Initial.AvansiNaImushestvo_PoMestu221_RegisteredKpp_Pass" time="0.0221869" />
    <testcase classname="Kontur.Forms.CrossChecks.IntegrationTests.Client.IntegrationsTests.ApprovalsCrossChecksTests_Initial" name="ApprovalsCrossChecksTests_Initial.AvansiNaImushestvo_PoMestu221_UnregisteredKPP_Error" time="0.0000150">
      <skipped />
    </testcase>
    <testcase classname="Kontur.Forms.CrossChecks.IntegrationTests.Client.IntegrationsTests.ApprovalsCrossChecksTests_Initial" name="ApprovalsCrossChecksTests_Initial.AvansiNaImushestvo_PoMestu221_UnregisteredKPP_Pass" time="0.0218070" />
    <testcase classname="Kontur.Forms.CrossChecks.IntegrationTests.Client.IntegrationsTests.ApprovalsCrossChecksTests_Initial" name="ApprovalsCrossChecksTests_Initial.AvansiNaImushestvo_PoMestu245_UnregisteredKPP_Error" time="0.0000100">
      <skipped />
    </testcase>
    <testcase classname="Kontur.Forms.CrossChecks.IntegrationTests.Client.IntegrationsTests.ApprovalsCrossChecksTests_Initial" name="ApprovalsCrossChecksTests_Initial.AvansiNaImushestvo_PoMestu245_UnregisteredKPP_Pass" time="0.0677140" />
    <testcase classname="Kontur.Forms.CrossChecks.IntegrationTests.Client.IntegrationsTests.ApprovalsCrossChecksTests_Initial" name="ApprovalsCrossChecksTests_Initial.ENVD_5_05_PoMestu214_RegisteredKpp_Pass" time="0.0195480" />
    <testcase classname="Kontur.Forms.CrossChecks.IntegrationTests.Client.IntegrationsTests.ApprovalsCrossChecksTests_Initial" name="ApprovalsCrossChecksTests_Initial.ENVD_5_05_PoMestu215_RegisteredKpp_Pass" time="0.0122830" />
    <testcase classname="Kontur.Forms.CrossChecks.IntegrationTests.Client.IntegrationsTests.ApprovalsCrossChecksTests_Initial" name="ApprovalsCrossChecksTests_Initial.ENVD_5_05_PoMestu245_RegisteredKpp_Pass" time="0.0126979" />
    <testcase classname="Kontur.Forms.CrossChecks.IntegrationTests.Client.IntegrationsTests.ApprovalsCrossChecksTests_Initial" name="ApprovalsCrossChecksTests_Initial.ENVD_5_05_PoMestu310_RegisteredKpp_Pass" time="0.0120439" />
    <testcase classname="Kontur.Forms.CrossChecks.IntegrationTests.Client.IntegrationsTests.ApprovalsCrossChecksTests_Initial" name="ApprovalsCrossChecksTests_Initial.ENVD_5_05_PoMestu331_RegisteredKpp_Pass" time="0.0125530" />
    <testcase classname="Kontur.Forms.CrossChecks.IntegrationTests.Client.IntegrationsTests.ApprovalsCrossChecksTests_Initial" name="ApprovalsCrossChecksTests_Initial.ENVD_5_06_PoMestu120_IP_Pass" time="0.3742550" />
    <testcase classname="Kontur.Forms.CrossChecks.IntegrationTests.Client.IntegrationsTests.ApprovalsCrossChecksTests_Initial" name="ApprovalsCrossChecksTests_Initial.ENVD_5_06_PoMestu214_RegisteredKpp_Pass" time="0.1038130" />
    <testcase classname="Kontur.Forms.CrossChecks.IntegrationTests.Client.IntegrationsTests.ApprovalsCrossChecksTests_Initial" name="ApprovalsCrossChecksTests_Initial.ENVD_5_06_PoMestu215_RegisteredKpp_Pass" time="0.0972290" />
    <testcase classname="Kontur.Forms.CrossChecks.IntegrationTests.Client.IntegrationsTests.ApprovalsCrossChecksTests_Initial" name="ApprovalsCrossChecksTests_Initial.ENVD_5_06_PoMestu245_RegisteredKpp_Pass" time="0.0951000" />
    <testcase classname="Kontur.Forms.CrossChecks.IntegrationTests.Client.IntegrationsTests.ApprovalsCrossChecksTests_Initial" name="ApprovalsCrossChecksTests_Initial.ENVD_5_06_PoMestu310_RegisteredKpp_Pass" time="0.0215290" />
    <testcase classname="Kontur.Forms.CrossChecks.IntegrationTests.Client.IntegrationsTests.ApprovalsCrossChecksTests_Initial" name="ApprovalsCrossChecksTests_Initial.ENVD_5_06_PoMestu331_RegisteredKpp_Pass" time="0.0132570" />
    <testcase classname="Kontur.Forms.CrossChecks.IntegrationTests.Client.IntegrationsTests.ApprovalsCrossChecksTests_Initial" name="ApprovalsCrossChecksTests_Initial.NalogNaImushestvo_PoMestu213_RegisteredKpp_Pass" time="0.0197360" />
    <testcase classname="Kontur.Forms.CrossChecks.IntegrationTests.Client.IntegrationsTests.ApprovalsCrossChecksTests_Initial" name="ApprovalsCrossChecksTests_Initial.NalogNaImushestvo_PoMestu214_EmptyKpp_Error" time="0.0000180">
      <skipped />
    </testcase>
    <testcase classname="Kontur.Forms.CrossChecks.IntegrationTests.Client.IntegrationsTests.ApprovalsCrossChecksTests_Initial" name="ApprovalsCrossChecksTests_Initial.NalogNaImushestvo_PoMestu214_EmptyKpp_Pass" time="0.0404300" />
    <testcase classname="Kontur.Forms.CrossChecks.IntegrationTests.Client.IntegrationsTests.ApprovalsCrossChecksTests_Initial" name="ApprovalsCrossChecksTests_Initial.NalogNaImushestvo_PoMestu214_RegisteredKpp_Pass" time="0.0190970" />
    <testcase classname="Kontur.Forms.CrossChecks.IntegrationTests.Client.IntegrationsTests.ApprovalsCrossChecksTests_Initial" name="ApprovalsCrossChecksTests_Initial.NalogNaImushestvo_PoMestu214_UnregisteredKPP_Error" time="0.0000190">
      <skipped />
    </testcase>
    <testcase classname="Kontur.Forms.CrossChecks.IntegrationTests.Client.IntegrationsTests.ApprovalsCrossChecksTests_Initial" name="ApprovalsCrossChecksTests_Initial.NalogNaImushestvo_PoMestu214_UnregisteredKPP_Pass" time="0.0218730" />
    <testcase classname="Kontur.Forms.CrossChecks.IntegrationTests.Client.IntegrationsTests.ApprovalsCrossChecksTests_Initial" name="ApprovalsCrossChecksTests_Initial.NalogNaImushestvo_PoMestu215_EmptyKpp_Error" time="0.0000140">
      <skipped />
    </testcase>
    <testcase classname="Kontur.Forms.CrossChecks.IntegrationTests.Client.IntegrationsTests.ApprovalsCrossChecksTests_Initial" name="ApprovalsCrossChecksTests_Initial.NalogNaImushestvo_PoMestu215_EmptyKpp_Pass" time="0.0122460" />
    <testcase classname="Kontur.Forms.CrossChecks.IntegrationTests.Client.IntegrationsTests.ApprovalsCrossChecksTests_Initial" name="ApprovalsCrossChecksTests_Initial.NalogNaImushestvo_PoMestu215_RegisteredKpp_Pass" time="0.0115999" />
    <testcase classname="Kontur.Forms.CrossChecks.IntegrationTests.Client.IntegrationsTests.ApprovalsCrossChecksTests_Initial" name="ApprovalsCrossChecksTests_Initial.NalogNaImushestvo_PoMestu215_UnregisteredKPP_Error" time="0.0000100">
      <skipped />
    </testcase>
    <testcase classname="Kontur.Forms.CrossChecks.IntegrationTests.Client.IntegrationsTests.ApprovalsCrossChecksTests_Initial" name="ApprovalsCrossChecksTests_Initial.NalogNaImushestvo_PoMestu215_UnregisteredKPP_Pass" time="0.0114430" />
    <testcase classname="Kontur.Forms.CrossChecks.IntegrationTests.Client.IntegrationsTests.ApprovalsCrossChecksTests_Initial" name="ApprovalsCrossChecksTests_Initial.NalogNaImushestvo_PoMestu216_RegisteredKpp_Pass" time="0.0122640" />
    <testcase classname="Kontur.Forms.CrossChecks.IntegrationTests.Client.IntegrationsTests.ApprovalsCrossChecksTests_Initial" name="ApprovalsCrossChecksTests_Initial.NalogNaImushestvo_PoMestu221_EmptyKpp_Error" time="0.0000100">
      <skipped />
    </testcase>
    <testcase classname="Kontur.Forms.CrossChecks.IntegrationTests.Client.IntegrationsTests.ApprovalsCrossChecksTests_Initial" name="ApprovalsCrossChecksTests_Initial.NalogNaImushestvo_PoMestu221_EmptyKpp_Pass" time="0.0123430" />
    <testcase classname="Kontur.Forms.CrossChecks.IntegrationTests.Client.IntegrationsTests.ApprovalsCrossChecksTests_Initial" name="ApprovalsCrossChecksTests_Initial.NalogNaImushestvo_PoMestu221_RegisteredKpp_Pass" time="0.0124090" />
    <testcase classname="Kontur.Forms.CrossChecks.IntegrationTests.Client.IntegrationsTests.ApprovalsCrossChecksTests_Initial" name="ApprovalsCrossChecksTests_Initial.NalogNaImushestvo_PoMestu221_UnregisteredKPP_Error" time="0.0000110">
      <skipped />
    </testcase>
    <testcase classname="Kontur.Forms.CrossChecks.IntegrationTests.Client.IntegrationsTests.ApprovalsCrossChecksTests_Initial" name="ApprovalsCrossChecksTests_Initial.NalogNaImushestvo_PoMestu221_UnregisteredKPP_Pass" time="0.0178230" />
    <testcase classname="Kontur.Forms.CrossChecks.IntegrationTests.Client.IntegrationsTests.ApprovalsCrossChecksTests_Initial" name="ApprovalsCrossChecksTests_Initial.NalogNaImushestvo_PoMestu245_EmptyKpp_Error" time="0.0000110">
      <skipped />
    </testcase>
    <testcase classname="Kontur.Forms.CrossChecks.IntegrationTests.Client.IntegrationsTests.ApprovalsCrossChecksTests_Initial" name="ApprovalsCrossChecksTests_Initial.NalogNaImushestvo_PoMestu245_EmptyKpp_Pass" time="0.0122050" />
    <testcase classname="Kontur.Forms.CrossChecks.IntegrationTests.Client.IntegrationsTests.ApprovalsCrossChecksTests_Initial" name="ApprovalsCrossChecksTests_Initial.NalogNaImushestvo_PoMestu245_RegisteredKpp_Pass" time="0.0251830" />
    <testcase classname="Kontur.Forms.CrossChecks.IntegrationTests.Client.IntegrationsTests.ApprovalsCrossChecksTests_Initial" name="ApprovalsCrossChecksTests_Initial.NalogNaImushestvo_PoMestu245_UnregisteredKPP_Error" time="0.0000100">
      <skipped />
    </testcase>
    <testcase classname="Kontur.Forms.CrossChecks.IntegrationTests.Client.IntegrationsTests.ApprovalsCrossChecksTests_Initial" name="ApprovalsCrossChecksTests_Initial.NalogNaImushestvo_PoMestu245_UnregisteredKPP_Pass" time="0.0114930" />
    <testcase classname="Kontur.Forms.CrossChecks.IntegrationTests.Client.IntegrationsTests.ApprovalsCrossChecksTests_Initial" name="ApprovalsCrossChecksTests_Initial.NalogNaImushestvo_PoMestu281_RegisteredKpp_Pass" time="0.0117650" />
    <testcase classname="Kontur.Forms.CrossChecks.IntegrationTests.Client.IntegrationsTests.ApprovalsCrossChecksTests_Initial" name="ApprovalsCrossChecksTests_Initial.NDFL_6_PoMestu120_IP_Pass" time="0.0126410" />
    <testcase classname="Kontur.Forms.CrossChecks.IntegrationTests.Client.IntegrationsTests.ApprovalsCrossChecksTests_Initial" name="ApprovalsCrossChecksTests_Initial.NDFL_6_PoMestu120_RegisteredKpp_Pass" time="0.0126080" />
    <testcase classname="Kontur.Forms.CrossChecks.IntegrationTests.Client.IntegrationsTests.ApprovalsCrossChecksTests_Initial" name="ApprovalsCrossChecksTests_Initial.NDFL_6_PoMestu125_RegisteredKpp_Pass" time="0.0120240" />
    <testcase classname="Kontur.Forms.CrossChecks.IntegrationTests.Client.IntegrationsTests.ApprovalsCrossChecksTests_Initial" name="ApprovalsCrossChecksTests_Initial.NDFL_6_PoMestu126_RegisteredKpp_Pass" time="0.0119430" />
    <testcase classname="Kontur.Forms.CrossChecks.IntegrationTests.Client.IntegrationsTests.ApprovalsCrossChecksTests_Initial" name="ApprovalsCrossChecksTests_Initial.NDFL_6_PoMestu212_EmptyKpp_Error" time="0.0000120">
      <skipped />
    </testcase>
    <testcase classname="Kontur.Forms.CrossChecks.IntegrationTests.Client.IntegrationsTests.ApprovalsCrossChecksTests_Initial" name="ApprovalsCrossChecksTests_Initial.NDFL_6_PoMestu212_EmptyKpp_Pass" time="0.0128440" />
    <testcase classname="Kontur.Forms.CrossChecks.IntegrationTests.Client.IntegrationsTests.ApprovalsCrossChecksTests_Initial" name="ApprovalsCrossChecksTests_Initial.NDFL_6_PoMestu212_IP_Pass" time="0.0117290" />
    <testcase classname="Kontur.Forms.CrossChecks.IntegrationTests.Client.IntegrationsTests.ApprovalsCrossChecksTests_Initial" name="ApprovalsCrossChecksTests_Initial.NDFL_6_PoMestu212_RegisteredKpp_Pass" time="0.0410790" />
    <testcase classname="Kontur.Forms.CrossChecks.IntegrationTests.Client.IntegrationsTests.ApprovalsCrossChecksTests_Initial" name="ApprovalsCrossChecksTests_Initial.NDFL_6_PoMestu212_UnregisteredKPP_Error" time="0.0000110">
      <skipped />
    </testcase>
    <testcase classname="Kontur.Forms.CrossChecks.IntegrationTests.Client.IntegrationsTests.ApprovalsCrossChecksTests_Initial" name="ApprovalsCrossChecksTests_Initial.NDFL_6_PoMestu212_UnregisteredKPP_Pass" time="0.0125040" />
    <testcase classname="Kontur.Forms.CrossChecks.IntegrationTests.Client.IntegrationsTests.ApprovalsCrossChecksTests_Initial" name="ApprovalsCrossChecksTests_Initial.NDFL_6_PoMestu213_RegisteredKpp_Pass" time="0.0115300" />
    <testcase classname="Kontur.Forms.CrossChecks.IntegrationTests.Client.IntegrationsTests.ApprovalsCrossChecksTests_Initial" name="ApprovalsCrossChecksTests_Initial.NDFL_6_PoMestu220_RegisteredKpp_Pass" time="0.0110510" />
    <testcase classname="Kontur.Forms.CrossChecks.IntegrationTests.Client.IntegrationsTests.ApprovalsCrossChecksTests_Initial" name="ApprovalsCrossChecksTests_Initial.NDFL_6_PoMestu320_RegisteredKpp_Pass" time="0.0111840" />
    <testcase classname="Kontur.Forms.CrossChecks.IntegrationTests.Client.IntegrationsTests.ApprovalsCrossChecksTests_Initial" name="ApprovalsCrossChecksTests_Initial.NDFL_6_PoMestu335_RegisteredKpp_Pass" time="0.0110930" />
    <testcase classname="Kontur.Forms.CrossChecks.IntegrationTests.Client.IntegrationsTests.ApprovalsCrossChecksTests_Initial" name="ApprovalsCrossChecksTests_Initial.Pribil_PoMestu213_RegisteredKpp_50InKPP_Pass" time="0.0111780" />
    <testcase classname="Kontur.Forms.CrossChecks.IntegrationTests.Client.IntegrationsTests.ApprovalsCrossChecksTests_Initial" name="ApprovalsCrossChecksTests_Initial.Pribil_PoMestu213_RegisteredKpp_Pass" time="0.0159550" />
    <testcase classname="Kontur.Forms.CrossChecks.IntegrationTests.Client.IntegrationsTests.ApprovalsCrossChecksTests_Initial" name="ApprovalsCrossChecksTests_Initial.Pribil_PoMestu213_UnregisteredKpp_Error" time="0.0000110">
      <skipped />
    </testcase>
    <testcase classname="Kontur.Forms.CrossChecks.IntegrationTests.Client.IntegrationsTests.ApprovalsCrossChecksTests_Initial" name="ApprovalsCrossChecksTests_Initial.Pribil_PoMestu213_UnregisteredKpp_Pass" time="0.0112890" />
    <testcase classname="Kontur.Forms.CrossChecks.IntegrationTests.Client.IntegrationsTests.ApprovalsCrossChecksTests_Initial" name="ApprovalsCrossChecksTests_Initial.Pribil_PoMestu214_EmptyKpp_Error" time="0.0000180">
      <skipped />
    </testcase>
    <testcase classname="Kontur.Forms.CrossChecks.IntegrationTests.Client.IntegrationsTests.ApprovalsCrossChecksTests_Initial" name="ApprovalsCrossChecksTests_Initial.Pribil_PoMestu214_EmptyKpp_Pass" time="0.0114570" />
    <testcase classname="Kontur.Forms.CrossChecks.IntegrationTests.Client.IntegrationsTests.ApprovalsCrossChecksTests_Initial" name="ApprovalsCrossChecksTests_Initial.Pribil_PoMestu214_RegisteredKPP_50InKPP_Pass" time="0.0114740" />
    <testcase classname="Kontur.Forms.CrossChecks.IntegrationTests.Client.IntegrationsTests.ApprovalsCrossChecksTests_Initial" name="ApprovalsCrossChecksTests_Initial.Pribil_PoMestu214_RegisteredKpp_Pass" time="0.0108870" />
    <testcase classname="Kontur.Forms.CrossChecks.IntegrationTests.Client.IntegrationsTests.ApprovalsCrossChecksTests_Initial" name="ApprovalsCrossChecksTests_Initial.Pribil_PoMestu214_UnregisteredKPP_Error" time="0.0000110">
      <skipped />
    </testcase>
    <testcase classname="Kontur.Forms.CrossChecks.IntegrationTests.Client.IntegrationsTests.ApprovalsCrossChecksTests_Initial" name="ApprovalsCrossChecksTests_Initial.Pribil_PoMestu214_UnregisteredKPP_Pass" time="0.0261209" />
    <testcase classname="Kontur.Forms.CrossChecks.IntegrationTests.Client.IntegrationsTests.ApprovalsCrossChecksTests_Initial" name="ApprovalsCrossChecksTests_Initial.Pribil_PoMestu215_EmptyKpp_Error" time="0.0000150">
      <skipped />
    </testcase>
    <testcase classname="Kontur.Forms.CrossChecks.IntegrationTests.Client.IntegrationsTests.ApprovalsCrossChecksTests_Initial" name="ApprovalsCrossChecksTests_Initial.Pribil_PoMestu215_EmptyKpp_Pass" time="0.0110119" />
    <testcase classname="Kontur.Forms.CrossChecks.IntegrationTests.Client.IntegrationsTests.ApprovalsCrossChecksTests_Initial" name="ApprovalsCrossChecksTests_Initial.Pribil_PoMestu215_RegisteredKPP_50InKPP_Pass" time="0.0109490" />
    <testcase classname="Kontur.Forms.CrossChecks.IntegrationTests.Client.IntegrationsTests.ApprovalsCrossChecksTests_Initial" name="ApprovalsCrossChecksTests_Initial.Pribil_PoMestu215_RegisteredKpp_Pass" time="0.0117550" />
    <testcase classname="Kontur.Forms.CrossChecks.IntegrationTests.Client.IntegrationsTests.ApprovalsCrossChecksTests_Initial" name="ApprovalsCrossChecksTests_Initial.Pribil_PoMestu215_UnregisteredKPP_Error" time="0.0000100">
      <skipped />
    </testcase>
    <testcase classname="Kontur.Forms.CrossChecks.IntegrationTests.Client.IntegrationsTests.ApprovalsCrossChecksTests_Initial" name="ApprovalsCrossChecksTests_Initial.Pribil_PoMestu215_UnregisteredKPP_Pass" time="0.0141550" />
    <testcase classname="Kontur.Forms.CrossChecks.IntegrationTests.Client.IntegrationsTests.ApprovalsCrossChecksTests_Initial" name="ApprovalsCrossChecksTests_Initial.Pribil_PoMestu216_EmptyKpp_Error" time="0.0000100">
      <skipped />
    </testcase>
    <testcase classname="Kontur.Forms.CrossChecks.IntegrationTests.Client.IntegrationsTests.ApprovalsCrossChecksTests_Initial" name="ApprovalsCrossChecksTests_Initial.Pribil_PoMestu216_EmptyKpp_Pass" time="0.0194520" />
    <testcase classname="Kontur.Forms.CrossChecks.IntegrationTests.Client.IntegrationsTests.ApprovalsCrossChecksTests_Initial" name="ApprovalsCrossChecksTests_Initial.Pribil_PoMestu216_RegisteredKpp_Pass" time="0.0111660" />
    <testcase classname="Kontur.Forms.CrossChecks.IntegrationTests.Client.IntegrationsTests.ApprovalsCrossChecksTests_Initial" name="ApprovalsCrossChecksTests_Initial.Pribil_PoMestu216_RegisteredKpp_Pass50InKPP_Pass" time="0.0109280" />
    <testcase classname="Kontur.Forms.CrossChecks.IntegrationTests.Client.IntegrationsTests.ApprovalsCrossChecksTests_Initial" name="ApprovalsCrossChecksTests_Initial.Pribil_PoMestu216_UnregisteredKPP_Error" time="0.0000100">
      <skipped />
    </testcase>
    <testcase classname="Kontur.Forms.CrossChecks.IntegrationTests.Client.IntegrationsTests.ApprovalsCrossChecksTests_Initial" name="ApprovalsCrossChecksTests_Initial.Pribil_PoMestu216_UnregisteredKPP_Pass" time="0.0201480" />
    <testcase classname="Kontur.Forms.CrossChecks.IntegrationTests.Client.IntegrationsTests.ApprovalsCrossChecksTests_Initial" name="ApprovalsCrossChecksTests_Initial.Pribil_PoMestu218_RegisteredKpp_Pass" time="0.0112940" />
    <testcase classname="Kontur.Forms.CrossChecks.IntegrationTests.Client.IntegrationsTests.ApprovalsCrossChecksTests_Initial" name="ApprovalsCrossChecksTests_Initial.Pribil_PoMestu220_EmptyKpp_Error" time="0.0000150">
      <skipped />
    </testcase>
    <testcase classname="Kontur.Forms.CrossChecks.IntegrationTests.Client.IntegrationsTests.ApprovalsCrossChecksTests_Initial" name="ApprovalsCrossChecksTests_Initial.Pribil_PoMestu220_EmptyKpp_Pass" time="0.0121280" />
    <testcase classname="Kontur.Forms.CrossChecks.IntegrationTests.Client.IntegrationsTests.ApprovalsCrossChecksTests_Initial" name="ApprovalsCrossChecksTests_Initial.Pribil_PoMestu220_RegisteredKPP_50InKPP_Pass" time="0.0113969" />
    <testcase classname="Kontur.Forms.CrossChecks.IntegrationTests.Client.IntegrationsTests.ApprovalsCrossChecksTests_Initial" name="ApprovalsCrossChecksTests_Initial.Pribil_PoMestu220_RegisteredKpp_Pass" time="0.0249550" />
    <testcase classname="Kontur.Forms.CrossChecks.IntegrationTests.Client.IntegrationsTests.ApprovalsCrossChecksTests_Initial" name="ApprovalsCrossChecksTests_Initial.Pribil_PoMestu220_UnregisteredKPP_Error" time="0.0000140">
      <skipped />
    </testcase>
    <testcase classname="Kontur.Forms.CrossChecks.IntegrationTests.Client.IntegrationsTests.ApprovalsCrossChecksTests_Initial" name="ApprovalsCrossChecksTests_Initial.Pribil_PoMestu220_UnregisteredKPP_Pass" time="0.0110470" />
    <testcase classname="Kontur.Forms.CrossChecks.IntegrationTests.Client.IntegrationsTests.ApprovalsCrossChecksTests_Initial" name="ApprovalsCrossChecksTests_Initial.Pribil_PoMestu223_RegisteredKpp_Pass" time="0.0112430" />
    <testcase classname="Kontur.Forms.CrossChecks.IntegrationTests.Client.IntegrationsTests.ApprovalsCrossChecksTests_Initial" name="ApprovalsCrossChecksTests_Initial.Pribil_PoMestu225_EmptyKpp_Error" time="0.0000110">
      <skipped />
    </testcase>
    <testcase classname="Kontur.Forms.CrossChecks.IntegrationTests.Client.IntegrationsTests.ApprovalsCrossChecksTests_Initial" name="ApprovalsCrossChecksTests_Initial.Pribil_PoMestu225_EmptyKpp_Pass" time="0.0184550" />
    <testcase classname="Kontur.Forms.CrossChecks.IntegrationTests.Client.IntegrationsTests.ApprovalsCrossChecksTests_Initial" name="ApprovalsCrossChecksTests_Initial.Pribil_PoMestu225_RegisteredKPP_50InKPP_Pass" time="0.0112339" />
    <testcase classname="Kontur.Forms.CrossChecks.IntegrationTests.Client.IntegrationsTests.ApprovalsCrossChecksTests_Initial" name="ApprovalsCrossChecksTests_Initial.Pribil_PoMestu225_RegisteredKpp_Pass" time="0.0120620" />
    <testcase classname="Kontur.Forms.CrossChecks.IntegrationTests.Client.IntegrationsTests.ApprovalsCrossChecksTests_Initial" name="ApprovalsCrossChecksTests_Initial.Pribil_PoMestu225_UnregisteredKPP_Error" time="0.0000100">
      <skipped />
    </testcase>
    <testcase classname="Kontur.Forms.CrossChecks.IntegrationTests.Client.IntegrationsTests.ApprovalsCrossChecksTests_Initial" name="ApprovalsCrossChecksTests_Initial.Pribil_PoMestu225_UnregisteredKPP_Pass" time="0.0268370" />
    <testcase classname="Kontur.Forms.CrossChecks.IntegrationTests.Client.IntegrationsTests.ApprovalsCrossChecksTests_Initial" name="ApprovalsCrossChecksTests_Initial.Pribil_PoMestu226_RegisteredKPP_50InKPP_Pass" time="0.0112960" />
    <testcase classname="Kontur.Forms.CrossChecks.IntegrationTests.Client.IntegrationsTests.ApprovalsCrossChecksTests_Initial" name="ApprovalsCrossChecksTests_Initial.Pribil_PoMestu226_RegisteredKpp_Pass" time="0.0112370" />
    <testcase classname="Kontur.Forms.CrossChecks.IntegrationTests.Client.IntegrationsTests.ApprovalsCrossChecksTests_Initial" name="ApprovalsCrossChecksTests_Initial.Pribil_PoMestu226_UnregisteredKPP_Error" time="0.0000320">
      <skipped />
    </testcase>
    <testcase classname="Kontur.Forms.CrossChecks.IntegrationTests.Client.IntegrationsTests.ApprovalsCrossChecksTests_Initial" name="ApprovalsCrossChecksTests_Initial.Pribil_PoMestu226_UnregisteredKPP_Pass" time="0.0328979" />
    <testcase classname="Kontur.Forms.CrossChecks.IntegrationTests.Client.IntegrationsTests.ApprovalsCrossChecksTests_Initial" name="ApprovalsCrossChecksTests_Initial.Pribil_PoMestu226UnregisteredKPP_EmptyKpp_Error" time="0.0000090">
      <skipped />
    </testcase>
    <testcase classname="Kontur.Forms.CrossChecks.IntegrationTests.Client.IntegrationsTests.ApprovalsCrossChecksTests_Initial" name="ApprovalsCrossChecksTests_Initial.Pribil_PoMestu226UnregisteredKPP_EmptyKpp_Pass" time="0.0167080" />
    <testcase classname="Kontur.Forms.CrossChecks.IntegrationTests.Client.IntegrationsTests.ApprovalsCrossChecksTests_Initial" name="ApprovalsCrossChecksTests_Initial.Pribil_PoMestu228_RegisteredKPP_50InKPP_Pass" time="0.0115640" />
    <testcase classname="Kontur.Forms.CrossChecks.IntegrationTests.Client.IntegrationsTests.ApprovalsCrossChecksTests_Initial" name="ApprovalsCrossChecksTests_Initial.Pribil_PoMestu228_RegisteredKpp_Pass" time="0.0249840" />
    <testcase classname="Kontur.Forms.CrossChecks.IntegrationTests.Client.IntegrationsTests.ApprovalsCrossChecksTests_Initial" name="ApprovalsCrossChecksTests_Initial.Pribil_PoMestu228_UnregisteredKPP_Error" time="0.0000100">
      <skipped />
    </testcase>
    <testcase classname="Kontur.Forms.CrossChecks.IntegrationTests.Client.IntegrationsTests.ApprovalsCrossChecksTests_Initial" name="ApprovalsCrossChecksTests_Initial.Pribil_PoMestu228_UnregisteredKPP_Pass" time="0.0117450" />
    <testcase classname="Kontur.Forms.CrossChecks.IntegrationTests.Client.IntegrationsTests.ApprovalsCrossChecksTests_Initial" name="ApprovalsCrossChecksTests_Initial.Pribil_PoMestu228UnregisteredKPP_EmptyKpp_Error" time="0.0000110">
      <skipped />
    </testcase>
    <testcase classname="Kontur.Forms.CrossChecks.IntegrationTests.Client.IntegrationsTests.ApprovalsCrossChecksTests_Initial" name="ApprovalsCrossChecksTests_Initial.Pribil_PoMestu228UnregisteredKPP_EmptyKpp_Pass" time="0.0112280" />
    <testcase classname="Kontur.Forms.CrossChecks.IntegrationTests.Client.IntegrationsTests.ApprovalsCrossChecksTests_Initial" name="ApprovalsCrossChecksTests_Initial.Pribil_PoMestu229_RegisteredKPP_50InKPP_Pass" time="0.0112220" />
    <testcase classname="Kontur.Forms.CrossChecks.IntegrationTests.Client.IntegrationsTests.ApprovalsCrossChecksTests_Initial" name="ApprovalsCrossChecksTests_Initial.Pribil_PoMestu229_RegisteredKpp_Pass" time="0.0111690" />
    <testcase classname="Kontur.Forms.CrossChecks.IntegrationTests.Client.IntegrationsTests.ApprovalsCrossChecksTests_Initial" name="ApprovalsCrossChecksTests_Initial.Pribil_PoMestu229_UnregisteredKPP_Error" time="0.0000090">
      <skipped />
    </testcase>
    <testcase classname="Kontur.Forms.CrossChecks.IntegrationTests.Client.IntegrationsTests.ApprovalsCrossChecksTests_Initial" name="ApprovalsCrossChecksTests_Initial.Pribil_PoMestu229_UnregisteredKPP_Pass" time="0.0188200" />
    <testcase classname="Kontur.Forms.CrossChecks.IntegrationTests.Client.IntegrationsTests.ApprovalsCrossChecksTests_Initial" name="ApprovalsCrossChecksTests_Initial.Pribil_PoMestu229UnregisteredKPP_EmptyKpp_Error" time="0.0000100">
      <skipped />
    </testcase>
    <testcase classname="Kontur.Forms.CrossChecks.IntegrationTests.Client.IntegrationsTests.ApprovalsCrossChecksTests_Initial" name="ApprovalsCrossChecksTests_Initial.Pribil_PoMestu229UnregisteredKPP_EmptyKpp_Pass" time="0.0156420" />
    <testcase classname="Kontur.Forms.CrossChecks.IntegrationTests.Client.IntegrationsTests.ApprovalsCrossChecksTests_Initial" name="ApprovalsCrossChecksTests_Initial.Pribil_PoMestu231_EmptyKpp_Error" time="0.0000210">
      <skipped />
    </testcase>
    <testcase classname="Kontur.Forms.CrossChecks.IntegrationTests.Client.IntegrationsTests.ApprovalsCrossChecksTests_Initial" name="ApprovalsCrossChecksTests_Initial.Pribil_PoMestu231_EmptyKpp_Pass" time="0.0125140" />
    <testcase classname="Kontur.Forms.CrossChecks.IntegrationTests.Client.IntegrationsTests.ApprovalsCrossChecksTests_Initial" name="ApprovalsCrossChecksTests_Initial.Pribil_PoMestu231_RegisteredKPP_50InKPP_Pass" time="0.0112380" />
    <testcase classname="Kontur.Forms.CrossChecks.IntegrationTests.Client.IntegrationsTests.ApprovalsCrossChecksTests_Initial" name="ApprovalsCrossChecksTests_Initial.Pribil_PoMestu231_RegisteredKpp_Pass" time="0.0114520" />
    <testcase classname="Kontur.Forms.CrossChecks.IntegrationTests.Client.IntegrationsTests.ApprovalsCrossChecksTests_Initial" name="ApprovalsCrossChecksTests_Initial.Pribil_PoMestu231_UnregisteredKPP_Error" time="0.0000090">
      <skipped />
    </testcase>
    <testcase classname="Kontur.Forms.CrossChecks.IntegrationTests.Client.IntegrationsTests.ApprovalsCrossChecksTests_Initial" name="ApprovalsCrossChecksTests_Initial.Pribil_PoMestu231_UnregisteredKPP_Pass" time="0.0117480" />
    <testcase classname="Kontur.Forms.CrossChecks.IntegrationTests.Client.IntegrationsTests.ApprovalsCrossChecksTests_Initial" name="ApprovalsCrossChecksTests_Initial.Pribil_PoMestu234_EmptyKpp_Error" time="0.0000090">
      <skipped />
    </testcase>
    <testcase classname="Kontur.Forms.CrossChecks.IntegrationTests.Client.IntegrationsTests.ApprovalsCrossChecksTests_Initial" name="ApprovalsCrossChecksTests_Initial.Pribil_PoMestu234_EmptyKpp_Pass" time="0.0119700" />
    <testcase classname="Kontur.Forms.CrossChecks.IntegrationTests.Client.IntegrationsTests.ApprovalsCrossChecksTests_Initial" name="ApprovalsCrossChecksTests_Initial.Pribil_PoMestu234_RegisteredKPP_50InKPP_Pass" time="0.0120060" />
    <testcase classname="Kontur.Forms.CrossChecks.IntegrationTests.Client.IntegrationsTests.ApprovalsCrossChecksTests.2Ndfl" name="2Ndfl.AllChecksPass501" time="7.4183400" />
    <testcase classname="Kontur.Forms.CrossChecks.IntegrationTests.Client.IntegrationsTests.ApprovalsCrossChecksTests_Initial" name="ApprovalsCrossChecksTests_Initial.Pribil_PoMestu234_UnregisteredKPP_Error" time="0.0000090">
      <skipped />
    </testcase>
    <testcase classname="Kontur.Forms.CrossChecks.IntegrationTests.Client.IntegrationsTests.ApprovalsCrossChecksTests_Initial" name="ApprovalsCrossChecksTests_Initial.Pribil_PoMestu234_RegisteredKpp_Pass" time="0.0137970" />
    <testcase classname="Kontur.Forms.CrossChecks.IntegrationTests.Client.IntegrationsTests.ApprovalsCrossChecksTests_Initial" name="ApprovalsCrossChecksTests_Initial.Pribil_PoMestu235_EmptyKpp_Error" time="0.0000090">
      <skipped />
    </testcase>
    <testcase classname="Kontur.Forms.CrossChecks.IntegrationTests.Client.IntegrationsTests.ApprovalsCrossChecksTests_Initial" name="ApprovalsCrossChecksTests_Initial.Pribil_PoMestu234_UnregisteredKPP_Pass" time="0.0214060" />
    <testcase classname="Kontur.Forms.CrossChecks.IntegrationTests.Client.IntegrationsTests.ApprovalsCrossChecksTests_Initial" name="ApprovalsCrossChecksTests_Initial.Pribil_PoMestu235_EmptyKpp_Pass" time="0.0202920" />
    <testcase classname="Kontur.Forms.CrossChecks.IntegrationTests.Client.IntegrationsTests.ApprovalsCrossChecksTests_Initial" name="ApprovalsCrossChecksTests_Initial.Pribil_PoMestu235_RegisteredKPP_50InKPP_Pass" time="0.0118140" />
    <testcase classname="Kontur.Forms.CrossChecks.IntegrationTests.Client.IntegrationsTests.ApprovalsCrossChecksTests_Initial" name="ApprovalsCrossChecksTests_Initial.Pribil_PoMestu235_UnregisteredKPP_Error" time="0.0000070">
      <skipped />
    </testcase>
    <testcase classname="Kontur.Forms.CrossChecks.IntegrationTests.Client.IntegrationsTests.ApprovalsCrossChecksTests_Initial" name="ApprovalsCrossChecksTests_Initial.Pribil_PoMestu235_RegisteredKpp_Pass" time="0.0120460" />
    <testcase classname="Kontur.Forms.CrossChecks.IntegrationTests.Client.IntegrationsTests.ApprovalsCrossChecksTests_Initial" name="ApprovalsCrossChecksTests_Initial.Pribil_PoMestu236_EmptyKpp_Error" time="0.0000100">
      <skipped />
    </testcase>
    <testcase classname="Kontur.Forms.CrossChecks.IntegrationTests.Client.IntegrationsTests.ApprovalsCrossChecksTests_Initial" name="ApprovalsCrossChecksTests_Initial.Pribil_PoMestu235_UnregisteredKPP_Pass" time="0.0127080" />
    <testcase classname="Kontur.Forms.CrossChecks.IntegrationTests.Client.IntegrationsTests.ApprovalsCrossChecksTests_Initial" name="ApprovalsCrossChecksTests_Initial.Pribil_PoMestu236_EmptyKpp_Pass" time="0.0214790" />
    <testcase classname="Kontur.Forms.CrossChecks.IntegrationTests.Client.IntegrationsTests.ApprovalsCrossChecksTests_Initial" name="ApprovalsCrossChecksTests_Initial.Pribil_PoMestu236_RegisteredKPP_50InKPP_Pass" time="0.0308110" />
    <testcase classname="Kontur.Forms.CrossChecks.IntegrationTests.Client.IntegrationsTests.ApprovalsCrossChecksTests_Initial" name="ApprovalsCrossChecksTests_Initial.Pribil_PoMestu236_UnregisteredKPP_Error" time="0.0000270">
      <skipped />
    </testcase>
    <testcase classname="Kontur.Forms.CrossChecks.IntegrationTests.Client.IntegrationsTests.ApprovalsCrossChecksTests_Initial" name="ApprovalsCrossChecksTests_Initial.Pribil_PoMestu236_RegisteredKpp_Pass" time="0.0219360" />
    <testcase classname="Kontur.Forms.CrossChecks.IntegrationTests.Client.IntegrationsTests.ApprovalsCrossChecksTests_Initial" name="ApprovalsCrossChecksTests_Initial.Pribil_PoMestu237_EmptyKpp_Error" time="0.0000110">
      <skipped />
    </testcase>
    <testcase classname="Kontur.Forms.CrossChecks.IntegrationTests.Client.IntegrationsTests.ApprovalsCrossChecksTests_Initial" name="ApprovalsCrossChecksTests_Initial.Pribil_PoMestu236_UnregisteredKPP_Pass" time="0.0164810" />
    <testcase classname="Kontur.Forms.CrossChecks.IntegrationTests.Client.IntegrationsTests.ApprovalsCrossChecksTests_Initial" name="ApprovalsCrossChecksTests_Initial.Pribil_PoMestu237_EmptyKpp_Pass" time="0.0159650" />
    <testcase classname="Kontur.Forms.CrossChecks.IntegrationTests.Client.IntegrationsTests.ApprovalsCrossChecksTests.2Ndfl" name="2Ndfl.AllChecksPass502" time="7.5134390" />
    <testcase classname="Kontur.Forms.CrossChecks.IntegrationTests.Client.IntegrationsTests.ApprovalsCrossChecksTests_Initial" name="ApprovalsCrossChecksTests_Initial.Pribil_PoMestu237_UnregisteredKPP_Error" time="0.0000220">
      <skipped />
    </testcase>
    <testcase classname="Kontur.Forms.CrossChecks.IntegrationTests.Client.IntegrationsTests.ApprovalsCrossChecksTests_Initial" name="ApprovalsCrossChecksTests_Initial.Pribil_PoMestu237_RegisteredKPP_50InKPP_Pass" time="0.0163580" />
    <testcase classname="Kontur.Forms.CrossChecks.IntegrationTests.Client.IntegrationsTests.ApprovalsCrossChecksTests_Initial" name="ApprovalsCrossChecksTests_Initial.Pribil_PoMestu237_RegisteredKpp_Pass" time="0.0234490" />
    <testcase classname="Kontur.Forms.CrossChecks.IntegrationTests.Client.IntegrationsTests.ApprovalsCrossChecksTests_Initial" name="ApprovalsCrossChecksTests_Initial.Pribil_PoMestu237_UnregisteredKPP_Pass" time="0.0219980" />
    <testcase classname="Kontur.Forms.CrossChecks.IntegrationTests.Client.IntegrationsTests.ApprovalsCrossChecksTests_Initial" name="ApprovalsCrossChecksTests_Initial.RSV_UnregisteredKPP_Error" time="0.0000110">
      <skipped />
    </testcase>
    <testcase classname="Kontur.Forms.CrossChecks.IntegrationTests.Client.IntegrationsTests.ApprovalsCrossChecksTests_Initial" name="ApprovalsCrossChecksTests_Initial.RSV_IP_Pass" time="0.0275450" />
    <testcase classname="Kontur.Forms.CrossChecks.IntegrationTests.Client.IntegrationsTests.ApprovalsCrossChecksTests_Initial" name="ApprovalsCrossChecksTests_Initial.UtilSM_210_EmptyKpp_Error" time="0.0000140">
      <skipped />
    </testcase>
    <testcase classname="Kontur.Forms.CrossChecks.IntegrationTests.Client.IntegrationsTests.ApprovalsCrossChecksTests_Initial" name="ApprovalsCrossChecksTests_Initial.RSV_RegisteredKPP_Error" time="0.0272160" />
    <testcase classname="Kontur.Forms.CrossChecks.IntegrationTests.Client.IntegrationsTests.ApprovalsCrossChecksTests_Initial" name="ApprovalsCrossChecksTests_Initial.RSV_UnregisteredKPP_Pass" time="0.0285010" />
    <testcase classname="Kontur.Forms.CrossChecks.IntegrationTests.Client.IntegrationsTests.ApprovalsCrossChecksTests_Initial" name="ApprovalsCrossChecksTests_Initial.UtilSM_210_EmptyKpp_Pass" time="0.0272860" />
    <testcase classname="Kontur.Forms.CrossChecks.IntegrationTests.Client.IntegrationsTests.ApprovalsCrossChecksTests_Initial" name="ApprovalsCrossChecksTests_Initial.UtilSM_IP_Pass" time="0.0272960" />
    <testcase classname="Kontur.Forms.CrossChecks.IntegrationTests.Client.IntegrationsTests.ApprovalsCrossChecksTests_Initial" name="ApprovalsCrossChecksTests_Initial.UtilSM_UnregisteredKPP_Error" time="0.0000100">
      <skipped />
    </testcase>
    <testcase classname="Kontur.Forms.CrossChecks.IntegrationTests.Client.IntegrationsTests.ApprovalsCrossChecksTests_Initial" name="ApprovalsCrossChecksTests_Initial.UtilSM_RegisteredKPP_Error" time="0.0271410" />
    <testcase classname="Kontur.Forms.CrossChecks.IntegrationTests.Client.IntegrationsTests.ApprovalsCrossChecksTests.2Ndfl" name="2Ndfl.NeedWarrantIfInnSenderEqualInnReport_Success" time="7.3014510" />
    <testcase classname="Kontur.Forms.CrossChecks.IntegrationTests.Client.IntegrationsTests.ApprovalsCrossChecksTests_Initial" name="ApprovalsCrossChecksTests_Initial.UtilSM_RegisteredKPP_Pass" time="0.0287590" />
    <testcase classname="Kontur.Forms.CrossChecks.IntegrationTests.Client.IntegrationsTests.ApprovalsCrossChecksTests.2Ndfl" name="2Ndfl.NeedWarrantIfInnSenderEqualInnReport_Error" time="7.4148010" />
    <testcase classname="Kontur.Forms.CrossChecks.IntegrationTests.Client.IntegrationsTests.ApprovalsCrossChecksTests_Initial" name="ApprovalsCrossChecksTests_Initial.UtilSM_UnregisteredKPP_Pass" time="0.0306230" />
    <testcase classname="Kontur.Forms.CrossChecks.IntegrationTests.Client.IntegrationsTests.ApprovalsCrossChecksTests.2Ndfl" name="2Ndfl.NeedWarrantIfInnSenderEqualInnReport_SuccessWithWarrant" time="7.2731190" />
    <testcase classname="Kontur.Forms.CrossChecks.IntegrationTests.Client.IntegrationsTests.ApprovalsCrossChecksTests_Initial" name="ApprovalsCrossChecksTests_Initial.VodNal_PoMestu213_RegisteredKpp_Pass" time="0.0307680" />
    <testcase classname="Kontur.Forms.CrossChecks.IntegrationTests.Client.IntegrationsTests.ApprovalsCrossChecksTests.2Ndfl" name="2Ndfl.IdPolReportMustEqualIdPolWarrant2_Error" time="7.2272800" />
    <testcase classname="Kontur.Forms.CrossChecks.IntegrationTests.Client.IntegrationsTests.ApprovalsCrossChecksTests_Initial" name="ApprovalsCrossChecksTests_Initial.VodNal_PoMestu250_RegisteredKpp_Pass" time="0.0384740" />
    <testcase classname="Kontur.Forms.CrossChecks.IntegrationTests.Client.IntegrationsTests.ApprovalsCrossChecksTests_Initial" name="ApprovalsCrossChecksTests_Initial.VodNal_PoMestu255_IP_Pass" time="0.0417870" />
    <testcase classname="Kontur.Forms.CrossChecks.IntegrationTests.Client.IntegrationsTests.ApprovalsCrossChecksTests_Initial" name="ApprovalsCrossChecksTests_Initial.VodNal_PoMestu255_RegisteredKpp_Pass" time="0.0400710" />
    <testcase classname="Kontur.Forms.CrossChecks.IntegrationTests.Client.IntegrationsTests.ApprovalsCrossChecksTests.2Ndfl" name="2Ndfl.IdPolReportMustEqualIdPolWarrant2_Success" time="5.1421910" />
    <testcase classname="Kontur.Forms.CrossChecks.IntegrationTests.Client.IntegrationsTests.ApprovalsCrossChecksTests.2Ndfl" name="2Ndfl.IdPolReportMustEqualIdPolWarrant_Error" time="5.1485050" />
    <testcase classname="Kontur.Forms.CrossChecks.IntegrationTests.Client.IntegrationsTests.ApprovalsCrossChecksTests.2Ndfl" name="2Ndfl.IdPolReportMustEqualIdPolWarrant_Success" time="5.1229260" />
    <testcase classname="Kontur.Forms.CrossChecks.IntegrationTests.Client.IntegrationsTests.ApprovalsCrossChecksTests2NdflGfv105706.2Ndfl" name="2Ndfl.PrPodpEqual5SendWithWarrant_Error" time="5.1259130" />
    <testcase classname="Kontur.Forms.CrossChecks.IntegrationTests.Client.IntegrationsTests.ApprovalsCrossChecksTests2NdflGfv105706.2Ndfl" name="2Ndfl.PrPodpMustEqual2SendWithWarrant_Success" time="5.1526040" />
    <testcase classname="Kontur.Forms.CrossChecks.IntegrationTests.Client.IntegrationsTests.ApprovalsCrossChecksTests2NdflGfv105706.2Ndfl" name="2Ndfl.PrPodpMissingSendWithWarrant_Error" time="5.1610670" />
    <testcase classname="Kontur.Forms.CrossChecks.IntegrationTests.Client.IntegrationsTests.ApprovalsCrossChecksTests2NdflGfv105706" name="ApprovalsCrossChecksTests2NdflGfv105706.2Ndfl_FioPodpEqualFioCertWithoutWarrant_Success" time="5.1674040" />
    <testcase classname="Kontur.Forms.CrossChecks.IntegrationTests.Client.IntegrationsTests.ApprovalsCrossChecksTests2NdflGfv105706" name="ApprovalsCrossChecksTests2NdflGfv105706.2Ndfl_FioPodpNotEqualFioCertWithoutWarrant_Error" time="5.1747040" />
    <testcase classname="Kontur.Forms.CrossChecks.IntegrationTests.Client.IntegrationsTests.ApprovalsCrossChecksTests2NdflGfv105706.2Ndfl" name="2Ndfl.PrPodpNotEqual2SendWithWarrant_Error" time="5.2238810" />
    <testcase classname="Kontur.Forms.CrossChecks.IntegrationTests.Client.IntegrationsTests.ApprovalsCrossChecksTests2NdflGfv105706" name="ApprovalsCrossChecksTests2NdflGfv105706.2Ndfl_PrPodpMustEqual1SendWithoutWarrant_Success" time="5.2176410" />
    <testcase classname="Kontur.Forms.CrossChecks.IntegrationTests.Client.IntegrationsTests.ApprovalsCrossChecksTests2NdflGfv105706.2Ndfl" name="2Ndfl.PrPodpMustEqual2SendWithWarrant_Success" time="5.2272830" />
    <testcase classname="Kontur.Forms.CrossChecks.IntegrationTests.Client.IntegrationsTests.ApprovalsCrossChecksTests2NdflGfv105706.2Ndfl" name="2Ndfl.FioPodpEqualFioCertWithWarrant_Success" time="5.1160560" />
    <testcase classname="Kontur.Forms.CrossChecks.IntegrationTests.Client.IntegrationsTests.ApprovalsCrossChecksTests2NdflGfv105706.2Ndfl" name="2Ndfl.FioPodpNotEqualFioCertWithWarrant_Error" time="5.1797530" />
    <testcase classname="Kontur.Forms.CrossChecks.IntegrationTests.Client.IntegrationsTests.ApprovalsCrossChecksTests2NdflGfv105706.2Ndfl" name="2Ndfl.FioPodpEmptyWithWarrant_Error" time="5.1204580" />
    <testcase classname="Kontur.Forms.CrossChecks.IntegrationTests.Client.IntegrationsTests.ApprovalsCrossChecksTests2NdflGfv105706.2Ndfl" name="2Ndfl.LongFioPodpEqualFioCertWithWarrant_Success_2" time="5.1549400" />
    <testcase classname="Kontur.Forms.CrossChecks.IntegrationTests.Client.IntegrationsTests.ApprovalsCrossChecksTests2NdflGfv105706.2Ndfl" name="2Ndfl.LongFioPodpEqualFioCertWithWarrant_Success_1" time="5.1822130" />
    <testcase classname="Kontur.Forms.CrossChecks.IntegrationTests.Client.IntegrationsTests.ApprovalsCrossChecksTests2NdflGfv105706.2Ndfl" name="2Ndfl.FioPodpWithoutMiddlenameWithWarrant_Error" time="5.1415570" />
    <testcase classname="Kontur.Forms.CrossChecks.IntegrationTests.Client.IntegrationsTests.ApprovalsCrossChecksTests2NdflGfv105706.2Ndfl" name="2Ndfl.InnSenderMustEqualInnCert_Success504" time="5.1193940" />
    <testcase classname="Kontur.Forms.CrossChecks.IntegrationTests.Client.IntegrationsTests.ApprovalsCrossChecksTests2NdflGfv105706.2Ndfl" name="2Ndfl.InnSenderMustEqualInnCert_Error504" time="5.2365230" />
    <testcase classname="Kontur.Forms.CrossChecks.IntegrationTests.Client.IntegrationsTests.ApprovalsCrossChecksTests2NdflGfv105706.2Ndfl" name="2Ndfl.FioPodpWithoutMiddlenameWithWarrant_Success" time="5.2837600" />
    <testcase classname="Kontur.Forms.CrossChecks.IntegrationTests.Client.IntegrationsTests.ApprovalsCrossChecksTests2NdflGfv105706.2Ndfl" name="2Ndfl.NeedWarrantIfInnSenderEqualInnReport_Error504" time="5.1215670" />
    <testcase classname="Kontur.Forms.CrossChecks.IntegrationTests.Client.IntegrationsTests.ApprovalsCrossChecksTests2NdflGfv105706.2Ndfl" name="2Ndfl.NeedWarrantIfInnSenderEqualInnReport_Success504WithWarrant" time="5.1306969" />
    <testcase classname="Kontur.Forms.CrossChecks.IntegrationTests.Client.IntegrationsTests.ApprovalsCrossChecksTests2NdflGfv105706.2Ndfl" name="2Ndfl.NeedWarrantIfInnSenderEqualInnReport_Success504" time="5.1588770" />
    <testcase classname="Kontur.Forms.CrossChecks.IntegrationTests.Client.IntegrationsTests.ApprovalsCrossChecksTests2NdflGfv105706.2Ndfl" name="2Ndfl.IdPolReportMustEqualIdPolWarrant_Error504" time="5.1371940" />
    <testcase classname="Kontur.Forms.CrossChecks.IntegrationTests.Client.IntegrationsTests.ApprovalsCrossChecksTests2NdflGfv105706.2Ndfl" name="2Ndfl.IdPolReportMustEqualIdPolWarrant_Success504" time="5.1341290" />
    <testcase classname="Kontur.Forms.CrossChecks.IntegrationTests.Client.IntegrationsTests.ApprovalsCrossChecksTests2NdflGfv105706.2Ndfl" name="2Ndfl.IdPolReportMustEqualIdPolWarrant2_Error504" time="5.1338030" />
    <testcase classname="Kontur.Forms.CrossChecks.IntegrationTests.Client.IntegrationsTests.ApprovalsCrossChecksTests2NdflGfv105706.2Ndfl" name="2Ndfl.IdPolReportMustEqualIdPolWarrant2_Success504" time="5.1392660" />
    <testcase classname="Kontur.Forms.CrossChecks.IntegrationTests.Client.IntegrationsTests.ApprovalsCrossChecksTests4Fss" name="ApprovalsCrossChecksTests4Fss.4Fss_07_5_OGRN_1" time="5.1384450" />
    <testcase classname="Kontur.Forms.CrossChecks.IntegrationTests.Client.IntegrationsTests.ApprovalsCrossChecksTests4Fss" name="ApprovalsCrossChecksTests4Fss.4Fss_07_5_OGRN_2" time="5.1115330" />
    <testcase classname="Kontur.Forms.CrossChecks.IntegrationTests.Client.IntegrationsTests.ApprovalsCrossChecksTests4Fss" name="ApprovalsCrossChecksTests4Fss.4Fss_07_5_OGRN_3" time="5.1145480" />
    <testcase classname="Kontur.Forms.CrossChecks.IntegrationTests.Client.IntegrationsTests.ApprovalsCrossChecksTests4Fss" name="ApprovalsCrossChecksTests4Fss.4Fss_06_5_OGRN_4" time="5.3231339" />
    <testcase classname="Kontur.Forms.CrossChecks.IntegrationTests.Client.IntegrationsTests.ApprovalsCrossChecksTests4Fss" name="ApprovalsCrossChecksTests4Fss.4Fss_06_5_OGRN_5" time="5.1540210" />
    <testcase classname="Kontur.Forms.CrossChecks.IntegrationTests.Client.IntegrationsTests.ApprovalsCrossChecksTests4Fss" name="ApprovalsCrossChecksTests4Fss.4Fss_06_5_OGRN_6" time="5.2469030" />
    <testcase classname="Kontur.Forms.CrossChecks.IntegrationTests.Client.IntegrationsTests.ApprovalsCrossChecksTests4Fss" name="ApprovalsCrossChecksTests4Fss.4Fss_06_5_OGRN_8" time="5.1189479" />
    <testcase classname="Kontur.Forms.CrossChecks.IntegrationTests.Client.IntegrationsTests.ApprovalsCrossChecksTests4Fss" name="ApprovalsCrossChecksTests4Fss.4Fss_07_5_OGRN_7" time="5.1152420" />
    <testcase classname="Kontur.Forms.CrossChecks.IntegrationTests.Client.IntegrationsTests.ApprovalsCrossChecksTests4Fss" name="ApprovalsCrossChecksTests4Fss.4Fss_06_1_DOP_NUM_1" time="5.1164490" />
    <testcase classname="Kontur.Forms.CrossChecks.IntegrationTests.Client.IntegrationsTests.ApprovalsCrossChecksTests4Fss" name="ApprovalsCrossChecksTests4Fss.4Fss_06_1_DOP_NUM_2" time="5.1271270" />
    <testcase classname="Kontur.Forms.CrossChecks.IntegrationTests.Client.IntegrationsTests.ApprovalsCrossChecksTests4Fss" name="ApprovalsCrossChecksTests4Fss.4Fss_06_1_DOP_NUM_4" time="5.1265170" />
    <testcase classname="Kontur.Forms.CrossChecks.IntegrationTests.Client.IntegrationsTests.ApprovalsCrossChecksTests4Fss" name="ApprovalsCrossChecksTests4Fss.4Fss_06_2_REG_NUM_1" time="5.1074180" />
    <testcase classname="Kontur.Forms.CrossChecks.IntegrationTests.Client.IntegrationsTests.ApprovalsCrossChecksTests4Fss" name="ApprovalsCrossChecksTests4Fss.4Fss_06_1_DOP_NUM_3" time="5.7138930" />
    <testcase classname="Kontur.Forms.CrossChecks.IntegrationTests.Client.IntegrationsTests.ApprovalsCrossChecksTests4Fss" name="ApprovalsCrossChecksTests4Fss.4Fss_06_2_REG_NUM_2" time="5.1057220" />
    <testcase classname="Kontur.Forms.CrossChecks.IntegrationTests.Client.IntegrationsTests.ApprovalsCrossChecksTests4Fss" name="ApprovalsCrossChecksTests4Fss.4Fss_06_2_REG_NUM_3" time="5.4606300" />
    <testcase classname="Kontur.Forms.CrossChecks.IntegrationTests.Client.IntegrationsTests.ApprovalsCrossChecksTests4Fss" name="ApprovalsCrossChecksTests4Fss.4Fss_06_2_REG_NUM_4" time="5.3683270" />
    <testcase classname="Kontur.Forms.CrossChecks.IntegrationTests.Client.IntegrationsTests.ApprovalsCrossChecksTests4Fss" name="ApprovalsCrossChecksTests4Fss.4Fss_07_3_Upoln_3" time="5.6379070" />
    <testcase classname="Kontur.Forms.CrossChecks.IntegrationTests.Client.IntegrationsTests.ApprovalsCrossChecksTests4Fss" name="ApprovalsCrossChecksTests4Fss.4Fss_07_3_Upoln_1" time="5.7747560" />
    <testcase classname="Kontur.Forms.CrossChecks.IntegrationTests.Client.IntegrationsTests.ApprovalsCrossChecksTests4Fss" name="ApprovalsCrossChecksTests4Fss.4Fss_07_3_Upoln_4" time="5.6497420" />
    <testcase classname="Kontur.Forms.CrossChecks.IntegrationTests.Client.IntegrationsTests.ApprovalsCrossChecksTests4Fss" name="ApprovalsCrossChecksTests4Fss.4Fss_07_3_Upoln_2" time="5.7751680" />
    <testcase classname="Kontur.Forms.CrossChecks.IntegrationTests.Client.IntegrationsTests.ApprovalsCrossChecksTests4Fss" name="ApprovalsCrossChecksTests4Fss.4Fss_07_3_Upoln_5" time="5.1823740" />
    <testcase classname="Kontur.Forms.CrossChecks.IntegrationTests.Client.IntegrationsTests.ApprovalsCrossChecksTests4Fss.4Fss" name="4Fss.SomeChecksDontPass3" time="5.8629090" />
    <testcase classname="Kontur.Forms.CrossChecks.IntegrationTests.Client.IntegrationsTests.ApprovalsCrossChecksTests4Fss" name="ApprovalsCrossChecksTests4Fss.4Fss_07_2_REG_NUM_5" time="6.0905790" />
    <testcase classname="Kontur.Forms.CrossChecks.IntegrationTests.Client.IntegrationsTests.ApprovalsCrossChecksTests4Fss" name="ApprovalsCrossChecksTests4Fss.4Fss_07_3_Upoln_6" time="5.5222900" />
    <testcase classname="Kontur.Forms.CrossChecks.IntegrationTests.Client.IntegrationsTests.ApprovalsCrossChecksTests4Fss" name="ApprovalsCrossChecksTests4Fss.4Fss_07_4_INN_2" time="5.1150680" />
    <testcase classname="Kontur.Forms.CrossChecks.IntegrationTests.Client.IntegrationsTests.ApprovalsCrossChecksTests4Fss" name="ApprovalsCrossChecksTests4Fss.4Fss_07_4_INN_1" time="5.1478860" />
    <testcase classname="Kontur.Forms.CrossChecks.IntegrationTests.Client.IntegrationsTests.ApprovalsCrossChecksTests4Fss" name="ApprovalsCrossChecksTests4Fss.4Fss_06_4_INN_4" time="5.1006910" />
    <testcase classname="Kontur.Forms.CrossChecks.IntegrationTests.Client.IntegrationsTests.ApprovalsCrossChecksTests4Fss" name="ApprovalsCrossChecksTests4Fss.4Fss_06_4_INN_3" time="5.1277050" />
    <testcase classname="Kontur.Forms.CrossChecks.IntegrationTests.Client.IntegrationsTests.ApprovalsCrossChecksTests4Fss.4Fss" name="4Fss.SomeChecksDontPass" time="5.1029560" />
    <testcase classname="Kontur.Forms.CrossChecks.IntegrationTests.Client.IntegrationsTests.ApprovalsCrossChecksTests4Fss.4Fss" name="4Fss.SomeChecksDontPass2" time="5.1327010" />
    <testcase classname="Kontur.Forms.CrossChecks.IntegrationTests.Client.IntegrationsTests.ApprovalsCrossChecksTests4Fss.4Fss_UnfinishedControlPeriod_4fss_QN3" name="4Fss_UnfinishedControlPeriod_4fss_QN3.xml_02/01/2016" time="5.1192170" />
    <testcase classname="Kontur.Forms.CrossChecks.IntegrationTests.Client.IntegrationsTests.ApprovalsCrossChecksTests4Fss.4Fss_UnfinishedControlPeriod_4fss_QN3" name="4Fss_UnfinishedControlPeriod_4fss_QN3.xml_04/01/2016" time="5.1038050" />
    <testcase classname="Kontur.Forms.CrossChecks.IntegrationTests.Client.IntegrationsTests.ApprovalsCrossChecksTests4Fss.4Fss_UnfinishedControlPeriod_4fss_QN6" name="4Fss_UnfinishedControlPeriod_4fss_QN6.xml_08/02/2016" time="5.1142899" />
    <testcase classname="Kontur.Forms.CrossChecks.IntegrationTests.Client.IntegrationsTests.ApprovalsCrossChecksTests4Fss.4Fss_UnfinishedControlPeriod_4fss_QN6" name="4Fss_UnfinishedControlPeriod_4fss_QN6.xml_05/01/2016" time="5.2535690" />
    <testcase classname="Kontur.Forms.CrossChecks.IntegrationTests.Client.IntegrationsTests.ApprovalsCrossChecksTests4Fss.4Fss_UnfinishedControlPeriod_4fss_QN9" name="4Fss_UnfinishedControlPeriod_4fss_QN9.xml_08/01/2016" time="5.1119340" />
    <testcase classname="Kontur.Forms.CrossChecks.IntegrationTests.Client.IntegrationsTests.ApprovalsCrossChecksTests4Fss.4Fss_UnfinishedControlPeriod_4fss_QN9" name="4Fss_UnfinishedControlPeriod_4fss_QN9.xml_11/01/2016" time="5.1441600" />
    <testcase classname="Kontur.Forms.CrossChecks.IntegrationTests.Client.IntegrationsTests.ApprovalsCrossChecksTests4Fss.4Fss_UnfinishedControlPeriod_4fss_QN12" name="4Fss_UnfinishedControlPeriod_4fss_QN12.xml_11/02/2017" time="5.1038020" />
    <testcase classname="Kontur.Forms.CrossChecks.IntegrationTests.Client.IntegrationsTests.ApprovalsCrossChecksTests4Fss.4Fss_UnfinishedControlPeriod_4fss_format6_QN9" name="4Fss_UnfinishedControlPeriod_4fss_format6_QN9.xml_08/01/2018" time="5.1088290" />
    <testcase classname="Kontur.Forms.CrossChecks.IntegrationTests.Client.IntegrationsTests.ApprovalsCrossChecksTests4Fss.4Fss_UnfinishedControlPeriod_4fss_format7_QN6" name="4Fss_UnfinishedControlPeriod_4fss_format7_QN6.xml_05/01/2017" time="5.1561590" />
    <testcase classname="Kontur.Forms.CrossChecks.IntegrationTests.Client.IntegrationsTests.ApprovalsCrossChecksTests4Fss.4Fss_UnfinishedControlPeriod_4fss_format6_QN9" name="4Fss_UnfinishedControlPeriod_4fss_format6_QN9.xml_11/01/2018" time="5.1728770" />
    <testcase classname="Kontur.Forms.CrossChecks.IntegrationTests.Client.IntegrationsTests.ApprovalsCrossChecksTests4Fss.4Fss_UnfinishedControlPeriod_4fss_format7_QN6" name="4Fss_UnfinishedControlPeriod_4fss_format7_QN6.xml_08/02/2017" time="5.2165640" />
    <testcase classname="Kontur.Forms.CrossChecks.IntegrationTests.Client.IntegrationsTests.ApprovalsCrossChecksTests4Fss.4Fss_UnfinishedControlPeriod_4fss_QN12" name="4Fss_UnfinishedControlPeriod_4fss_QN12.xml_11/01/2016" time="5.2493570" />
    <testcase classname="Kontur.Forms.CrossChecks.IntegrationTests.Client.IntegrationsTests.ApprovalsCrossChecksTests4Fss.4Fss_UnfinishedControlPeriod_4fss_format093_with_LIKV" name="4Fss_UnfinishedControlPeriod_4fss_format093_with_LIKV.xml_10/18/2017" time="5.1211380" />
    <testcase classname="Kontur.Forms.CrossChecks.IntegrationTests.Client.IntegrationsTests.ApprovalsCrossChecksTests4Fss.4Fss_UnfinishedControlPeriod_4fss_format093_without_LIKV" name="4Fss_UnfinishedControlPeriod_4fss_format093_without_LIKV.xml_10/18/2017" time="5.1387409" />
    <testcase classname="Kontur.Forms.CrossChecks.IntegrationTests.Client.IntegrationsTests.ApprovalsCrossChecksTests4Fss" name="ApprovalsCrossChecksTests4Fss.4Fss_Previous" time="5.4984130" />
    <testcase classname="Kontur.Forms.CrossChecks.IntegrationTests.Client.IntegrationsTests.ApprovalsCrossChecksTestsFns" name="ApprovalsCrossChecksTestsFns.FioNPInReport_MustEqual_FioInCert_WithoutFioPodp_Error" time="6.6086320" />
    <testcase classname="Kontur.Forms.CrossChecks.IntegrationTests.Client.IntegrationsTests.ApprovalsCrossChecksTestsFns" name="ApprovalsCrossChecksTestsFns.FioNPInReport_MustEqual_FioInCert_WithoutFioPodp_Pass" time="5.1173430" />
    <testcase classname="Kontur.Forms.CrossChecks.IntegrationTests.Client.IntegrationsTests.ApprovalsCrossChecksTestsFns" name="ApprovalsCrossChecksTestsFns.FioNPInReport_MustEqual_HardFioInCert_WithoutFioPodp_Pass" time="5.1123890" />
    <testcase classname="Kontur.Forms.CrossChecks.IntegrationTests.Client.IntegrationsTests.ApprovalsCrossChecksTestsFns" name="ApprovalsCrossChecksTestsFns.Inn_In_IdFileOfReport_MustEqual_InnOfCert_InnNotEqual_Error" time="5.1248560" />
    <testcase classname="Kontur.Forms.CrossChecks.IntegrationTests.Client.IntegrationsTests.ApprovalsCrossChecksTestsFns" name="ApprovalsCrossChecksTestsFns.FioNPInReport_MustEqual_HardFioSvPredstInWarrant_WithFioPodp_Pass" time="5.1863180" />
    <testcase classname="Kontur.Forms.CrossChecks.IntegrationTests.Client.IntegrationsTests.ApprovalsCrossChecksTestsFns" name="ApprovalsCrossChecksTestsFns.Inn_In_IdFileOfReport_MustEqual_InnOfCert_Pass" time="5.1772580" />
    <testcase classname="Kontur.Forms.CrossChecks.IntegrationTests.Client.IntegrationsTests.ApprovalsCrossChecksTestsFns" name="ApprovalsCrossChecksTestsFns.Inn_In_IdFileReport_MustEqual_InnOfSender_NotExistKpp_InnNotEqual_Error" time="5.1287690" />
    <testcase classname="Kontur.Forms.CrossChecks.IntegrationTests.Client.IntegrationsTests.ApprovalsCrossChecksTestsFns" name="ApprovalsCrossChecksTestsFns.FioPodpInReport_MustEqual_HardFioInCertAndWarrant_WithFioPodp_Pass" time="5.6964920" />
    <testcase classname="Kontur.Forms.CrossChecks.IntegrationTests.Client.IntegrationsTests.ApprovalsCrossChecksTestsFns" name="ApprovalsCrossChecksTestsFns.Inn_In_IdFileReport_MustEqual_InnOfSender_NotExistKpp_Pass" time="5.1964750" />
    <testcase classname="Kontur.Forms.CrossChecks.IntegrationTests.Client.IntegrationsTests.ApprovalsCrossChecksTestsFns" name="ApprovalsCrossChecksTestsFns.InnKpp_In_IdFileOfReport_MustEqual_InnKppOfSender_ExistAll_InnKppNotEqual_Error" time="5.1307630" />
    <testcase classname="Kontur.Forms.CrossChecks.IntegrationTests.Client.IntegrationsTests.ApprovalsCrossChecksTestsFns" name="ApprovalsCrossChecksTestsFns.InnKpp_In_IdFileOfReport_MustEqual_InnKppOfSender_ExistAll_InnNotEqual_Error" time="5.3176650" />
    <testcase classname="Kontur.Forms.CrossChecks.IntegrationTests.Client.IntegrationsTests.ApprovalsCrossChecksTestsFns" name="ApprovalsCrossChecksTestsFns.InnKpp_In_IdFileOfReport_MustEqual_InnKppOfSender_ExistAll_KppNotEqual_Error" time="5.1220470" />
    <testcase classname="Kontur.Forms.CrossChecks.IntegrationTests.Client.IntegrationsTests.ApprovalsCrossChecksTestsFns" name="ApprovalsCrossChecksTestsFns.InnKpp_In_IdFileOfReport_MustEqual_InnKppOfSender_ExistAll_Pass" time="5.1322950" />
    <testcase classname="Kontur.Forms.CrossChecks.IntegrationTests.Client.IntegrationsTests.ApprovalsCrossChecksTestsFns" name="ApprovalsCrossChecksTestsFns.NaimOrgUpPredOfReport_MustEqual_NaimOrgUpPredOfWarrant_NaimOrgUpPredNotEqual_Error" time="5.1218590" />
    <testcase classname="Kontur.Forms.CrossChecks.IntegrationTests.Client.IntegrationsTests.ApprovalsCrossChecksTestsFns" name="ApprovalsCrossChecksTestsFns.NaimOrgUpPredOfReport_MustEqual_NaimOrgUpPredOfWarrant_Pass" time="5.1291610" />
    <testcase classname="Kontur.Forms.CrossChecks.IntegrationTests.Client.IntegrationsTests.CrossChecksForBankGarant" name="CrossChecksForBankGarant.AllChecks_ShouldPass_for_PrPodp1" time="6.8077210" />
    <testcase classname="Kontur.Forms.CrossChecks.IntegrationTests.Client.IntegrationsTests.CrossChecksForBankGarant" name="CrossChecksForBankGarant.AllChecks_ShouldPass_for_PrPodp2" time="6.7129710" />
    <testcase classname="Kontur.Forms.CrossChecks.IntegrationTests.Client.IntegrationsTests.CrossChecksForBankGarant" name="CrossChecksForBankGarant.Check10_ShouldNotPass" time="6.3417530" />
    <testcase classname="Kontur.Forms.CrossChecks.IntegrationTests.Client.IntegrationsTests.NegativeCrossChecksTests.2Ndfl" name="2Ndfl.SomeNegativeResponse" time="0.0284090" />
    <testcase classname="Kontur.Forms.CrossChecks.IntegrationTests.Client.IntegrationsTests.SimpleTests" name="SimpleTests.DoCrossCheckRequest_EmptyRequest_Code400" time="0.0045280" />
    <testcase classname="Kontur.Forms.CrossChecks.IntegrationTests.Client.IntegrationsTests.SimpleTests" name="SimpleTests.DoCrossCheckRequest_GoodRequest_Code200" time="0.0174600" />
    <testcase classname="Kontur.Forms.CrossChecks.IntegrationTests.Client.IntegrationsTests.SimpleTests" name="SimpleTests.DoCrossCheckRequest_GoodRequest_Code500" time="0.0502720" />
    <testcase classname="Kontur.Forms.CrossChecks.IntegrationTests.Client.IntegrationsTests.SimpleTests" name="SimpleTests.DoCrossCheckRequest_GoodRequestWithNullPropertyValue_Code200" time="0.0135740" />
    <testcase classname="Kontur.Forms.CrossChecks.IntegrationTests.Client.IntegrationsTests.CrossChecksForBankGarant" name="CrossChecksForBankGarant.Check22_ShouldNotPass" time="5.1212770" />
    <testcase classname="Kontur.Forms.CrossChecks.IntegrationTests.Client.IntegrationsTests.CrossChecksForBankGarant" name="CrossChecksForBankGarant.Check25_ShouldNotPass" time="5.1195320" />
    <testcase classname="Kontur.Forms.CrossChecks.IntegrationTests.Client.FunctionalTests.Nds" name="Nds.Кросс_проверки_на_ндс_5_06_для_кевеба_должны.Книге Продаж (КС 22)" time="1.3379480" />
    <testcase classname="Kontur.Forms.CrossChecks.IntegrationTests.Client.FunctionalTests.Nds" name="Nds.Кросс_проверки_на_ндс_5_06_для_кевеба_должны.Доп. Листе книги покупок (КС 21)" time="1.8849530" />
    <testcase classname="Kontur.Forms.CrossChecks.IntegrationTests.Client.FunctionalTests.Nds" name="Nds.Кросс_проверки_на_ндс_5_06_для_кевеба_должны.Книге Покупок (КС 20)" time="2.0745760" />
    <testcase classname="Kontur.Forms.CrossChecks.IntegrationTests.Client.FunctionalTests.Nds" name="Nds.Кросс_проверки_на_ндс_5_06_для_кевеба_должны.Доп. Листе книги продаж (КС 23)" time="0.0036970" />
    <testcase classname="Kontur.Forms.CrossChecks.IntegrationTests.Client.FunctionalTests.Nds" name="Nds.Кросс_проверки_на_ндс_5_06_для_кевеба_должны.Журнале полученых СФ (КС 25)" time="0.0043040" />
    <testcase classname="Kontur.Forms.CrossChecks.IntegrationTests.Client.IntegrationsTests.CrossChecksForBankGarant" name="CrossChecksForBankGarant.Check25_ShouldReplaceUnderscoreWithSpace" time="5.1518290" />
    <testcase classname="Kontur.Forms.CrossChecks.IntegrationTests.Client.FunctionalTests.Nds" name="Nds.Кросс_проверки_на_ндс_5_06_для_кевеба_должны.Журнале выставленных СФ 173.5 (КС 26)" time="0.0019800" />
    <testcase classname="Kontur.Forms.CrossChecks.IntegrationTests.Client.FunctionalTests.Nds" name="Nds.Кросс_проверки_на_ндс_5_06_для_кевеба_должны.Журнале выставленных СФ (КС 24)" time="0.0084820" />
    <testcase classname="Kontur.Forms.CrossChecks.IntegrationTests.Client.FunctionalTests.Nds" name="Nds.Кросс_проверки_на_ндс_5_06_для_кевеба_должны.Возвращать_ошибку_если_есть_ДопЛистКнигиПродаж_но_нет_КнигиПродаж_КС_9" time="0.0134340" />
    <testcase classname="Kontur.Forms.CrossChecks.IntegrationTests.Client.FunctionalTests.Nds" name="Nds.Кросс_проверки_на_ндс_5_06_для_кевеба_должны.Возвращать_ошибку_если_есть_ДопЛистКнигиПродаж_но_НомКорр_в_ней_равен_нулю_КС_19" time="0.0106170" />
    <testcase classname="Kontur.Forms.CrossChecks.IntegrationTests.Client.FunctionalTests.Nds" name="Nds.Кросс_проверки_на_ндс_5_06_для_кевеба_должны.Возвращать_ошибку_если_есть_ДопЛистКнигиПокупок_но_НомКорр_в_ней_равен_нулю_КС_18" time="0.0145890" />
    <testcase classname="Kontur.Forms.CrossChecks.IntegrationTests.Client.FunctionalTests.Nds" name="Nds.Кросс_проверки_на_ндс_5_06_для_кевеба_должны.Возвращать_ошибку_если_есть_ДопЛистКнигиПокупок_но_нет_КнигиПокупок_КС_1" time="0.0148110" />
    <testcase classname="Kontur.Forms.CrossChecks.IntegrationTests.Client.FunctionalTests.Nds" name="Nds.Кросс_проверки_на_ндс_5_06_для_кевеба_должны.равна нулю (КС 17)" time="0.0020430" />
    <testcase classname="Kontur.Forms.CrossChecks.IntegrationTests.Client.FunctionalTests.Nds" name="Nds.Кросс_проверки_на_ндс_5_06_для_кевеба_должны.меньше нуля (КС 17)" time="0.0023810" />
    <testcase classname="Kontur.Forms.CrossChecks.IntegrationTests.Client.FunctionalTests.Nds" name="Nds.Кросс_проверки_на_ндс_5_06_для_кевеба_должны.строка 040 Раздела 4 (КС 4)" time="0.0117640" />
    <testcase classname="Kontur.Forms.CrossChecks.IntegrationTests.Client.FunctionalTests.Nds" name="Nds.Кросс_проверки_на_ндс_5_06_для_кевеба_должны.строка 118 Раздела 3 (КС 10)" time="0.0113990" />
    <testcase classname="Kontur.Forms.CrossChecks.IntegrationTests.Client.FunctionalTests.Nds" name="Nds.Кросс_проверки_на_ндс_5_06_для_кевеба_должны.строка 030 Раздела 4 (КС 3)" time="0.0138170" />
    <testcase classname="Kontur.Forms.CrossChecks.IntegrationTests.Client.FunctionalTests.Nds" name="Nds.Кросс_проверки_на_ндс_5_06_для_кевеба_должны.строка 190 Раздела 3 (КС 2)" time="0.0138550" />
    <testcase classname="Kontur.Forms.CrossChecks.IntegrationTests.Client.FunctionalTests.Nds" name="Nds.Кросс_проверки_на_ндс_5_06_для_кевеба_должны.строка 080 Раздела 4 (КС 12)" time="0.0021540" />
    <testcase classname="Kontur.Forms.CrossChecks.IntegrationTests.Client.FunctionalTests.Nds" name="Nds.Кросс_проверки_на_ндс_5_06_для_кевеба_должны.строка 050 Раздела 4 (КС 11)" time="0.0024280" />
    <testcase classname="Kontur.Forms.CrossChecks.IntegrationTests.Client.FunctionalTests.Nds" name="Nds.Кросс_проверки_на_ндс_5_06_для_кевеба_должны.Возвращать_ошибку_если_НомКорр_в_декларации_равен_нулю_но_есть_ПризнСвед8_в_КниигеПокупок_КС_20" time="0.0032960" />
    <testcase classname="Kontur.Forms.CrossChecks.IntegrationTests.Client.FunctionalTests.Nds" name="Nds.Кросс_проверки_на_ндс_5_06_для_кевеба_должны.Возвращать_ошибку_если_НомКорр_в_декларации_равен_нулю_но_ПризнСвед12_в_ЖурналеСФ_173_5_заполнен_КС_26" time="0.0019430" />
    <testcase classname="Kontur.Forms.CrossChecks.IntegrationTests.Client.FunctionalTests.Nds" name="Nds.Кросс_проверки_на_ндс_5_06_для_кевеба_должны.Возвращать_ошибку_если_НомКорр_в_декларации_равен_нулю_но_ПризнСвед11_в_ЖурналеПолучСФ_заполнен_КС_25" time="0.0023390" />
    <testcase classname="Kontur.Forms.CrossChecks.IntegrationTests.Client.FunctionalTests.Nds" name="Nds.Кросс_проверки_на_ндс_5_06_для_кевеба_должны.Возвращать_ошибку_если_НомКорр_в_декларации_равен_нулю_но_ПризнСвед10_в_ЖурналеВыстСФ_заполнен_КС_24" time="0.0051040" />
    <testcase classname="Kontur.Forms.CrossChecks.IntegrationTests.Client.FunctionalTests.Nds" name="Nds.Кросс_проверки_на_ндс_5_06_для_кевеба_должны.Возвращать_ошибку_если_НомКорр_в_декларации_равен_нулю_но_ПризнСвед9_в_КнигеПродаж_заполнен_КС_22" time="0.0018440" />
    <testcase classname="Kontur.Forms.CrossChecks.IntegrationTests.Client.FunctionalTests.Nds" name="Nds.Кросс_проверки_на_ндс_5_06_для_кевеба_должны.Возвращать_ошибку_если_НомКорр_в_декларации_равен_нулю_но_ПризнСвед81_в_ДопЛистКнигиПокупок_заполнен_КС_21" time="0.0036210" />
    <testcase classname="Kontur.Forms.CrossChecks.IntegrationTests.Client.FunctionalTests.Nds" name="Nds.Кросс_проверки_на_ндс_5_06_для_кевеба_должны.Возвращать_ошибку_если_НомКорр_в_декларации_равен_нулю_но_ПризнСвед91_в_ДопЛистКнигиПродаж_заполнен_КС_23" time="0.0024489" />
    <testcase classname="Kontur.Forms.CrossChecks.IntegrationTests.Client.FunctionalTests.Nds" name="Nds.Кросс_проверки_на_ндс_5_06_для_кевеба_должны.Возвращать_ошибку_если_стр030_раздела4_заполнена_но_нет_КнигиПокупок_КС_3" time="0.0016130" />
    <testcase classname="Kontur.Forms.CrossChecks.IntegrationTests.Client.FunctionalTests.Nds" name="Nds.Кросс_проверки_на_ндс_5_06_для_кевеба_должны.Возвращать_ошибку_если_стр040_Раздела4_заполена_но_нет_КнигиПокупок_КС_4" time="0.0019760" />
    <testcase classname="Kontur.Forms.CrossChecks.IntegrationTests.Client.FunctionalTests.Nds" name="Nds.Кросс_проверки_на_ндс_5_06_для_кевеба_должны.Возвращать_ошибку_если_стр040_Раздела6_заполена_но_нет_КнигиПокупок_КС_7" time="0.0016520" />
    <testcase classname="Kontur.Forms.CrossChecks.IntegrationTests.Client.FunctionalTests.Nds" name="Nds.Кросс_проверки_на_ндс_5_06_для_кевеба_должны.Возвращать_ошибку_если_стр030_Раздела1_заполнена_но_нет_ЖурналаСФ_173_5_КС_16" time="0.0046030" />
    <testcase classname="Kontur.Forms.CrossChecks.IntegrationTests.Client.FunctionalTests.Nds" name="Nds.Кросс_проверки_на_ндс_5_06_для_кевеба_должны.Возвращать_ошибку_если_стр030_Раздела6_заполнена_но_нет_КнигиПродаж_КС_13" time="0.0030020" />
    <testcase classname="Kontur.Forms.CrossChecks.IntegrationTests.Client.FunctionalTests.Nds" name="Nds.Кросс_проверки_на_ндс_5_06_для_кевеба_должны.Возвращать_ошибку_если_стр050_Раздела4_заполнена_но_нет_КнигиПродаж_КС_11" time="0.0019589" />
    <testcase classname="Kontur.Forms.CrossChecks.IntegrationTests.Client.FunctionalTests.Nds" name="Nds.Кросс_проверки_на_ндс_5_06_для_кевеба_должны.Возвращать_ошибку_если_стр050_Раздела5_заполнена_но_нет_КнигиПокупок_КС_5" time="0.0015720" />
    <testcase classname="Kontur.Forms.CrossChecks.IntegrationTests.Client.FunctionalTests.Nds" name="Nds.Кросс_проверки_на_ндс_5_06_для_кевеба_должны.Возвращать_ошибку_если_стр100_Раздела6_заполнена_но_нет_КнигиПродаж_КС_14" time="0.0016510" />
    <testcase classname="Kontur.Forms.CrossChecks.IntegrationTests.Client.FunctionalTests.Nds" name="Nds.Кросс_проверки_на_ндс_5_06_для_кевеба_должны.Возвращать_ошибку_если_стр080_Раздела4_заполнена_но_нет_КнигиПродаж_КС_15" time="0.0019520" />
    <testcase classname="Kontur.Forms.CrossChecks.IntegrationTests.Client.FunctionalTests.Nds" name="Nds.Кросс_проверки_на_ндс_5_06_для_кевеба_должны.Возвращать_ошибку_если_стр080_Раздела4_заполнена_но_нет_КнигиПродаж_КС_12" time="0.0030760" />
    <testcase classname="Kontur.Forms.CrossChecks.IntegrationTests.Client.FunctionalTests.Nds" name="Nds.Кросс_проверки_на_ндс_5_06_для_кевеба_должны.Возвращать_ошибку_если_стр070_раздела5_заполнена_но_нет_КнигиПокупок_КС_6" time="0.0085590" />
    <testcase classname="Kontur.Forms.CrossChecks.IntegrationTests.Client.FunctionalTests.Nds" name="Nds.Кросс_проверки_на_ндс_5_06_для_кевеба_должны.Возвращать_ошибку_если_стр118_Раздела3_заполнена_но_нет_КнигиПродаж_КС_10" time="0.0060850" />
    <testcase classname="Kontur.Forms.CrossChecks.IntegrationTests.Client.FunctionalTests.Nds" name="Nds.Кросс_проверки_на_ндс_5_06_для_кевеба_должны.Возвращать_ошибку_если_стр140_Раздела6_заполена_но_нет_КнигиПокупок_КС_8" time="0.0066910" />
    <testcase classname="Kontur.Forms.CrossChecks.IntegrationTests.Client.FunctionalTests.Nds" name="Nds.Кросс_проверки_на_ндс_5_06_для_кевеба_должны.у Доп. Листа Книги Покупок 1" time="0.0027690" />
    <testcase classname="Kontur.Forms.CrossChecks.IntegrationTests.Client.FunctionalTests.Nds" name="Nds.Кросс_проверки_на_ндс_5_06_для_кевеба_должны.Возвращать_ошибку_если_стр150_Раздела3_больше_значения_выражения_для_КС_39" time="0.0087140" />
    <testcase classname="Kontur.Forms.CrossChecks.IntegrationTests.Client.FunctionalTests.Nds" name="Nds.Кросс_проверки_на_ндс_5_06_для_кевеба_должны.Возвращать_ошибку_если_стр160_Раздела3_больше_значения_выражения_для_КС_40" time="0.0027460" />
    <testcase classname="Kontur.Forms.CrossChecks.IntegrationTests.Client.FunctionalTests.Nds" name="Nds.Кросс_проверки_на_ндс_5_06_для_кевеба_должны.у Доп. Листа Книги Покупок 0" time="0.0040820" />
    <testcase classname="Kontur.Forms.CrossChecks.IntegrationTests.Client.FunctionalTests.Nds" name="Nds.Кросс_проверки_на_ндс_5_06_для_кевеба_должны.У Доп. Листа книги покупок 0" time="0.0021410" />
    <testcase classname="Kontur.Forms.CrossChecks.IntegrationTests.Client.FunctionalTests.Nds" name="Nds.Кросс_проверки_на_ндс_5_06_для_кевеба_должны.Возвращать_ошибку_если_стр190_Раздела3_заполнена_но_нет_КнигиПокупок_КС_2" time="0.0014139" />
    <testcase classname="Kontur.Forms.CrossChecks.IntegrationTests.Client.FunctionalTests.Nds" name="Nds.Кросс_проверки_на_ндс_5_06_для_кевеба_должны.у Доп. Листа книги покупок 0" time="0.0030280" />
    <testcase classname="Kontur.Forms.CrossChecks.IntegrationTests.Client.FunctionalTests.Nds" name="Nds.Кросс_проверки_на_ндс_5_06_для_кевеба_должны.У Доп. Листа книги покупок 1" time="0.0037140" />
    <testcase classname="Kontur.Forms.CrossChecks.IntegrationTests.Client.FunctionalTests.Nds" name="Nds.Кросс_проверки_на_ндс_5_06_для_кевеба_должны.у Доп. Листа книги покупок 1" time="0.0034990" />
    <testcase classname="Kontur.Forms.CrossChecks.IntegrationTests.Client.FunctionalTests.Nds" name="Nds.Кросс_проверки_на_ндс_5_06_для_кевеба_должны.Возвращать_предупреждение_если_значение_выражения_не_соответствует_допустимой_погрешности_случай_1_для_КС_38" time="0.0028769" />
    <testcase classname="Kontur.Forms.CrossChecks.IntegrationTests.Client.FunctionalTests.Nds" name="Nds.Кросс_проверки_на_ндс_5_06_для_кевеба_должны.Возвращать_предупреждение_если_значение_выражения_не_соответствует_допустимой_погрешности_случай_1_КС_36" time="0.0032420" />
    <testcase classname="Kontur.Forms.CrossChecks.IntegrationTests.Client.FunctionalTests.Nds" name="Nds.Кросс_проверки_на_ндс_5_06_для_кевеба_должны.Возвращать_предупреждение_если_значение_выражения_не_соответствует_допустимой_погрешности_случай_1_КС_36_new" time="0.0053910" />
    <testcase classname="Kontur.Forms.CrossChecks.IntegrationTests.Client.FunctionalTests.Nds" name="Nds.Кросс_проверки_на_ндс_5_06_для_кевеба_должны.Возвращать_предупреждение_если_значение_выражения_не_соответствует_допустимой_погрешности_случай_2_для_КС_38" time="0.0049350" />
    <testcase classname="Kontur.Forms.CrossChecks.IntegrationTests.Client.FunctionalTests.Nds" name="Nds.Кросс_проверки_на_ндс_5_06_для_кевеба_должны.Возвращать_предупреждение_если_ПризнСвед_в_приложениях_отсутствует_и_значение_выражения_не_соответствует_допустимой_погрешности_случай_1_КС_37" time="0.0031449" />
    <testcase classname="Kontur.Forms.CrossChecks.IntegrationTests.Client.FunctionalTests.Nds" name="Nds.Кросс_проверки_на_ндс_5_06_для_кевеба_должны.Возвращать_предупреждение_если_ПризнСвед9_равен_нулю_и_есть_КнигаПродДЛ_но_значение_выражения_не_соответствует_допустимой_погрешности_для_КС_37" time="0.0037660" />
    <testcase classname="Kontur.Forms.CrossChecks.IntegrationTests.Client.FunctionalTests.Nds" name="Nds.Кросс_проверки_на_ндс_5_06_для_кевеба_должны.при СумНДСИтКПк = 100 и СумНДСВсКПк = 200 (КС 27)" time="0.0030040" />
    <testcase classname="Kontur.Forms.CrossChecks.IntegrationTests.Client.FunctionalTests.Nds" name="Nds.Кросс_проверки_на_ндс_5_06_для_кевеба_должны.при ИтСтПродКПр20 = 120 и СтПродБезНДС20 = 30 (КС 28.5)" time="0.0029180" />
    <testcase classname="Kontur.Forms.CrossChecks.IntegrationTests.Client.FunctionalTests.Nds" name="Nds.Кросс_проверки_на_ндс_5_06_для_кевеба_должны.при СумНДСИтКПк = 120 и СумНДСВсКПк = 30 (КС 27)" time="0.0046020" />
    <testcase classname="Kontur.Forms.CrossChecks.IntegrationTests.Client.FunctionalTests.Nds" name="Nds.Кросс_проверки_на_ндс_5_06_для_кевеба_должны.Возвращать_предупреждение_если_ПризнСвед9_равен_нулю_но_значение_выражения_не_соответствует_допустимой_погрешности_для_КС_37" time="0.0054100" />
    <testcase classname="Kontur.Forms.CrossChecks.IntegrationTests.Client.FunctionalTests.Nds" name="Nds.Кросс_проверки_на_ндс_5_06_для_кевеба_должны.при ИтСтПродКПр20 = 100 и СтПродБезНДС20 = 200 (КС 28.5)" time="0.0023040" />
    <testcase classname="Kontur.Forms.CrossChecks.IntegrationTests.Client.FunctionalTests.Nds" name="Nds.Кросс_проверки_на_ндс_5_06_для_кевеба_должны.при ИтСтПродКПр18 = 120 и СтПродБезНДС18 = 30 (КС 28)" time="0.0028830" />
    <testcase classname="Kontur.Forms.CrossChecks.IntegrationTests.Client.FunctionalTests.Nds" name="Nds.Кросс_проверки_на_ндс_5_06_для_кевеба_должны.при ИтСтПродКПр18 = 100 и СтПродБезНДС18 = 200 (КС 28)" time="0.0039210" />
    <testcase classname="Kontur.Forms.CrossChecks.IntegrationTests.Client.FunctionalTests.Nds" name="Nds.Кросс_проверки_на_ндс_5_06_для_кевеба_должны.при ИтСтПродКПр10 = 100 и СтПродБезНДС10 = 200 (КС 29)" time="0.0035160" />
    <testcase classname="Kontur.Forms.CrossChecks.IntegrationTests.Client.FunctionalTests.Nds" name="Nds.Кросс_проверки_на_ндс_5_06_для_кевеба_должны.при ИтСтПродКПр10 = 120 и СтПродБезНДС10 = 30 (КС 29)" time="0.0228790" />
    <testcase classname="Kontur.Forms.CrossChecks.IntegrationTests.Client.FunctionalTests.Nds" name="Nds.Кросс_проверки_на_ндс_5_06_для_кевеба_должны.при ИтСтПродКПр0 = 120 и СтПродБезНДС0 = 30 (КС 30)" time="0.0211680" />
    <testcase classname="Kontur.Forms.CrossChecks.IntegrationTests.Client.FunctionalTests.Nds" name="Nds.Кросс_проверки_на_ндс_5_06_для_кевеба_должны.при СумНДСИтКПр18 = 120 и СумНДСВсКПр18 = 30 (КС 31)" time="0.0053340" />
[...]
    <testcase classname="Kontur.Forms.CrossChecks.IntegrationTests.Client.FunctionalTests.Nds" name="Nds.Кросс_проверки_на_ндс_5_07_для_KeApi_должны.Возвращать_лог_с_нужной_ошибкой_если_в_декларации_и_в_любом_из_приложений_отличаются_номера_корректировок_И_возвращать_лог_без_этой_ошибки_в_если_все_номера_совпадают(0,1,1,0,0)" time="0.0063460" />
    <testcase classname="Kontur.Forms.CrossChecks.IntegrationTests.Client.FunctionalTests.Nds" name="Nds.Кросс_проверки_на_ндс_5_07_для_KeApi_должны.Возвращать_лог_с_нужной_ошибкой_если_в_декларации_и_в_любом_из_приложений_отличаются_номера_корректировок_И_возвращать_лог_без_этой_ошибки_в_если_все_номера_совпадают(0,1,1,1,0)" time="0.0064190" />
    <testcase classname="Kontur.Forms.CrossChecks.IntegrationTests.Client.FunctionalTests.Nds" name="Nds.Кросс_проверки_на_ндс_5_07_для_KeApi_должны.Возвращать_лог_с_нужной_ошибкой_если_в_декларации_и_в_любом_из_приложений_отличаются_номера_корректировок_И_возвращать_лог_без_этой_ошибки_в_если_все_номера_совпадают(0,1,1,1,1)" time="0.0062230" />
    <testcase classname="Kontur.Forms.CrossChecks.IntegrationTests.Client.FunctionalTests.Nds" name="Nds.Кросс_проверки_на_ндс_5_07_для_KeApi_должны.Возвращать_лог_с_нужной_ошибкой_если_в_декларации_и_в_любом_из_приложений_отличаются_номера_корректировок_И_возвращать_лог_без_этой_ошибки_в_если_все_номера_совпадают(1,0,0,0,0)" time="0.0033760" />
    <testcase classname="Kontur.Forms.CrossChecks.IntegrationTests.Client.FunctionalTests.Nds" name="Nds.Кросс_проверки_на_ндс_5_07_для_KeApi_должны.Возвращать_лог_с_нужной_ошибкой_если_в_декларации_и_в_любом_из_приложений_отличаются_номера_корректировок_И_возвращать_лог_без_этой_ошибки_в_если_все_номера_совпадают(1,0,0,0,1)" time="0.0041240" />
    <testcase classname="Kontur.Forms.CrossChecks.IntegrationTests.Client.FunctionalTests.Nds" name="Nds.Кросс_проверки_на_ндс_5_07_для_KeApi_должны.Возвращать_лог_с_нужной_ошибкой_если_в_декларации_и_в_любом_из_приложений_отличаются_номера_корректировок_И_возвращать_лог_без_этой_ошибки_в_если_все_номера_совпадают(1,0,0,1,0)" time="0.0042240" />
    <testcase classname="Kontur.Forms.CrossChecks.IntegrationTests.Client.FunctionalTests.Nds" name="Nds.Кросс_проверки_на_ндс_5_07_для_KeApi_должны.Возвращать_лог_с_нужной_ошибкой_если_в_декларации_и_в_любом_из_приложений_отличаются_номера_корректировок_И_возвращать_лог_без_этой_ошибки_в_если_все_номера_совпадают(1,0,0,1,1)" time="0.0048300" />
    <testcase classname="Kontur.Forms.CrossChecks.IntegrationTests.Client.FunctionalTests.Nds" name="Nds.Кросс_проверки_на_ндс_5_07_для_KeApi_должны.Возвращать_лог_с_нужной_ошибкой_если_в_декларации_и_в_любом_из_приложений_отличаются_номера_корректировок_И_возвращать_лог_без_этой_ошибки_в_если_все_номера_совпадают(1,0,1,0,0)" time="0.0032890" />
    <testcase classname="Kontur.Forms.CrossChecks.IntegrationTests.Client.FunctionalTests.Nds" name="Nds.Кросс_проверки_на_ндс_5_07_для_KeApi_должны.Возвращать_лог_с_нужной_ошибкой_если_в_декларации_и_в_любом_из_приложений_отличаются_номера_корректировок_И_возвращать_лог_без_этой_ошибки_в_если_все_номера_совпадают(1,0,1,0,1)" time="0.0045250" />
    <testcase classname="Kontur.Forms.CrossChecks.IntegrationTests.Client.FunctionalTests.Nds" name="Nds.Кросс_проверки_на_ндс_5_07_для_KeApi_должны.Возвращать_лог_с_нужной_ошибкой_если_в_декларации_и_в_любом_из_приложений_отличаются_номера_корректировок_И_возвращать_лог_без_этой_ошибки_в_если_все_номера_совпадают(1,0,1,1,0)" time="0.0042770" />
    <testcase classname="Kontur.Forms.CrossChecks.IntegrationTests.Client.FunctionalTests.Nds" name="Nds.Кросс_проверки_на_ндс_5_07_для_KeApi_должны.Возвращать_лог_с_нужной_ошибкой_если_в_декларации_и_в_любом_из_приложений_отличаются_номера_корректировок_И_возвращать_лог_без_этой_ошибки_в_если_все_номера_совпадают(1,1,0,0,0)" time="0.0033560" />
    <testcase classname="Kontur.Forms.CrossChecks.IntegrationTests.Client.FunctionalTests.Nds" name="Nds.Кросс_проверки_на_ндс_5_07_для_KeApi_должны.Возвращать_лог_с_нужной_ошибкой_если_в_декларации_и_в_любом_из_приложений_отличаются_номера_корректировок_И_возвращать_лог_без_этой_ошибки_в_если_все_номера_совпадают(1,0,1,1,1)" time="0.0047590" />
    <testcase classname="Kontur.Forms.CrossChecks.IntegrationTests.Client.FunctionalTests.Nds" name="Nds.Кросс_проверки_на_ндс_5_07_для_KeApi_должны.Возвращать_лог_с_нужной_ошибкой_если_в_декларации_и_в_любом_из_приложений_отличаются_номера_корректировок_И_возвращать_лог_без_этой_ошибки_в_если_все_номера_совпадают(1,1,0,0,1)" time="0.0040930" />
    <testcase classname="Kontur.Forms.CrossChecks.IntegrationTests.Client.FunctionalTests.Nds" name="Nds.Кросс_проверки_на_ндс_5_07_для_KeApi_должны.Возвращать_лог_с_нужной_ошибкой_если_в_декларации_и_в_любом_из_приложений_отличаются_номера_корректировок_И_возвращать_лог_без_этой_ошибки_в_если_все_номера_совпадают(1,1,0,1,1)" time="0.0035560" />
    <testcase classname="Kontur.Forms.CrossChecks.IntegrationTests.Client.FunctionalTests.Nds" name="Nds.Кросс_проверки_на_ндс_5_07_для_KeApi_должны.Возвращать_лог_с_нужной_ошибкой_если_в_декларации_и_в_любом_из_приложений_отличаются_номера_корректировок_И_возвращать_лог_без_этой_ошибки_в_если_все_номера_совпадают(1,1,0,1,0)" time="0.0043790" />
    <testcase classname="Kontur.Forms.CrossChecks.IntegrationTests.Client.FunctionalTests.Nds" name="Nds.Кросс_проверки_на_ндс_5_07_для_KeApi_должны.Возвращать_лог_с_нужной_ошибкой_если_в_декларации_и_в_любом_из_приложений_отличаются_номера_корректировок_И_возвращать_лог_без_этой_ошибки_в_если_все_номера_совпадают(1,1,1,0,0)" time="0.0047780" />
    <testcase classname="Kontur.Forms.CrossChecks.IntegrationTests.Client.FunctionalTests.Nds" name="Nds.Кросс_проверки_на_ндс_5_07_для_KeApi_должны.Возвращать_лог_с_нужной_ошибкой_если_в_декларации_и_в_любом_из_приложений_отличаются_номера_корректировок_И_возвращать_лог_без_этой_ошибки_в_если_все_номера_совпадают(1,1,1,1,0)" time="0.0140260" />
    <testcase classname="Kontur.Forms.CrossChecks.IntegrationTests.Client.FunctionalTests.Nds" name="Nds.Кросс_проверки_на_ндс_5_07_для_KeApi_должны.Возвращать_лог_с_нужной_ошибкой_если_в_декларации_и_в_любом_из_приложений_отличаются_номера_корректировок_И_возвращать_лог_без_этой_ошибки_в_если_все_номера_совпадают(1,1,1,0,1)" time="0.0148290" />
    <testcase classname="Kontur.Forms.CrossChecks.IntegrationTests.Client.FunctionalTests.Nds" name="Nds.Кросс_проверки_на_ндс_5_07_для_KeApi_должны.Возвращать_лог_с_нужной_ошибкой_если_в_декларации_и_в_любом_из_приложений_отличаются_номера_корректировок_И_возвращать_лог_без_этой_ошибки_в_если_все_номера_совпадают(1,1,1,1,1)" time="0.0152410" />
    <testcase classname="Kontur.Forms.CrossChecks.IntegrationTests.Client.FunctionalTests.Nds" name="Nds.Кросс_проверки_на_ндс_5_07_для_KeApi_должны.ПризнНал81" time="0.0031430" />
    <testcase classname="Kontur.Forms.CrossChecks.IntegrationTests.Client.FunctionalTests.Nds" name="Nds.Кросс_проверки_на_ндс_5_07_для_KeApi_должны.ПризнНал8" time="0.0166670" />
    <testcase classname="Kontur.Forms.CrossChecks.IntegrationTests.Client.FunctionalTests.Nds" name="Nds.Кросс_проверки_на_ндс_5_07_для_KeApi_должны.ПризнНал91" time="0.0032210" />
    <testcase classname="Kontur.Forms.CrossChecks.IntegrationTests.Client.FunctionalTests.Nds" name="Nds.Кросс_проверки_на_ндс_5_07_для_KeApi_должны.ПризнНал9" time="0.0042500" />
    <testcase classname="Kontur.Forms.CrossChecks.IntegrationTests.Client.FunctionalTests.Nds" name="Nds.Кросс_проверки_на_ндс_5_07_для_KeApi_должны.ПризнНал10" time="0.0023720" />
    <testcase classname="Kontur.Forms.CrossChecks.IntegrationTests.Client.FunctionalTests.Nds" name="Nds.Кросс_проверки_на_ндс_5_07_для_KeApi_должны.ПризнНал11" time="0.0034120" />
    <testcase classname="Kontur.Forms.CrossChecks.IntegrationTests.Client.FunctionalTests.Nds" name="Nds.Кросс_проверки_на_ндс_5_07_для_KeApi_должны.ПризнНал12" time="0.0031040" />
    <testcase classname="Kontur.Forms.CrossChecks.IntegrationTests.Client.FunctionalTests.Nds" name="Nds.Кросс_проверки_на_ндс_5_07_для_KeApi_должны.Возвращать_лог_с_нужной_ошибкой_если_загружен_файл_ВыстСчФ_173_5_но_в_декларации_не_содержится_информация_о_нем" time="0.0043010" />
    <testcase classname="Kontur.Forms.CrossChecks.IntegrationTests.Client.FunctionalTests.Nds" name="Nds.Кросс_проверки_на_ндс_5_07_для_KeApi_должны.Возвращать_лог_с_нужной_ошибкой_если_загружен_файл_ЖУчВыстСчФ_но_в_декларации_не_содержится_информация_о_нем" time="0.0033670" />
    <testcase classname="Kontur.Forms.CrossChecks.IntegrationTests.Client.FunctionalTests.Nds" name="Nds.Кросс_проверки_на_ндс_5_07_для_KeApi_должны.Возвращать_лог_с_нужной_ошибкой_если_загружен_файл_КнигаПокуп_но_в_декларации_не_содержится_информация_о_нем" time="0.0046220" />
    <testcase classname="Kontur.Forms.CrossChecks.IntegrationTests.Client.FunctionalTests.Nds" name="Nds.Кросс_проверки_на_ндс_5_07_для_KeApi_должны.Возвращать_лог_с_нужной_ошибкой_если_загружен_файл_КнигаПрод_но_в_декларации_не_содержится_информация_о_нем" time="0.0033910" />
    <testcase classname="Kontur.Forms.CrossChecks.IntegrationTests.Client.FunctionalTests.Nds" name="Nds.Кросс_проверки_на_ндс_5_07_для_KeApi_должны.Возвращать_лог_с_нужной_ошибкой_если_загружен_файл_ЖУчПолучСчФ_но_в_декларации_не_содержится_информация_о_нем" time="0.0051009" />
    <testcase classname="Kontur.Forms.CrossChecks.IntegrationTests.Client.FunctionalTests.Nds" name="Nds.Кросс_проверки_на_ндс_5_07_для_KeApi_должны.Возвращать_лог_с_нужной_ошибкой_если_загружен_файл_КнигаПокупДЛ_но_в_декларации_не_содержится_информация_о_нем" time="0.0044020" />
    <testcase classname="Kontur.Forms.CrossChecks.IntegrationTests.Client.FunctionalTests.Nds" name="Nds.Кросс_проверки_на_ндс_5_07_для_KeApi_должны.не предоставлена книга покупок" time="0.0020460" />
    <testcase classname="Kontur.Forms.CrossChecks.IntegrationTests.Client.FunctionalTests.Nds" name="Nds.Кросс_проверки_на_ндс_5_07_для_KeApi_должны.не предоставлена книга покупок" time="0.0019210" />
    <testcase classname="Kontur.Forms.CrossChecks.IntegrationTests.Client.FunctionalTests.Nds" name="Nds.Кросс_проверки_на_ндс_5_07_для_KeApi_должны.не предоставлена книга покупок" time="0.0027840" />
    <testcase classname="Kontur.Forms.CrossChecks.IntegrationTests.Client.FunctionalTests.Nds" name="Nds.Кросс_проверки_на_ндс_5_07_для_KeApi_должны.не предоставлена книга продаж" time="0.0014580" />
    <testcase classname="Kontur.Forms.CrossChecks.IntegrationTests.Client.FunctionalTests.Nds" name="Nds.Кросс_проверки_на_ндс_5_07_для_KeApi_должны.Возвращать_лог_с_нужной_ошибкой_если_загружен_файл_КнигаПродДЛ_но_в_декларации_не_содержится_информация_о_нем" time="0.0045720" />
    <testcase classname="Kontur.Forms.CrossChecks.IntegrationTests.Client.FunctionalTests.Nds" name="Nds.Кросс_проверки_на_ндс_5_07_для_KeApi_должны.не предоставлена книга продаж" time="0.0019350" />
    <testcase classname="Kontur.Forms.CrossChecks.IntegrationTests.Client.FunctionalTests.Nds" name="Nds.Кросс_проверки_на_ндс_5_07_для_KeApi_должны.не предоставлен журнал СФ 173.5" time="0.0014220" />
    <testcase classname="Kontur.Forms.CrossChecks.IntegrationTests.Client.FunctionalTests.Nds" name="Nds.Кросс_проверки_на_ндс_5_07_для_KeApi_должны.не предоставлена книга продаж" time="0.0024210" />
    <testcase classname="Kontur.Forms.CrossChecks.IntegrationTests.Client.FunctionalTests.Nds" name="Nds.Кросс_проверки_на_ндс_5_07_для_KeApi_должны.Возвращать_пустой_лог_ошибок_если_нет_ни_одного_приложения_и_нет_информации_о_них_в_декларации" time="0.0022230" />
    <testcase classname="Kontur.Forms.CrossChecks.IntegrationTests.Client.FunctionalTests.Nds" name="Nds.Кросс_проверки_на_ндс_5_07_для_KeApi_должны.Возвращать_пустой_лог_ошибок_если_загружены_все_приложения_и_в_декларации_есть_информации_о_них_" time="0.0056590" />
    <testcase classname="Kontur.Forms.CrossChecks.IntegrationTests.Client.FunctionalTests.Fss.FssFunctionalTests" name="FssFunctionalTests.UnfinishedControlPeriod2_4fss(&quot;2018-12-31&quot;,&quot;4fss_UnfinishedControlPeriod2&quot;,&quot;4fss_WithLikv_False.xml&quot;,&quot;errorLog.xml&quot;)" time="5.7484849" />
    <testcase classname="Kontur.Forms.CrossChecks.IntegrationTests.Client.FunctionalTests.Fss.FssFunctionalTests" name="FssFunctionalTests.UnfinishedControlPeriod2_4fss(&quot;2018-12-20&quot;,&quot;4fss_UnfinishedControlPeriod2&quot;,&quot;4fss_WithLikv_True.xml&quot;,&quot;errorLog.xml&quot;)" time="5.7490330" />
    <testcase classname="Kontur.Forms.CrossChecks.IntegrationTests.Client.FunctionalTests.Fss.FssFunctionalTests" name="FssFunctionalTests.UnfinishedControlPeriod2_4fss(&quot;2018-01-01&quot;,&quot;4fss_UnfinishedControlPeriod2&quot;,&quot;4fss_WithLikv_True.xml&quot;,&quot;errorLog_withPeriodError.xml&quot;)" time="5.7507190" />
    <testcase classname="Kontur.Forms.CrossChecks.IntegrationTests.Client.FunctionalTests.Fss.FssFunctionalTests" name="FssFunctionalTests.UnfinishedControlPeriod2_4fss(&quot;2018-12-20&quot;,&quot;4fss_UnfinishedControlPeriod2&quot;,&quot;4fss.xml&quot;,&quot;errorLog_withPeriodError.xml&quot;)" time="5.7525220" />
    <testcase classname="Kontur.Forms.CrossChecks.IntegrationTests.Client.FunctionalTests.Fss.FssFunctionalTests" name="FssFunctionalTests.UnfinishedControlPeriod2_4fss(&quot;2018-12-31&quot;,&quot;4fss_UnfinishedControlPeriod2&quot;,&quot;4fss.xml&quot;,&quot;errorLog.xml&quot;)" time="5.7752869" />
    <testcase classname="Kontur.Forms.CrossChecks.IntegrationTests.Client.FunctionalTests.Fss.FssFunctionalTests" name="FssFunctionalTests.UnfinishedControlPeriod2_4fss(&quot;2018-12-20&quot;,&quot;4fss_UnfinishedControlPeriod2&quot;,&quot;4fss_WithLikv_False.xml&quot;,&quot;errorLog_withPeriodError.xml&quot;)" time="5.7764220" />
    <system-out>https://yt.skbkontur.ru/issue/FO-4345
https://yt.skbkontur.ru/issue/FO-4345
https://yt.skbkontur.ru/issue/FO-4345
https://yt.skbkontur.ru/issue/FO-4345
https://yt.skbkontur.ru/issue/FO-4345
https://yt.skbkontur.ru/issue/FO-4345
https://yt.skbkontur.ru/issue/FO-4345
https://yt.skbkontur.ru/issue/FO-4345
https://yt.skbkontur.ru/issue/FO-4345
https://yt.skbkontur.ru/issue/FO-4345
https://yt.skbkontur.ru/issue/FO-4345
https://yt.skbkontur.ru/issue/FO-4345
https://yt.skbkontur.ru/issue/FO-4345
https://yt.skbkontur.ru/issue/FO-4345
https://yt.skbkontur.ru/issue/FO-4345
https://yt.skbkontur.ru/issue/FO-4345
https://yt.skbkontur.ru/issue/FO-4345
https://yt.skbkontur.ru/issue/FO-4345
https://yt.skbkontur.ru/issue/FO-4345
https://yt.skbkontur.ru/issue/FO-4345
https://yt.skbkontur.ru/issue/FO-4345
https://yt.skbkontur.ru/issue/FO-4345
https://yt.skbkontur.ru/issue/FO-4345
https://yt.skbkontur.ru/issue/FO-4345
https://yt.skbkontur.ru/issue/FO-4345
https://yt.skbkontur.ru/issue/FO-4345
https://yt.skbkontur.ru/issue/FO-4345
https://yt.skbkontur.ru/issue/FO-4345
https://yt.skbkontur.ru/issue/FO-4345
https://yt.skbkontur.ru/issue/FO-4345
https://yt.skbkontur.ru/issue/FO-4345
https://yt.skbkontur.ru/issue/FO-4345
https://yt.skbkontur.ru/issue/FO-4345
https://yt.skbkontur.ru/issue/FO-4345
https://yt.skbkontur.ru/issue/FO-4345
https://yt.skbkontur.ru/issue/FO-4345
https://yt.skbkontur.ru/issue/FO-4345
https://yt.skbkontur.ru/issue/FO-4345
https://yt.skbkontur.ru/issue/FO-4345
https://yt.skbkontur.ru/issue/FO-4345
https://yt.skbkontur.ru/issue/FO-4345
https://yt.skbkontur.ru/issue/FO-4345
https://yt.skbkontur.ru/issue/FO-4345
https://yt.skbkontur.ru/issue/FO-4345
https://yt.skbkontur.ru/issue/FO-4345
https://yt.skbkontur.ru/issue/FO-4345
https://yt.skbkontur.ru/issue/FO-4345
https://yt.skbkontur.ru/issue/FO-4345

Test Framework Informational Messages:
NUnit Adapter 4.5.0.0: Test execution started
Running all tests in /builds/forms/forms/forms.crosschecks/CrossChecks.IntegrationTests/bin/Forms.CrossChecks.IntegrationTests.dll
   NUnit3TestExecutor discovered 1342 of 1342 NUnit test cases using Current Discovery mode, Non-Explicit run
AvansiNaImushestvo_245_EmptyKpp_Error: https://yt.skbkontur.ru/issue/FO-4345
AvansiNaImushestvo_PoMestu214_EmptyKpp_Error: https://yt.skbkontur.ru/issue/FO-4345
AvansiNaImushestvo_PoMestu214_UnregisteredKPP_Error: https://yt.skbkontur.ru/issue/FO-4345
AvansiNaImushestvo_PoMestu215_EmptyKpp_Error: https://yt.skbkontur.ru/issue/FO-4345
AvansiNaImushestvo_PoMestu215_UnregisteredKPP_Error: https://yt.skbkontur.ru/issue/FO-4345
AvansiNaImushestvo_PoMestu221_EmptyKpp_Error: https://yt.skbkontur.ru/issue/FO-4345
AvansiNaImushestvo_PoMestu221_UnregisteredKPP_Error: https://yt.skbkontur.ru/issue/FO-4345
AvansiNaImushestvo_PoMestu245_UnregisteredKPP_Error: https://yt.skbkontur.ru/issue/FO-4345
NalogNaImushestvo_PoMestu214_EmptyKpp_Error: https://yt.skbkontur.ru/issue/FO-4345
NalogNaImushestvo_PoMestu214_UnregisteredKPP_Error: https://yt.skbkontur.ru/issue/FO-4345
NalogNaImushestvo_PoMestu215_EmptyKpp_Error: https://yt.skbkontur.ru/issue/FO-4345
NalogNaImushestvo_PoMestu215_UnregisteredKPP_Error: https://yt.skbkontur.ru/issue/FO-4345
NalogNaImushestvo_PoMestu221_EmptyKpp_Error: https://yt.skbkontur.ru/issue/FO-4345
NalogNaImushestvo_PoMestu221_UnregisteredKPP_Error: https://yt.skbkontur.ru/issue/FO-4345
NalogNaImushestvo_PoMestu245_EmptyKpp_Error: https://yt.skbkontur.ru/issue/FO-4345
NalogNaImushestvo_PoMestu245_UnregisteredKPP_Error: https://yt.skbkontur.ru/issue/FO-4345
NDFL_6_PoMestu212_EmptyKpp_Error: https://yt.skbkontur.ru/issue/FO-4345
NDFL_6_PoMestu212_UnregisteredKPP_Error: https://yt.skbkontur.ru/issue/FO-4345
Pribil_PoMestu213_UnregisteredKpp_Error: https://yt.skbkontur.ru/issue/FO-4345
Pribil_PoMestu214_EmptyKpp_Error: https://yt.skbkontur.ru/issue/FO-4345
Pribil_PoMestu214_UnregisteredKPP_Error: https://yt.skbkontur.ru/issue/FO-4345
Pribil_PoMestu215_EmptyKpp_Error: https://yt.skbkontur.ru/issue/FO-4345
Pribil_PoMestu215_UnregisteredKPP_Error: https://yt.skbkontur.ru/issue/FO-4345
Pribil_PoMestu216_EmptyKpp_Error: https://yt.skbkontur.ru/issue/FO-4345
Pribil_PoMestu216_UnregisteredKPP_Error: https://yt.skbkontur.ru/issue/FO-4345
Pribil_PoMestu220_EmptyKpp_Error: https://yt.skbkontur.ru/issue/FO-4345
Pribil_PoMestu220_UnregisteredKPP_Error: https://yt.skbkontur.ru/issue/FO-4345
Pribil_PoMestu225_EmptyKpp_Error: https://yt.skbkontur.ru/issue/FO-4345
Pribil_PoMestu225_UnregisteredKPP_Error: https://yt.skbkontur.ru/issue/FO-4345
Pribil_PoMestu226_UnregisteredKPP_Error: https://yt.skbkontur.ru/issue/FO-4345
Pribil_PoMestu226UnregisteredKPP_EmptyKpp_Error: https://yt.skbkontur.ru/issue/FO-4345
Pribil_PoMestu228_UnregisteredKPP_Error: https://yt.skbkontur.ru/issue/FO-4345
Pribil_PoMestu228UnregisteredKPP_EmptyKpp_Error: https://yt.skbkontur.ru/issue/FO-4345
Pribil_PoMestu229_UnregisteredKPP_Error: https://yt.skbkontur.ru/issue/FO-4345
Pribil_PoMestu229UnregisteredKPP_EmptyKpp_Error: https://yt.skbkontur.ru/issue/FO-4345
Pribil_PoMestu231_EmptyKpp_Error: https://yt.skbkontur.ru/issue/FO-4345
Pribil_PoMestu231_UnregisteredKPP_Error: https://yt.skbkontur.ru/issue/FO-4345
Pribil_PoMestu234_EmptyKpp_Error: https://yt.skbkontur.ru/issue/FO-4345
Pribil_PoMestu234_UnregisteredKPP_Error: https://yt.skbkontur.ru/issue/FO-4345
Pribil_PoMestu235_EmptyKpp_Error: https://yt.skbkontur.ru/issue/FO-4345
Pribil_PoMestu235_UnregisteredKPP_Error: https://yt.skbkontur.ru/issue/FO-4345
Pribil_PoMestu236_EmptyKpp_Error: https://yt.skbkontur.ru/issue/FO-4345
Pribil_PoMestu236_UnregisteredKPP_Error: https://yt.skbkontur.ru/issue/FO-4345
Pribil_PoMestu237_EmptyKpp_Error: https://yt.skbkontur.ru/issue/FO-4345
Pribil_PoMestu237_UnregisteredKPP_Error: https://yt.skbkontur.ru/issue/FO-4345
RSV_UnregisteredKPP_Error: https://yt.skbkontur.ru/issue/FO-4345
UtilSM_210_EmptyKpp_Error: https://yt.skbkontur.ru/issue/FO-4345
UtilSM_UnregisteredKPP_Error: https://yt.skbkontur.ru/issue/FO-4345
NUnit Adapter 4.5.0.0: Test execution complete
</system-out>
    <system-err></system-err>
  </testsuite>
</testsuites>